<?xml version="1.0" encoding="UTF-8"?>
<robot generator="Robot 4.1.2 (Python 3.9.5 on win32)" generated="20211210 12:29:01.473" rpa="false" schemaversion="2">
<suite id="s1" name="NegativeScenerios" source="C:\Users\Seda\PycharmProjects\Aktia\TestCases\NegativeScenerios.robot">
<test id="s1-t1" name="Implement Negative Scenerios">
<kw name="Open Browser and Setup" library="Resources" type="SETUP">
<kw name="Open Browser" library="SeleniumLibrary">
<arg>${url}</arg>
<arg>${browser}</arg>
<doc>Opens a new browser instance to the optional ``url``.</doc>
<msg timestamp="20211210 12:29:03.262" level="INFO">Opening browser 'Chrome' to base url 'https://www.aktia.fi/fi/yritysasiakkaat/viitenumerolaskuri'.</msg>
<status status="PASS" starttime="20211210 12:29:03.261" endtime="20211210 12:29:08.117"/>
</kw>
<kw name="Maximize Browser Window" library="SeleniumLibrary">
<doc>Maximizes current browser window.</doc>
<status status="PASS" starttime="20211210 12:29:08.118" endtime="20211210 12:29:08.380"/>
</kw>
<kw name="Set Selenium Implicit Wait" library="SeleniumLibrary">
<arg>${time_out}</arg>
<doc>Sets the implicit wait value used by Selenium.</doc>
<status status="PASS" starttime="20211210 12:29:08.380" endtime="20211210 12:29:08.405"/>
</kw>
<kw name="Click Element When Visible" library="Resources">
<arg>${accept_cookies}</arg>
<kw name="Wait Until Element Is Visible" library="SeleniumLibrary">
<arg>${argument_locater}</arg>
<arg>${time_out}</arg>
<doc>Waits until the element ``locator`` is visible.</doc>
<status status="PASS" starttime="20211210 12:29:08.407" endtime="20211210 12:29:08.991"/>
</kw>
<kw name="Run Keyword And Ignore Error" library="BuiltIn">
<arg>scroll element into view</arg>
<arg>${argument_locater}</arg>
<doc>Runs the given keyword with the given arguments and ignores possible error.</doc>
<kw name="Scroll Element Into View" library="SeleniumLibrary">
<arg>${argument_locater}</arg>
<doc>Scrolls the element identified by ``locator`` into view.</doc>
<status status="PASS" starttime="20211210 12:29:08.992" endtime="20211210 12:29:09.426"/>
</kw>
<status status="PASS" starttime="20211210 12:29:08.992" endtime="20211210 12:29:09.426"/>
</kw>
<kw name="Mouse Over" library="SeleniumLibrary">
<arg>${argument_locater}</arg>
<doc>Simulates hovering the mouse over the element ``locator``.</doc>
<msg timestamp="20211210 12:29:09.427" level="INFO">Simulating Mouse Over on element '//*[contains(text(),'Hyväksy kaikki evästeet')]'.</msg>
<status status="PASS" starttime="20211210 12:29:09.426" endtime="20211210 12:29:10.010"/>
</kw>
<kw name="Set Focus To Element" library="SeleniumLibrary">
<arg>${argument_locater}</arg>
<doc>Sets the focus to the element identified by ``locator``.</doc>
<status status="PASS" starttime="20211210 12:29:10.010" endtime="20211210 12:29:10.060"/>
</kw>
<kw name="Click Element" library="SeleniumLibrary">
<arg>${argument_locater}</arg>
<doc>Click the element identified by ``locator``.</doc>
<msg timestamp="20211210 12:29:10.062" level="INFO">Clicking element '//*[contains(text(),'Hyväksy kaikki evästeet')]'.</msg>
<status status="PASS" starttime="20211210 12:29:10.061" endtime="20211210 12:29:10.387"/>
</kw>
<status status="PASS" starttime="20211210 12:29:08.406" endtime="20211210 12:29:10.388"/>
</kw>
<kw name="Click Element If Visible" library="Resources">
<arg>${close_chatbox}</arg>
<kw name="Set Selenium Implicit Wait" library="SeleniumLibrary">
<arg>1</arg>
<doc>Sets the implicit wait value used by Selenium.</doc>
<status status="PASS" starttime="20211210 12:29:10.388" endtime="20211210 12:29:10.390"/>
</kw>
<kw name="Get Element Count" library="SeleniumLibrary">
<var>${count}</var>
<arg>${argument_element}</arg>
<doc>Returns the number of elements matching ``locator``.</doc>
<msg timestamp="20211210 12:29:11.494" level="INFO">${count} = 0</msg>
<status status="PASS" starttime="20211210 12:29:10.390" endtime="20211210 12:29:11.494"/>
</kw>
<if>
<branch type="IF" condition="${count} &gt; 0">
<kw name="Click Element" library="SeleniumLibrary">
<arg>${argument_element}</arg>
<doc>Click the element identified by ``locator``.</doc>
<status status="NOT RUN" starttime="20211210 12:29:11.496" endtime="20211210 12:29:11.496"/>
</kw>
<status status="NOT RUN" starttime="20211210 12:29:11.495" endtime="20211210 12:29:11.496"/>
</branch>
<status status="PASS" starttime="20211210 12:29:11.495" endtime="20211210 12:29:11.496"/>
</if>
<kw name="Set Selenium Implicit Wait" library="SeleniumLibrary">
<arg>${time_out}</arg>
<doc>Sets the implicit wait value used by Selenium.</doc>
<status status="PASS" starttime="20211210 12:29:11.496" endtime="20211210 12:29:11.500"/>
</kw>
<status status="PASS" starttime="20211210 12:29:10.388" endtime="20211210 12:29:11.500"/>
</kw>
<status status="PASS" starttime="20211210 12:29:03.260" endtime="20211210 12:29:11.501"/>
</kw>
<kw name="Verify Error Message">
<arg>12345678912345678912</arg>
<kw name="Provide Reference Number" library="Resources">
<arg>${base_number}</arg>
<kw name="Input Text" library="SeleniumLibrary">
<arg>${reference_number_base}</arg>
<arg>${base_number}</arg>
<doc>Types the given ``text`` into the text field identified by ``locator``.</doc>
<msg timestamp="20211210 12:29:11.503" level="INFO">Typing text '12345678912345678912' into text field '//*[@name='referenceNumberBase']'.</msg>
<status status="PASS" starttime="20211210 12:29:11.502" endtime="20211210 12:29:12.059"/>
</kw>
<kw name="Select From List By Index" library="SeleniumLibrary">
<arg>${reference_number_dropdown}</arg>
<arg>2</arg>
<doc>Selects options from selection list ``locator`` by ``indexes``.</doc>
<msg timestamp="20211210 12:29:12.059" level="INFO">Selecting options from selection list '(//*[@class='input-group']/*)[2]' by index 2.</msg>
<status status="PASS" starttime="20211210 12:29:12.059" endtime="20211210 12:29:12.185"/>
</kw>
<kw name="Sleep" library="BuiltIn">
<arg>2</arg>
<doc>Pauses the test executed for the given time.</doc>
<msg timestamp="20211210 12:29:14.186" level="INFO">Slept 2 seconds</msg>
<status status="PASS" starttime="20211210 12:29:12.185" endtime="20211210 12:29:14.186"/>
</kw>
<kw name="Click Element If Visible" library="Resources">
<arg>${close_chatbox}</arg>
<kw name="Set Selenium Implicit Wait" library="SeleniumLibrary">
<arg>1</arg>
<doc>Sets the implicit wait value used by Selenium.</doc>
<status status="PASS" starttime="20211210 12:29:14.188" endtime="20211210 12:29:14.190"/>
</kw>
<kw name="Get Element Count" library="SeleniumLibrary">
<var>${count}</var>
<arg>${argument_element}</arg>
<doc>Returns the number of elements matching ``locator``.</doc>
<msg timestamp="20211210 12:29:15.205" level="INFO">${count} = 0</msg>
<status status="PASS" starttime="20211210 12:29:14.190" endtime="20211210 12:29:15.205"/>
</kw>
<if>
<branch type="IF" condition="${count} &gt; 0">
<kw name="Click Element" library="SeleniumLibrary">
<arg>${argument_element}</arg>
<doc>Click the element identified by ``locator``.</doc>
<status status="NOT RUN" starttime="20211210 12:29:15.205" endtime="20211210 12:29:15.205"/>
</kw>
<status status="NOT RUN" starttime="20211210 12:29:15.205" endtime="20211210 12:29:15.206"/>
</branch>
<status status="PASS" starttime="20211210 12:29:15.205" endtime="20211210 12:29:15.206"/>
</if>
<kw name="Set Selenium Implicit Wait" library="SeleniumLibrary">
<arg>${time_out}</arg>
<doc>Sets the implicit wait value used by Selenium.</doc>
<status status="PASS" starttime="20211210 12:29:15.206" endtime="20211210 12:29:15.207"/>
</kw>
<status status="PASS" starttime="20211210 12:29:14.187" endtime="20211210 12:29:15.207"/>
</kw>
<kw name="Click Element When Visible" library="Resources">
<arg>${kansainvalinen_viitenumero}</arg>
<kw name="Wait Until Element Is Visible" library="SeleniumLibrary">
<arg>${argument_locater}</arg>
<arg>${time_out}</arg>
<doc>Waits until the element ``locator`` is visible.</doc>
<status status="PASS" starttime="20211210 12:29:15.208" endtime="20211210 12:29:15.270"/>
</kw>
<kw name="Run Keyword And Ignore Error" library="BuiltIn">
<arg>scroll element into view</arg>
<arg>${argument_locater}</arg>
<doc>Runs the given keyword with the given arguments and ignores possible error.</doc>
<kw name="Scroll Element Into View" library="SeleniumLibrary">
<arg>${argument_locater}</arg>
<doc>Scrolls the element identified by ``locator`` into view.</doc>
<status status="PASS" starttime="20211210 12:29:15.271" endtime="20211210 12:29:15.570"/>
</kw>
<status status="PASS" starttime="20211210 12:29:15.271" endtime="20211210 12:29:15.570"/>
</kw>
<kw name="Mouse Over" library="SeleniumLibrary">
<arg>${argument_locater}</arg>
<doc>Simulates hovering the mouse over the element ``locator``.</doc>
<msg timestamp="20211210 12:29:15.570" level="INFO">Simulating Mouse Over on element '//*[contains(text(),'Kansainvälinen viitenumero')]/..'.</msg>
<status status="PASS" starttime="20211210 12:29:15.570" endtime="20211210 12:29:15.869"/>
</kw>
<kw name="Set Focus To Element" library="SeleniumLibrary">
<arg>${argument_locater}</arg>
<doc>Sets the focus to the element identified by ``locator``.</doc>
<status status="PASS" starttime="20211210 12:29:15.870" endtime="20211210 12:29:15.889"/>
</kw>
<kw name="Click Element" library="SeleniumLibrary">
<arg>${argument_locater}</arg>
<doc>Click the element identified by ``locator``.</doc>
<msg timestamp="20211210 12:29:15.890" level="INFO">Clicking element '//*[contains(text(),'Kansainvälinen viitenumero')]/..'.</msg>
<status status="PASS" starttime="20211210 12:29:15.890" endtime="20211210 12:29:16.260"/>
</kw>
<status status="PASS" starttime="20211210 12:29:15.207" endtime="20211210 12:29:16.261"/>
</kw>
<kw name="Sleep" library="BuiltIn">
<arg>2</arg>
<doc>Pauses the test executed for the given time.</doc>
<msg timestamp="20211210 12:29:18.263" level="INFO">Slept 2 seconds</msg>
<status status="PASS" starttime="20211210 12:29:16.262" endtime="20211210 12:29:18.264"/>
</kw>
<kw name="Click Element If Visible" library="Resources">
<arg>${close_chatbox}</arg>
<kw name="Set Selenium Implicit Wait" library="SeleniumLibrary">
<arg>1</arg>
<doc>Sets the implicit wait value used by Selenium.</doc>
<status status="PASS" starttime="20211210 12:29:18.265" endtime="20211210 12:29:18.266"/>
</kw>
<kw name="Get Element Count" library="SeleniumLibrary">
<var>${count}</var>
<arg>${argument_element}</arg>
<doc>Returns the number of elements matching ``locator``.</doc>
<msg timestamp="20211210 12:29:19.319" level="INFO">${count} = 0</msg>
<status status="PASS" starttime="20211210 12:29:18.267" endtime="20211210 12:29:19.319"/>
</kw>
<if>
<branch type="IF" condition="${count} &gt; 0">
<kw name="Click Element" library="SeleniumLibrary">
<arg>${argument_element}</arg>
<doc>Click the element identified by ``locator``.</doc>
<status status="NOT RUN" starttime="20211210 12:29:19.320" endtime="20211210 12:29:19.320"/>
</kw>
<status status="NOT RUN" starttime="20211210 12:29:19.319" endtime="20211210 12:29:19.320"/>
</branch>
<status status="PASS" starttime="20211210 12:29:19.319" endtime="20211210 12:29:19.320"/>
</if>
<kw name="Set Selenium Implicit Wait" library="SeleniumLibrary">
<arg>${time_out}</arg>
<doc>Sets the implicit wait value used by Selenium.</doc>
<status status="PASS" starttime="20211210 12:29:19.320" endtime="20211210 12:29:19.321"/>
</kw>
<status status="PASS" starttime="20211210 12:29:18.264" endtime="20211210 12:29:19.322"/>
</kw>
<kw name="Sleep" library="BuiltIn">
<arg>1</arg>
<doc>Pauses the test executed for the given time.</doc>
<msg timestamp="20211210 12:29:20.323" level="INFO">Slept 1 second</msg>
<status status="PASS" starttime="20211210 12:29:19.322" endtime="20211210 12:29:20.323"/>
</kw>
<kw name="Click Element When Visible" library="Resources">
<arg>${laske}</arg>
<kw name="Wait Until Element Is Visible" library="SeleniumLibrary">
<arg>${argument_locater}</arg>
<arg>${time_out}</arg>
<doc>Waits until the element ``locator`` is visible.</doc>
<status status="PASS" starttime="20211210 12:29:20.323" endtime="20211210 12:29:20.454"/>
</kw>
<kw name="Run Keyword And Ignore Error" library="BuiltIn">
<arg>scroll element into view</arg>
<arg>${argument_locater}</arg>
<doc>Runs the given keyword with the given arguments and ignores possible error.</doc>
<kw name="Scroll Element Into View" library="SeleniumLibrary">
<arg>${argument_locater}</arg>
<doc>Scrolls the element identified by ``locator`` into view.</doc>
<kw name="Capture Page Screenshot" library="SeleniumLibrary">
<doc>Takes a screenshot of the current page and embeds it into a log file.</doc>
<msg timestamp="20211210 12:29:20.835" level="INFO" html="true">&lt;/td&gt;&lt;/tr&gt;&lt;tr&gt;&lt;td colspan="3"&gt;&lt;a href="selenium-screenshot-14.png"&gt;&lt;img src="selenium-screenshot-14.png" width="800px"&gt;&lt;/a&gt;</msg>
<status status="PASS" starttime="20211210 12:29:20.498" endtime="20211210 12:29:20.835"/>
</kw>
<msg timestamp="20211210 12:29:20.848" level="FAIL">MoveTargetOutOfBoundsException: Message: move target out of bounds
  (Session info: chrome=96.0.4664.45)
Stacktrace:
Backtrace:
	Ordinal0 [0x008E6903+2517251]
	Ordinal0 [0x0087F8E1+2095329]
	Ordinal0 [0x00782710+1058576]
	Ordinal0 [0x007DD1C4+1429956]
	Ordinal0 [0x007C64D3+1336531]
	Ordinal0 [0x007D5BBF+1399743]
	Ordinal0 [0x007C639B+1336219]
	Ordinal0 [0x007A27A7+1189799]
	Ordinal0 [0x007A3609+1193481]
	GetHandleVerifier [0x00A75904+1577972]
	GetHandleVerifier [0x00B20B97+2279047]
	GetHandleVerifier [0x00976D09+534521]
	GetHandleVerifier [0x00975DB9+530601]
	Ordinal0 [0x00884FF9+2117625]
	Ordinal0 [0x008898A8+2136232]
	Ordinal0 [0x008899E2+2136546]
	Ordinal0 [0x00893541+2176321]
	BaseThreadInitThunk [0x773BFA29+25]
	RtlGetAppContainerNamedObjectPath [0x775C7A9E+286]
	RtlGetAppContainerNamedObjectPath [0x775C7A6E+238]
</msg>
<status status="FAIL" starttime="20211210 12:29:20.470" endtime="20211210 12:29:20.849"/>
</kw>
<status status="PASS" starttime="20211210 12:29:20.454" endtime="20211210 12:29:20.849"/>
</kw>
<kw name="Mouse Over" library="SeleniumLibrary">
<arg>${argument_locater}</arg>
<doc>Simulates hovering the mouse over the element ``locator``.</doc>
<msg timestamp="20211210 12:29:20.849" level="INFO">Simulating Mouse Over on element '//*[contains(text(),'Laske')]'.</msg>
<status status="PASS" starttime="20211210 12:29:20.849" endtime="20211210 12:29:21.138"/>
</kw>
<kw name="Set Focus To Element" library="SeleniumLibrary">
<arg>${argument_locater}</arg>
<doc>Sets the focus to the element identified by ``locator``.</doc>
<status status="PASS" starttime="20211210 12:29:21.138" endtime="20211210 12:29:21.164"/>
</kw>
<kw name="Click Element" library="SeleniumLibrary">
<arg>${argument_locater}</arg>
<doc>Click the element identified by ``locator``.</doc>
<msg timestamp="20211210 12:29:21.165" level="INFO">Clicking element '//*[contains(text(),'Laske')]'.</msg>
<status status="PASS" starttime="20211210 12:29:21.164" endtime="20211210 12:29:21.226"/>
</kw>
<status status="PASS" starttime="20211210 12:29:20.323" endtime="20211210 12:29:21.227"/>
</kw>
<status status="PASS" starttime="20211210 12:29:11.502" endtime="20211210 12:29:21.227"/>
</kw>
<kw name="Click Element If Visible" library="Resources">
<arg>${close_chatbox}</arg>
<kw name="Set Selenium Implicit Wait" library="SeleniumLibrary">
<arg>1</arg>
<doc>Sets the implicit wait value used by Selenium.</doc>
<status status="PASS" starttime="20211210 12:29:21.228" endtime="20211210 12:29:21.231"/>
</kw>
<kw name="Get Element Count" library="SeleniumLibrary">
<var>${count}</var>
<arg>${argument_element}</arg>
<doc>Returns the number of elements matching ``locator``.</doc>
<msg timestamp="20211210 12:29:22.291" level="INFO">${count} = 1</msg>
<status status="PASS" starttime="20211210 12:29:21.231" endtime="20211210 12:29:22.291"/>
</kw>
<if>
<branch type="IF" condition="${count} &gt; 0">
<kw name="Click Element" library="SeleniumLibrary">
<arg>${argument_element}</arg>
<doc>Click the element identified by ``locator``.</doc>
<msg timestamp="20211210 12:29:22.292" level="INFO">Clicking element '//*[@title='Sulje']'.</msg>
<status status="PASS" starttime="20211210 12:29:22.291" endtime="20211210 12:29:22.424"/>
</kw>
<status status="PASS" starttime="20211210 12:29:22.291" endtime="20211210 12:29:22.425"/>
</branch>
<status status="PASS" starttime="20211210 12:29:22.291" endtime="20211210 12:29:22.425"/>
</if>
<kw name="Set Selenium Implicit Wait" library="SeleniumLibrary">
<arg>${time_out}</arg>
<doc>Sets the implicit wait value used by Selenium.</doc>
<status status="PASS" starttime="20211210 12:29:22.425" endtime="20211210 12:29:22.427"/>
</kw>
<status status="PASS" starttime="20211210 12:29:21.227" endtime="20211210 12:29:22.427"/>
</kw>
<kw name="Get Length" library="BuiltIn">
<var>${lenght_base_number}</var>
<arg>${base_number}</arg>
<doc>Returns and logs the length of the given item as an integer.</doc>
<msg timestamp="20211210 12:29:22.430" level="INFO">Length is 20</msg>
<msg timestamp="20211210 12:29:22.430" level="INFO">${lenght_base_number} = 20</msg>
<status status="PASS" starttime="20211210 12:29:22.429" endtime="20211210 12:29:22.430"/>
</kw>
<if>
<branch type="IF" condition="${lenght_base_number} &lt; 3">
<kw name="Sleep" library="BuiltIn">
<arg>1</arg>
<doc>Pauses the test executed for the given time.</doc>
<status status="NOT RUN" starttime="20211210 12:29:22.431" endtime="20211210 12:29:22.431"/>
</kw>
<kw name="Element Should Be Visible" library="SeleniumLibrary">
<arg>${error_message}</arg>
<doc>Verifies that the element identified by ``locator`` is visible.</doc>
<status status="NOT RUN" starttime="20211210 12:29:22.432" endtime="20211210 12:29:22.432"/>
</kw>
<status status="NOT RUN" starttime="20211210 12:29:22.430" endtime="20211210 12:29:22.432"/>
</branch>
<branch type="ELSE IF" condition="${lenght_base_number} &gt; 19">
<kw name="Sleep" library="BuiltIn">
<arg>2</arg>
<doc>Pauses the test executed for the given time.</doc>
<msg timestamp="20211210 12:29:24.436" level="INFO">Slept 2 seconds</msg>
<status status="PASS" starttime="20211210 12:29:22.433" endtime="20211210 12:29:24.436"/>
</kw>
<kw name="Get Value" library="SeleniumLibrary">
<var>${lenght_input_base}</var>
<arg>//*[@name='referenceNumberBase']</arg>
<doc>Returns the value attribute of the element identified by ``locator``.</doc>
<msg timestamp="20211210 12:29:24.451" level="INFO">${lenght_input_base} = 1234567891234567891</msg>
<status status="PASS" starttime="20211210 12:29:24.436" endtime="20211210 12:29:24.451"/>
</kw>
<kw name="Get Length" library="BuiltIn">
<var>${lenght_input_base}</var>
<arg>${lenght_input_base}</arg>
<doc>Returns and logs the length of the given item as an integer.</doc>
<msg timestamp="20211210 12:29:24.467" level="INFO">Length is 19</msg>
<msg timestamp="20211210 12:29:24.467" level="INFO">${lenght_input_base} = 19</msg>
<status status="PASS" starttime="20211210 12:29:24.451" endtime="20211210 12:29:24.467"/>
</kw>
<kw name="Convert To String" library="BuiltIn">
<var>${lenght_input_base}</var>
<arg>${lenght_input_base}</arg>
<doc>Converts the given item to a Unicode string.</doc>
<msg timestamp="20211210 12:29:24.467" level="INFO">${lenght_input_base} = 19</msg>
<status status="PASS" starttime="20211210 12:29:24.467" endtime="20211210 12:29:24.467"/>
</kw>
<kw name="Should Be Equal" library="BuiltIn">
<arg>${lenght_input_base}</arg>
<arg>19</arg>
<doc>Fails if the given objects are unequal.</doc>
<status status="PASS" starttime="20211210 12:29:24.467" endtime="20211210 12:29:24.467"/>
</kw>
<status status="PASS" starttime="20211210 12:29:22.433" endtime="20211210 12:29:24.467"/>
</branch>
<status status="PASS" starttime="20211210 12:29:22.430" endtime="20211210 12:29:24.467"/>
</if>
<status status="PASS" starttime="20211210 12:29:11.501" endtime="20211210 12:29:24.467"/>
</kw>
<kw name="Teardown" library="Resources" type="TEARDOWN">
<kw name="Sleep" library="BuiltIn">
<arg>5</arg>
<doc>Pauses the test executed for the given time.</doc>
<msg timestamp="20211210 12:29:29.480" level="INFO">Slept 5 seconds</msg>
<status status="PASS" starttime="20211210 12:29:24.467" endtime="20211210 12:29:29.480"/>
</kw>
<kw name="Close All Browsers" library="SeleniumLibrary">
<doc>Closes all open browsers and resets the browser cache.</doc>
<status status="PASS" starttime="20211210 12:29:29.480" endtime="20211210 12:29:31.826"/>
</kw>
<status status="PASS" starttime="20211210 12:29:24.467" endtime="20211210 12:29:31.826"/>
</kw>
<status status="PASS" starttime="20211210 12:29:03.257" endtime="20211210 12:29:31.826"/>
</test>
<test id="s1-t2" name="Implement Negative Scenerios">
<kw name="Open Browser and Setup" library="Resources" type="SETUP">
<kw name="Open Browser" library="SeleniumLibrary">
<arg>${url}</arg>
<arg>${browser}</arg>
<doc>Opens a new browser instance to the optional ``url``.</doc>
<msg timestamp="20211210 12:29:31.841" level="INFO">Opening browser 'Chrome' to base url 'https://www.aktia.fi/fi/yritysasiakkaat/viitenumerolaskuri'.</msg>
<status status="PASS" starttime="20211210 12:29:31.841" endtime="20211210 12:29:35.186"/>
</kw>
<kw name="Maximize Browser Window" library="SeleniumLibrary">
<doc>Maximizes current browser window.</doc>
<status status="PASS" starttime="20211210 12:29:35.187" endtime="20211210 12:29:35.379"/>
</kw>
<kw name="Set Selenium Implicit Wait" library="SeleniumLibrary">
<arg>${time_out}</arg>
<doc>Sets the implicit wait value used by Selenium.</doc>
<status status="PASS" starttime="20211210 12:29:35.379" endtime="20211210 12:29:35.379"/>
</kw>
<kw name="Click Element When Visible" library="Resources">
<arg>${accept_cookies}</arg>
<kw name="Wait Until Element Is Visible" library="SeleniumLibrary">
<arg>${argument_locater}</arg>
<arg>${time_out}</arg>
<doc>Waits until the element ``locator`` is visible.</doc>
<status status="PASS" starttime="20211210 12:29:35.395" endtime="20211210 12:29:36.119"/>
</kw>
<kw name="Run Keyword And Ignore Error" library="BuiltIn">
<arg>scroll element into view</arg>
<arg>${argument_locater}</arg>
<doc>Runs the given keyword with the given arguments and ignores possible error.</doc>
<kw name="Scroll Element Into View" library="SeleniumLibrary">
<arg>${argument_locater}</arg>
<doc>Scrolls the element identified by ``locator`` into view.</doc>
<status status="PASS" starttime="20211210 12:29:36.126" endtime="20211210 12:29:37.280"/>
</kw>
<status status="PASS" starttime="20211210 12:29:36.119" endtime="20211210 12:29:37.280"/>
</kw>
<kw name="Mouse Over" library="SeleniumLibrary">
<arg>${argument_locater}</arg>
<doc>Simulates hovering the mouse over the element ``locator``.</doc>
<msg timestamp="20211210 12:29:37.281" level="INFO">Simulating Mouse Over on element '//*[contains(text(),'Hyväksy kaikki evästeet')]'.</msg>
<status status="PASS" starttime="20211210 12:29:37.280" endtime="20211210 12:29:37.602"/>
</kw>
<kw name="Set Focus To Element" library="SeleniumLibrary">
<arg>${argument_locater}</arg>
<doc>Sets the focus to the element identified by ``locator``.</doc>
<status status="PASS" starttime="20211210 12:29:37.602" endtime="20211210 12:29:37.653"/>
</kw>
<kw name="Click Element" library="SeleniumLibrary">
<arg>${argument_locater}</arg>
<doc>Click the element identified by ``locator``.</doc>
<msg timestamp="20211210 12:29:37.654" level="INFO">Clicking element '//*[contains(text(),'Hyväksy kaikki evästeet')]'.</msg>
<status status="PASS" starttime="20211210 12:29:37.653" endtime="20211210 12:29:37.771"/>
</kw>
<status status="PASS" starttime="20211210 12:29:35.395" endtime="20211210 12:29:37.771"/>
</kw>
<kw name="Click Element If Visible" library="Resources">
<arg>${close_chatbox}</arg>
<kw name="Set Selenium Implicit Wait" library="SeleniumLibrary">
<arg>1</arg>
<doc>Sets the implicit wait value used by Selenium.</doc>
<status status="PASS" starttime="20211210 12:29:37.771" endtime="20211210 12:29:37.780"/>
</kw>
<kw name="Get Element Count" library="SeleniumLibrary">
<var>${count}</var>
<arg>${argument_element}</arg>
<doc>Returns the number of elements matching ``locator``.</doc>
<msg timestamp="20211210 12:29:38.833" level="INFO">${count} = 0</msg>
<status status="PASS" starttime="20211210 12:29:37.782" endtime="20211210 12:29:38.833"/>
</kw>
<if>
<branch type="IF" condition="${count} &gt; 0">
<kw name="Click Element" library="SeleniumLibrary">
<arg>${argument_element}</arg>
<doc>Click the element identified by ``locator``.</doc>
<status status="NOT RUN" starttime="20211210 12:29:38.834" endtime="20211210 12:29:38.834"/>
</kw>
<status status="NOT RUN" starttime="20211210 12:29:38.833" endtime="20211210 12:29:38.834"/>
</branch>
<status status="PASS" starttime="20211210 12:29:38.833" endtime="20211210 12:29:38.834"/>
</if>
<kw name="Set Selenium Implicit Wait" library="SeleniumLibrary">
<arg>${time_out}</arg>
<doc>Sets the implicit wait value used by Selenium.</doc>
<status status="PASS" starttime="20211210 12:29:38.834" endtime="20211210 12:29:38.836"/>
</kw>
<status status="PASS" starttime="20211210 12:29:37.771" endtime="20211210 12:29:38.836"/>
</kw>
<status status="PASS" starttime="20211210 12:29:31.841" endtime="20211210 12:29:38.836"/>
</kw>
<kw name="Verify Error Message">
<kw name="Provide Reference Number" library="Resources">
<arg>${base_number}</arg>
<kw name="Input Text" library="SeleniumLibrary">
<arg>${reference_number_base}</arg>
<arg>${base_number}</arg>
<doc>Types the given ``text`` into the text field identified by ``locator``.</doc>
<msg timestamp="20211210 12:29:38.838" level="INFO">Typing text '' into text field '//*[@name='referenceNumberBase']'.</msg>
<status status="PASS" starttime="20211210 12:29:38.838" endtime="20211210 12:29:39.011"/>
</kw>
<kw name="Select From List By Index" library="SeleniumLibrary">
<arg>${reference_number_dropdown}</arg>
<arg>2</arg>
<doc>Selects options from selection list ``locator`` by ``indexes``.</doc>
<msg timestamp="20211210 12:29:39.012" level="INFO">Selecting options from selection list '(//*[@class='input-group']/*)[2]' by index 2.</msg>
<status status="PASS" starttime="20211210 12:29:39.011" endtime="20211210 12:29:39.340"/>
</kw>
<kw name="Sleep" library="BuiltIn">
<arg>2</arg>
<doc>Pauses the test executed for the given time.</doc>
<msg timestamp="20211210 12:29:41.348" level="INFO">Slept 2 seconds</msg>
<status status="PASS" starttime="20211210 12:29:39.340" endtime="20211210 12:29:41.348"/>
</kw>
<kw name="Click Element If Visible" library="Resources">
<arg>${close_chatbox}</arg>
<kw name="Set Selenium Implicit Wait" library="SeleniumLibrary">
<arg>1</arg>
<doc>Sets the implicit wait value used by Selenium.</doc>
<status status="PASS" starttime="20211210 12:29:41.348" endtime="20211210 12:29:41.348"/>
</kw>
<kw name="Get Element Count" library="SeleniumLibrary">
<var>${count}</var>
<arg>${argument_element}</arg>
<doc>Returns the number of elements matching ``locator``.</doc>
<msg timestamp="20211210 12:29:42.402" level="INFO">${count} = 0</msg>
<status status="PASS" starttime="20211210 12:29:41.348" endtime="20211210 12:29:42.402"/>
</kw>
<if>
<branch type="IF" condition="${count} &gt; 0">
<kw name="Click Element" library="SeleniumLibrary">
<arg>${argument_element}</arg>
<doc>Click the element identified by ``locator``.</doc>
<status status="NOT RUN" starttime="20211210 12:29:42.402" endtime="20211210 12:29:42.402"/>
</kw>
<status status="NOT RUN" starttime="20211210 12:29:42.402" endtime="20211210 12:29:42.402"/>
</branch>
<status status="PASS" starttime="20211210 12:29:42.402" endtime="20211210 12:29:42.402"/>
</if>
<kw name="Set Selenium Implicit Wait" library="SeleniumLibrary">
<arg>${time_out}</arg>
<doc>Sets the implicit wait value used by Selenium.</doc>
<status status="PASS" starttime="20211210 12:29:42.402" endtime="20211210 12:29:42.402"/>
</kw>
<status status="PASS" starttime="20211210 12:29:41.348" endtime="20211210 12:29:42.402"/>
</kw>
<kw name="Click Element When Visible" library="Resources">
<arg>${kansainvalinen_viitenumero}</arg>
<kw name="Wait Until Element Is Visible" library="SeleniumLibrary">
<arg>${argument_locater}</arg>
<arg>${time_out}</arg>
<doc>Waits until the element ``locator`` is visible.</doc>
<status status="PASS" starttime="20211210 12:29:42.402" endtime="20211210 12:29:42.444"/>
</kw>
<kw name="Run Keyword And Ignore Error" library="BuiltIn">
<arg>scroll element into view</arg>
<arg>${argument_locater}</arg>
<doc>Runs the given keyword with the given arguments and ignores possible error.</doc>
<kw name="Scroll Element Into View" library="SeleniumLibrary">
<arg>${argument_locater}</arg>
<doc>Scrolls the element identified by ``locator`` into view.</doc>
<status status="PASS" starttime="20211210 12:29:42.444" endtime="20211210 12:29:42.727"/>
</kw>
<status status="PASS" starttime="20211210 12:29:42.444" endtime="20211210 12:29:42.727"/>
</kw>
<kw name="Mouse Over" library="SeleniumLibrary">
<arg>${argument_locater}</arg>
<doc>Simulates hovering the mouse over the element ``locator``.</doc>
<msg timestamp="20211210 12:29:42.727" level="INFO">Simulating Mouse Over on element '//*[contains(text(),'Kansainvälinen viitenumero')]/..'.</msg>
<status status="PASS" starttime="20211210 12:29:42.727" endtime="20211210 12:29:43.007"/>
</kw>
<kw name="Set Focus To Element" library="SeleniumLibrary">
<arg>${argument_locater}</arg>
<doc>Sets the focus to the element identified by ``locator``.</doc>
<status status="PASS" starttime="20211210 12:29:43.007" endtime="20211210 12:29:43.023"/>
</kw>
<kw name="Click Element" library="SeleniumLibrary">
<arg>${argument_locater}</arg>
<doc>Click the element identified by ``locator``.</doc>
<msg timestamp="20211210 12:29:43.023" level="INFO">Clicking element '//*[contains(text(),'Kansainvälinen viitenumero')]/..'.</msg>
<status status="PASS" starttime="20211210 12:29:43.023" endtime="20211210 12:29:43.120"/>
</kw>
<status status="PASS" starttime="20211210 12:29:42.402" endtime="20211210 12:29:43.121"/>
</kw>
<kw name="Sleep" library="BuiltIn">
<arg>2</arg>
<doc>Pauses the test executed for the given time.</doc>
<msg timestamp="20211210 12:29:45.133" level="INFO">Slept 2 seconds</msg>
<status status="PASS" starttime="20211210 12:29:43.121" endtime="20211210 12:29:45.133"/>
</kw>
<kw name="Click Element If Visible" library="Resources">
<arg>${close_chatbox}</arg>
<kw name="Set Selenium Implicit Wait" library="SeleniumLibrary">
<arg>1</arg>
<doc>Sets the implicit wait value used by Selenium.</doc>
<status status="PASS" starttime="20211210 12:29:45.133" endtime="20211210 12:29:45.133"/>
</kw>
<kw name="Get Element Count" library="SeleniumLibrary">
<var>${count}</var>
<arg>${argument_element}</arg>
<doc>Returns the number of elements matching ``locator``.</doc>
<msg timestamp="20211210 12:29:46.166" level="INFO">${count} = 0</msg>
<status status="PASS" starttime="20211210 12:29:45.133" endtime="20211210 12:29:46.166"/>
</kw>
<if>
<branch type="IF" condition="${count} &gt; 0">
<kw name="Click Element" library="SeleniumLibrary">
<arg>${argument_element}</arg>
<doc>Click the element identified by ``locator``.</doc>
<status status="NOT RUN" starttime="20211210 12:29:46.166" endtime="20211210 12:29:46.174"/>
</kw>
<status status="NOT RUN" starttime="20211210 12:29:46.166" endtime="20211210 12:29:46.174"/>
</branch>
<status status="PASS" starttime="20211210 12:29:46.166" endtime="20211210 12:29:46.174"/>
</if>
<kw name="Set Selenium Implicit Wait" library="SeleniumLibrary">
<arg>${time_out}</arg>
<doc>Sets the implicit wait value used by Selenium.</doc>
<status status="PASS" starttime="20211210 12:29:46.174" endtime="20211210 12:29:46.176"/>
</kw>
<status status="PASS" starttime="20211210 12:29:45.133" endtime="20211210 12:29:46.176"/>
</kw>
<kw name="Sleep" library="BuiltIn">
<arg>1</arg>
<doc>Pauses the test executed for the given time.</doc>
<msg timestamp="20211210 12:29:47.184" level="INFO">Slept 1 second</msg>
<status status="PASS" starttime="20211210 12:29:46.176" endtime="20211210 12:29:47.184"/>
</kw>
<kw name="Click Element When Visible" library="Resources">
<arg>${laske}</arg>
<kw name="Wait Until Element Is Visible" library="SeleniumLibrary">
<arg>${argument_locater}</arg>
<arg>${time_out}</arg>
<doc>Waits until the element ``locator`` is visible.</doc>
<status status="PASS" starttime="20211210 12:29:47.184" endtime="20211210 12:29:47.239"/>
</kw>
<kw name="Run Keyword And Ignore Error" library="BuiltIn">
<arg>scroll element into view</arg>
<arg>${argument_locater}</arg>
<doc>Runs the given keyword with the given arguments and ignores possible error.</doc>
<kw name="Scroll Element Into View" library="SeleniumLibrary">
<arg>${argument_locater}</arg>
<doc>Scrolls the element identified by ``locator`` into view.</doc>
<kw name="Capture Page Screenshot" library="SeleniumLibrary">
<doc>Takes a screenshot of the current page and embeds it into a log file.</doc>
<msg timestamp="20211210 12:29:47.719" level="INFO" html="true">&lt;/td&gt;&lt;/tr&gt;&lt;tr&gt;&lt;td colspan="3"&gt;&lt;a href="selenium-screenshot-15.png"&gt;&lt;img src="selenium-screenshot-15.png" width="800px"&gt;&lt;/a&gt;</msg>
<status status="PASS" starttime="20211210 12:29:47.283" endtime="20211210 12:29:47.719"/>
</kw>
<msg timestamp="20211210 12:29:47.722" level="FAIL">MoveTargetOutOfBoundsException: Message: move target out of bounds
  (Session info: chrome=96.0.4664.45)
Stacktrace:
Backtrace:
	Ordinal0 [0x008E6903+2517251]
	Ordinal0 [0x0087F8E1+2095329]
	Ordinal0 [0x00782710+1058576]
	Ordinal0 [0x007DD1C4+1429956]
	Ordinal0 [0x007C64D3+1336531]
	Ordinal0 [0x007D5BBF+1399743]
	Ordinal0 [0x007C639B+1336219]
	Ordinal0 [0x007A27A7+1189799]
	Ordinal0 [0x007A3609+1193481]
	GetHandleVerifier [0x00A75904+1577972]
	GetHandleVerifier [0x00B20B97+2279047]
	GetHandleVerifier [0x00976D09+534521]
	GetHandleVerifier [0x00975DB9+530601]
	Ordinal0 [0x00884FF9+2117625]
	Ordinal0 [0x008898A8+2136232]
	Ordinal0 [0x008899E2+2136546]
	Ordinal0 [0x00893541+2176321]
	BaseThreadInitThunk [0x773BFA29+25]
	RtlGetAppContainerNamedObjectPath [0x775C7A9E+286]
	RtlGetAppContainerNamedObjectPath [0x775C7A6E+238]
</msg>
<status status="FAIL" starttime="20211210 12:29:47.239" endtime="20211210 12:29:47.722"/>
</kw>
<status status="PASS" starttime="20211210 12:29:47.239" endtime="20211210 12:29:47.722"/>
</kw>
<kw name="Mouse Over" library="SeleniumLibrary">
<arg>${argument_locater}</arg>
<doc>Simulates hovering the mouse over the element ``locator``.</doc>
<msg timestamp="20211210 12:29:47.723" level="INFO">Simulating Mouse Over on element '//*[contains(text(),'Laske')]'.</msg>
<status status="PASS" starttime="20211210 12:29:47.722" endtime="20211210 12:29:48.016"/>
</kw>
<kw name="Set Focus To Element" library="SeleniumLibrary">
<arg>${argument_locater}</arg>
<doc>Sets the focus to the element identified by ``locator``.</doc>
<status status="PASS" starttime="20211210 12:29:48.016" endtime="20211210 12:29:48.073"/>
</kw>
<kw name="Click Element" library="SeleniumLibrary">
<arg>${argument_locater}</arg>
<doc>Click the element identified by ``locator``.</doc>
<msg timestamp="20211210 12:29:48.075" level="INFO">Clicking element '//*[contains(text(),'Laske')]'.</msg>
<status status="PASS" starttime="20211210 12:29:48.074" endtime="20211210 12:29:48.274"/>
</kw>
<status status="PASS" starttime="20211210 12:29:47.184" endtime="20211210 12:29:48.274"/>
</kw>
<status status="PASS" starttime="20211210 12:29:38.837" endtime="20211210 12:29:48.274"/>
</kw>
<kw name="Click Element If Visible" library="Resources">
<arg>${close_chatbox}</arg>
<kw name="Set Selenium Implicit Wait" library="SeleniumLibrary">
<arg>1</arg>
<doc>Sets the implicit wait value used by Selenium.</doc>
<status status="PASS" starttime="20211210 12:29:48.274" endtime="20211210 12:29:48.274"/>
</kw>
<kw name="Get Element Count" library="SeleniumLibrary">
<var>${count}</var>
<arg>${argument_element}</arg>
<doc>Returns the number of elements matching ``locator``.</doc>
<msg timestamp="20211210 12:29:49.289" level="INFO">${count} = 1</msg>
<status status="PASS" starttime="20211210 12:29:48.274" endtime="20211210 12:29:49.289"/>
</kw>
<if>
<branch type="IF" condition="${count} &gt; 0">
<kw name="Click Element" library="SeleniumLibrary">
<arg>${argument_element}</arg>
<doc>Click the element identified by ``locator``.</doc>
<msg timestamp="20211210 12:29:49.291" level="INFO">Clicking element '//*[@title='Sulje']'.</msg>
<status status="PASS" starttime="20211210 12:29:49.290" endtime="20211210 12:29:49.620"/>
</kw>
<status status="PASS" starttime="20211210 12:29:49.290" endtime="20211210 12:29:49.620"/>
</branch>
<status status="PASS" starttime="20211210 12:29:49.289" endtime="20211210 12:29:49.620"/>
</if>
<kw name="Set Selenium Implicit Wait" library="SeleniumLibrary">
<arg>${time_out}</arg>
<doc>Sets the implicit wait value used by Selenium.</doc>
<status status="PASS" starttime="20211210 12:29:49.620" endtime="20211210 12:29:49.622"/>
</kw>
<status status="PASS" starttime="20211210 12:29:48.274" endtime="20211210 12:29:49.622"/>
</kw>
<kw name="Get Length" library="BuiltIn">
<var>${lenght_base_number}</var>
<arg>${base_number}</arg>
<doc>Returns and logs the length of the given item as an integer.</doc>
<msg timestamp="20211210 12:29:49.623" level="INFO">Length is 0</msg>
<msg timestamp="20211210 12:29:49.624" level="INFO">${lenght_base_number} = 0</msg>
<status status="PASS" starttime="20211210 12:29:49.623" endtime="20211210 12:29:49.624"/>
</kw>
<if>
<branch type="IF" condition="${lenght_base_number} &lt; 3">
<kw name="Sleep" library="BuiltIn">
<arg>1</arg>
<doc>Pauses the test executed for the given time.</doc>
<msg timestamp="20211210 12:29:50.634" level="INFO">Slept 1 second</msg>
<status status="PASS" starttime="20211210 12:29:49.627" endtime="20211210 12:29:50.634"/>
</kw>
<kw name="Element Should Be Visible" library="SeleniumLibrary">
<arg>${error_message}</arg>
<doc>Verifies that the element identified by ``locator`` is visible.</doc>
<msg timestamp="20211210 12:29:50.655" level="INFO">Element '//*[@class='error-text']' is displayed.</msg>
<status status="PASS" starttime="20211210 12:29:50.634" endtime="20211210 12:29:50.655"/>
</kw>
<status status="PASS" starttime="20211210 12:29:49.626" endtime="20211210 12:29:50.655"/>
</branch>
<branch type="ELSE IF" condition="${lenght_base_number} &gt; 19">
<kw name="Sleep" library="BuiltIn">
<arg>2</arg>
<doc>Pauses the test executed for the given time.</doc>
<status status="NOT RUN" starttime="20211210 12:29:50.655" endtime="20211210 12:29:50.655"/>
</kw>
<kw name="Get Value" library="SeleniumLibrary">
<var>${lenght_input_base}</var>
<arg>//*[@name='referenceNumberBase']</arg>
<doc>Returns the value attribute of the element identified by ``locator``.</doc>
<status status="NOT RUN" starttime="20211210 12:29:50.655" endtime="20211210 12:29:50.655"/>
</kw>
<kw name="Get Length" library="BuiltIn">
<var>${lenght_input_base}</var>
<arg>${lenght_input_base}</arg>
<doc>Returns and logs the length of the given item as an integer.</doc>
<status status="NOT RUN" starttime="20211210 12:29:50.655" endtime="20211210 12:29:50.655"/>
</kw>
<kw name="Convert To String" library="BuiltIn">
<var>${lenght_input_base}</var>
<arg>${lenght_input_base}</arg>
<doc>Converts the given item to a Unicode string.</doc>
<status status="NOT RUN" starttime="20211210 12:29:50.655" endtime="20211210 12:29:50.655"/>
</kw>
<kw name="Should Be Equal" library="BuiltIn">
<arg>${lenght_input_base}</arg>
<arg>19</arg>
<doc>Fails if the given objects are unequal.</doc>
<status status="NOT RUN" starttime="20211210 12:29:50.655" endtime="20211210 12:29:50.655"/>
</kw>
<status status="NOT RUN" starttime="20211210 12:29:50.655" endtime="20211210 12:29:50.655"/>
</branch>
<status status="PASS" starttime="20211210 12:29:49.624" endtime="20211210 12:29:50.655"/>
</if>
<status status="PASS" starttime="20211210 12:29:38.837" endtime="20211210 12:29:50.655"/>
</kw>
<kw name="Teardown" library="Resources" type="TEARDOWN">
<kw name="Sleep" library="BuiltIn">
<arg>5</arg>
<doc>Pauses the test executed for the given time.</doc>
<msg timestamp="20211210 12:29:55.680" level="INFO">Slept 5 seconds</msg>
<status status="PASS" starttime="20211210 12:29:50.671" endtime="20211210 12:29:55.680"/>
</kw>
<kw name="Close All Browsers" library="SeleniumLibrary">
<doc>Closes all open browsers and resets the browser cache.</doc>
<status status="PASS" starttime="20211210 12:29:55.680" endtime="20211210 12:29:57.970"/>
</kw>
<status status="PASS" starttime="20211210 12:29:50.655" endtime="20211210 12:29:57.970"/>
</kw>
<status status="PASS" starttime="20211210 12:29:31.826" endtime="20211210 12:29:57.970"/>
</test>
<test id="s1-t3" name="Implement Negative Scenerios">
<kw name="Open Browser and Setup" library="Resources" type="SETUP">
<kw name="Open Browser" library="SeleniumLibrary">
<arg>${url}</arg>
<arg>${browser}</arg>
<doc>Opens a new browser instance to the optional ``url``.</doc>
<msg timestamp="20211210 12:29:57.986" level="INFO">Opening browser 'Chrome' to base url 'https://www.aktia.fi/fi/yritysasiakkaat/viitenumerolaskuri'.</msg>
<status status="PASS" starttime="20211210 12:29:57.986" endtime="20211210 12:30:01.251"/>
</kw>
<kw name="Maximize Browser Window" library="SeleniumLibrary">
<doc>Maximizes current browser window.</doc>
<status status="PASS" starttime="20211210 12:30:01.251" endtime="20211210 12:30:01.400"/>
</kw>
<kw name="Set Selenium Implicit Wait" library="SeleniumLibrary">
<arg>${time_out}</arg>
<doc>Sets the implicit wait value used by Selenium.</doc>
<status status="PASS" starttime="20211210 12:30:01.401" endtime="20211210 12:30:01.406"/>
</kw>
<kw name="Click Element When Visible" library="Resources">
<arg>${accept_cookies}</arg>
<kw name="Wait Until Element Is Visible" library="SeleniumLibrary">
<arg>${argument_locater}</arg>
<arg>${time_out}</arg>
<doc>Waits until the element ``locator`` is visible.</doc>
<status status="PASS" starttime="20211210 12:30:01.406" endtime="20211210 12:30:01.953"/>
</kw>
<kw name="Run Keyword And Ignore Error" library="BuiltIn">
<arg>scroll element into view</arg>
<arg>${argument_locater}</arg>
<doc>Runs the given keyword with the given arguments and ignores possible error.</doc>
<kw name="Scroll Element Into View" library="SeleniumLibrary">
<arg>${argument_locater}</arg>
<doc>Scrolls the element identified by ``locator`` into view.</doc>
<status status="PASS" starttime="20211210 12:30:01.953" endtime="20211210 12:30:02.897"/>
</kw>
<status status="PASS" starttime="20211210 12:30:01.953" endtime="20211210 12:30:02.897"/>
</kw>
<kw name="Mouse Over" library="SeleniumLibrary">
<arg>${argument_locater}</arg>
<doc>Simulates hovering the mouse over the element ``locator``.</doc>
<msg timestamp="20211210 12:30:02.897" level="INFO">Simulating Mouse Over on element '//*[contains(text(),'Hyväksy kaikki evästeet')]'.</msg>
<status status="PASS" starttime="20211210 12:30:02.897" endtime="20211210 12:30:03.234"/>
</kw>
<kw name="Set Focus To Element" library="SeleniumLibrary">
<arg>${argument_locater}</arg>
<doc>Sets the focus to the element identified by ``locator``.</doc>
<status status="PASS" starttime="20211210 12:30:03.234" endtime="20211210 12:30:03.252"/>
</kw>
<kw name="Click Element" library="SeleniumLibrary">
<arg>${argument_locater}</arg>
<doc>Click the element identified by ``locator``.</doc>
<msg timestamp="20211210 12:30:03.255" level="INFO">Clicking element '//*[contains(text(),'Hyväksy kaikki evästeet')]'.</msg>
<status status="PASS" starttime="20211210 12:30:03.253" endtime="20211210 12:30:03.396"/>
</kw>
<status status="PASS" starttime="20211210 12:30:01.406" endtime="20211210 12:30:03.397"/>
</kw>
<kw name="Click Element If Visible" library="Resources">
<arg>${close_chatbox}</arg>
<kw name="Set Selenium Implicit Wait" library="SeleniumLibrary">
<arg>1</arg>
<doc>Sets the implicit wait value used by Selenium.</doc>
<status status="PASS" starttime="20211210 12:30:03.401" endtime="20211210 12:30:03.411"/>
</kw>
<kw name="Get Element Count" library="SeleniumLibrary">
<var>${count}</var>
<arg>${argument_element}</arg>
<doc>Returns the number of elements matching ``locator``.</doc>
<msg timestamp="20211210 12:30:04.592" level="INFO">${count} = 0</msg>
<status status="PASS" starttime="20211210 12:30:03.413" endtime="20211210 12:30:04.592"/>
</kw>
<if>
<branch type="IF" condition="${count} &gt; 0">
<kw name="Click Element" library="SeleniumLibrary">
<arg>${argument_element}</arg>
<doc>Click the element identified by ``locator``.</doc>
<status status="NOT RUN" starttime="20211210 12:30:04.593" endtime="20211210 12:30:04.593"/>
</kw>
<status status="NOT RUN" starttime="20211210 12:30:04.592" endtime="20211210 12:30:04.593"/>
</branch>
<status status="PASS" starttime="20211210 12:30:04.592" endtime="20211210 12:30:04.593"/>
</if>
<kw name="Set Selenium Implicit Wait" library="SeleniumLibrary">
<arg>${time_out}</arg>
<doc>Sets the implicit wait value used by Selenium.</doc>
<status status="PASS" starttime="20211210 12:30:04.593" endtime="20211210 12:30:04.597"/>
</kw>
<status status="PASS" starttime="20211210 12:30:03.397" endtime="20211210 12:30:04.597"/>
</kw>
<status status="PASS" starttime="20211210 12:29:57.986" endtime="20211210 12:30:04.598"/>
</kw>
<kw name="Verify Error Message">
<arg>2</arg>
<kw name="Provide Reference Number" library="Resources">
<arg>${base_number}</arg>
<kw name="Input Text" library="SeleniumLibrary">
<arg>${reference_number_base}</arg>
<arg>${base_number}</arg>
<doc>Types the given ``text`` into the text field identified by ``locator``.</doc>
<msg timestamp="20211210 12:30:04.601" level="INFO">Typing text '2' into text field '//*[@name='referenceNumberBase']'.</msg>
<status status="PASS" starttime="20211210 12:30:04.601" endtime="20211210 12:30:04.722"/>
</kw>
<kw name="Select From List By Index" library="SeleniumLibrary">
<arg>${reference_number_dropdown}</arg>
<arg>2</arg>
<doc>Selects options from selection list ``locator`` by ``indexes``.</doc>
<msg timestamp="20211210 12:30:04.722" level="INFO">Selecting options from selection list '(//*[@class='input-group']/*)[2]' by index 2.</msg>
<status status="PASS" starttime="20211210 12:30:04.722" endtime="20211210 12:30:04.877"/>
</kw>
<kw name="Sleep" library="BuiltIn">
<arg>2</arg>
<doc>Pauses the test executed for the given time.</doc>
<msg timestamp="20211210 12:30:06.887" level="INFO">Slept 2 seconds</msg>
<status status="PASS" starttime="20211210 12:30:04.877" endtime="20211210 12:30:06.887"/>
</kw>
<kw name="Click Element If Visible" library="Resources">
<arg>${close_chatbox}</arg>
<kw name="Set Selenium Implicit Wait" library="SeleniumLibrary">
<arg>1</arg>
<doc>Sets the implicit wait value used by Selenium.</doc>
<status status="PASS" starttime="20211210 12:30:06.887" endtime="20211210 12:30:06.887"/>
</kw>
<kw name="Get Element Count" library="SeleniumLibrary">
<var>${count}</var>
<arg>${argument_element}</arg>
<doc>Returns the number of elements matching ``locator``.</doc>
<msg timestamp="20211210 12:30:07.895" level="INFO">${count} = 0</msg>
<status status="PASS" starttime="20211210 12:30:06.887" endtime="20211210 12:30:07.895"/>
</kw>
<if>
<branch type="IF" condition="${count} &gt; 0">
<kw name="Click Element" library="SeleniumLibrary">
<arg>${argument_element}</arg>
<doc>Click the element identified by ``locator``.</doc>
<status status="NOT RUN" starttime="20211210 12:30:07.895" endtime="20211210 12:30:07.895"/>
</kw>
<status status="NOT RUN" starttime="20211210 12:30:07.895" endtime="20211210 12:30:07.895"/>
</branch>
<status status="PASS" starttime="20211210 12:30:07.895" endtime="20211210 12:30:07.895"/>
</if>
<kw name="Set Selenium Implicit Wait" library="SeleniumLibrary">
<arg>${time_out}</arg>
<doc>Sets the implicit wait value used by Selenium.</doc>
<status status="PASS" starttime="20211210 12:30:07.895" endtime="20211210 12:30:07.895"/>
</kw>
<status status="PASS" starttime="20211210 12:30:06.887" endtime="20211210 12:30:07.895"/>
</kw>
<kw name="Click Element When Visible" library="Resources">
<arg>${kansainvalinen_viitenumero}</arg>
<kw name="Wait Until Element Is Visible" library="SeleniumLibrary">
<arg>${argument_locater}</arg>
<arg>${time_out}</arg>
<doc>Waits until the element ``locator`` is visible.</doc>
<status status="PASS" starttime="20211210 12:30:07.895" endtime="20211210 12:30:07.942"/>
</kw>
<kw name="Run Keyword And Ignore Error" library="BuiltIn">
<arg>scroll element into view</arg>
<arg>${argument_locater}</arg>
<doc>Runs the given keyword with the given arguments and ignores possible error.</doc>
<kw name="Scroll Element Into View" library="SeleniumLibrary">
<arg>${argument_locater}</arg>
<doc>Scrolls the element identified by ``locator`` into view.</doc>
<status status="PASS" starttime="20211210 12:30:07.942" endtime="20211210 12:30:08.227"/>
</kw>
<status status="PASS" starttime="20211210 12:30:07.942" endtime="20211210 12:30:08.227"/>
</kw>
<kw name="Mouse Over" library="SeleniumLibrary">
<arg>${argument_locater}</arg>
<doc>Simulates hovering the mouse over the element ``locator``.</doc>
<msg timestamp="20211210 12:30:08.227" level="INFO">Simulating Mouse Over on element '//*[contains(text(),'Kansainvälinen viitenumero')]/..'.</msg>
<status status="PASS" starttime="20211210 12:30:08.227" endtime="20211210 12:30:08.535"/>
</kw>
<kw name="Set Focus To Element" library="SeleniumLibrary">
<arg>${argument_locater}</arg>
<doc>Sets the focus to the element identified by ``locator``.</doc>
<status status="PASS" starttime="20211210 12:30:08.535" endtime="20211210 12:30:08.550"/>
</kw>
<kw name="Click Element" library="SeleniumLibrary">
<arg>${argument_locater}</arg>
<doc>Click the element identified by ``locator``.</doc>
<msg timestamp="20211210 12:30:08.550" level="INFO">Clicking element '//*[contains(text(),'Kansainvälinen viitenumero')]/..'.</msg>
<status status="PASS" starttime="20211210 12:30:08.550" endtime="20211210 12:30:08.643"/>
</kw>
<status status="PASS" starttime="20211210 12:30:07.895" endtime="20211210 12:30:08.643"/>
</kw>
<kw name="Sleep" library="BuiltIn">
<arg>2</arg>
<doc>Pauses the test executed for the given time.</doc>
<msg timestamp="20211210 12:30:10.646" level="INFO">Slept 2 seconds</msg>
<status status="PASS" starttime="20211210 12:30:08.643" endtime="20211210 12:30:10.646"/>
</kw>
<kw name="Click Element If Visible" library="Resources">
<arg>${close_chatbox}</arg>
<kw name="Set Selenium Implicit Wait" library="SeleniumLibrary">
<arg>1</arg>
<doc>Sets the implicit wait value used by Selenium.</doc>
<status status="PASS" starttime="20211210 12:30:10.646" endtime="20211210 12:30:10.646"/>
</kw>
<kw name="Get Element Count" library="SeleniumLibrary">
<var>${count}</var>
<arg>${argument_element}</arg>
<doc>Returns the number of elements matching ``locator``.</doc>
<msg timestamp="20211210 12:30:11.662" level="INFO">${count} = 0</msg>
<status status="PASS" starttime="20211210 12:30:10.646" endtime="20211210 12:30:11.662"/>
</kw>
<if>
<branch type="IF" condition="${count} &gt; 0">
<kw name="Click Element" library="SeleniumLibrary">
<arg>${argument_element}</arg>
<doc>Click the element identified by ``locator``.</doc>
<status status="NOT RUN" starttime="20211210 12:30:11.662" endtime="20211210 12:30:11.662"/>
</kw>
<status status="NOT RUN" starttime="20211210 12:30:11.662" endtime="20211210 12:30:11.662"/>
</branch>
<status status="PASS" starttime="20211210 12:30:11.662" endtime="20211210 12:30:11.662"/>
</if>
<kw name="Set Selenium Implicit Wait" library="SeleniumLibrary">
<arg>${time_out}</arg>
<doc>Sets the implicit wait value used by Selenium.</doc>
<status status="PASS" starttime="20211210 12:30:11.662" endtime="20211210 12:30:11.662"/>
</kw>
<status status="PASS" starttime="20211210 12:30:10.646" endtime="20211210 12:30:11.662"/>
</kw>
<kw name="Sleep" library="BuiltIn">
<arg>1</arg>
<doc>Pauses the test executed for the given time.</doc>
<msg timestamp="20211210 12:30:12.676" level="INFO">Slept 1 second</msg>
<status status="PASS" starttime="20211210 12:30:11.662" endtime="20211210 12:30:12.676"/>
</kw>
<kw name="Click Element When Visible" library="Resources">
<arg>${laske}</arg>
<kw name="Wait Until Element Is Visible" library="SeleniumLibrary">
<arg>${argument_locater}</arg>
<arg>${time_out}</arg>
<doc>Waits until the element ``locator`` is visible.</doc>
<status status="PASS" starttime="20211210 12:30:12.676" endtime="20211210 12:30:12.710"/>
</kw>
<kw name="Run Keyword And Ignore Error" library="BuiltIn">
<arg>scroll element into view</arg>
<arg>${argument_locater}</arg>
<doc>Runs the given keyword with the given arguments and ignores possible error.</doc>
<kw name="Scroll Element Into View" library="SeleniumLibrary">
<arg>${argument_locater}</arg>
<doc>Scrolls the element identified by ``locator`` into view.</doc>
<kw name="Capture Page Screenshot" library="SeleniumLibrary">
<doc>Takes a screenshot of the current page and embeds it into a log file.</doc>
<msg timestamp="20211210 12:30:13.211" level="INFO" html="true">&lt;/td&gt;&lt;/tr&gt;&lt;tr&gt;&lt;td colspan="3"&gt;&lt;a href="selenium-screenshot-16.png"&gt;&lt;img src="selenium-screenshot-16.png" width="800px"&gt;&lt;/a&gt;</msg>
<status status="PASS" starttime="20211210 12:30:12.746" endtime="20211210 12:30:13.211"/>
</kw>
<msg timestamp="20211210 12:30:13.214" level="FAIL">MoveTargetOutOfBoundsException: Message: move target out of bounds
  (Session info: chrome=96.0.4664.45)
Stacktrace:
Backtrace:
	Ordinal0 [0x008E6903+2517251]
	Ordinal0 [0x0087F8E1+2095329]
	Ordinal0 [0x00782710+1058576]
	Ordinal0 [0x007DD1C4+1429956]
	Ordinal0 [0x007C64D3+1336531]
	Ordinal0 [0x007D5BBF+1399743]
	Ordinal0 [0x007C639B+1336219]
	Ordinal0 [0x007A27A7+1189799]
	Ordinal0 [0x007A3609+1193481]
	GetHandleVerifier [0x00A75904+1577972]
	GetHandleVerifier [0x00B20B97+2279047]
	GetHandleVerifier [0x00976D09+534521]
	GetHandleVerifier [0x00975DB9+530601]
	Ordinal0 [0x00884FF9+2117625]
	Ordinal0 [0x008898A8+2136232]
	Ordinal0 [0x008899E2+2136546]
	Ordinal0 [0x00893541+2176321]
	BaseThreadInitThunk [0x773BFA29+25]
	RtlGetAppContainerNamedObjectPath [0x775C7A9E+286]
	RtlGetAppContainerNamedObjectPath [0x775C7A6E+238]
</msg>
<status status="FAIL" starttime="20211210 12:30:12.720" endtime="20211210 12:30:13.215"/>
</kw>
<status status="PASS" starttime="20211210 12:30:12.710" endtime="20211210 12:30:13.215"/>
</kw>
<kw name="Mouse Over" library="SeleniumLibrary">
<arg>${argument_locater}</arg>
<doc>Simulates hovering the mouse over the element ``locator``.</doc>
<msg timestamp="20211210 12:30:13.215" level="INFO">Simulating Mouse Over on element '//*[contains(text(),'Laske')]'.</msg>
<status status="PASS" starttime="20211210 12:30:13.215" endtime="20211210 12:30:13.503"/>
</kw>
<kw name="Set Focus To Element" library="SeleniumLibrary">
<arg>${argument_locater}</arg>
<doc>Sets the focus to the element identified by ``locator``.</doc>
<status status="PASS" starttime="20211210 12:30:13.503" endtime="20211210 12:30:13.544"/>
</kw>
<kw name="Click Element" library="SeleniumLibrary">
<arg>${argument_locater}</arg>
<doc>Click the element identified by ``locator``.</doc>
<msg timestamp="20211210 12:30:13.545" level="INFO">Clicking element '//*[contains(text(),'Laske')]'.</msg>
<status status="PASS" starttime="20211210 12:30:13.544" endtime="20211210 12:30:13.631"/>
</kw>
<status status="PASS" starttime="20211210 12:30:12.676" endtime="20211210 12:30:13.631"/>
</kw>
<status status="PASS" starttime="20211210 12:30:04.600" endtime="20211210 12:30:13.632"/>
</kw>
<kw name="Click Element If Visible" library="Resources">
<arg>${close_chatbox}</arg>
<kw name="Set Selenium Implicit Wait" library="SeleniumLibrary">
<arg>1</arg>
<doc>Sets the implicit wait value used by Selenium.</doc>
<status status="PASS" starttime="20211210 12:30:13.633" endtime="20211210 12:30:13.637"/>
</kw>
<kw name="Get Element Count" library="SeleniumLibrary">
<var>${count}</var>
<arg>${argument_element}</arg>
<doc>Returns the number of elements matching ``locator``.</doc>
<msg timestamp="20211210 12:30:14.527" level="INFO">${count} = 1</msg>
<status status="PASS" starttime="20211210 12:30:13.638" endtime="20211210 12:30:14.527"/>
</kw>
<if>
<branch type="IF" condition="${count} &gt; 0">
<kw name="Click Element" library="SeleniumLibrary">
<arg>${argument_element}</arg>
<doc>Click the element identified by ``locator``.</doc>
<msg timestamp="20211210 12:30:14.528" level="INFO">Clicking element '//*[@title='Sulje']'.</msg>
<status status="PASS" starttime="20211210 12:30:14.528" endtime="20211210 12:30:14.625"/>
</kw>
<status status="PASS" starttime="20211210 12:30:14.527" endtime="20211210 12:30:14.625"/>
</branch>
<status status="PASS" starttime="20211210 12:30:14.527" endtime="20211210 12:30:14.625"/>
</if>
<kw name="Set Selenium Implicit Wait" library="SeleniumLibrary">
<arg>${time_out}</arg>
<doc>Sets the implicit wait value used by Selenium.</doc>
<status status="PASS" starttime="20211210 12:30:14.625" endtime="20211210 12:30:14.634"/>
</kw>
<status status="PASS" starttime="20211210 12:30:13.632" endtime="20211210 12:30:14.635"/>
</kw>
<kw name="Get Length" library="BuiltIn">
<var>${lenght_base_number}</var>
<arg>${base_number}</arg>
<doc>Returns and logs the length of the given item as an integer.</doc>
<msg timestamp="20211210 12:30:14.635" level="INFO">Length is 1</msg>
<msg timestamp="20211210 12:30:14.635" level="INFO">${lenght_base_number} = 1</msg>
<status status="PASS" starttime="20211210 12:30:14.635" endtime="20211210 12:30:14.635"/>
</kw>
<if>
<branch type="IF" condition="${lenght_base_number} &lt; 3">
<kw name="Sleep" library="BuiltIn">
<arg>1</arg>
<doc>Pauses the test executed for the given time.</doc>
<msg timestamp="20211210 12:30:15.649" level="INFO">Slept 1 second</msg>
<status status="PASS" starttime="20211210 12:30:14.635" endtime="20211210 12:30:15.649"/>
</kw>
<kw name="Element Should Be Visible" library="SeleniumLibrary">
<arg>${error_message}</arg>
<doc>Verifies that the element identified by ``locator`` is visible.</doc>
<msg timestamp="20211210 12:30:15.673" level="INFO">Element '//*[@class='error-text']' is displayed.</msg>
<status status="PASS" starttime="20211210 12:30:15.649" endtime="20211210 12:30:15.673"/>
</kw>
<status status="PASS" starttime="20211210 12:30:14.635" endtime="20211210 12:30:15.673"/>
</branch>
<branch type="ELSE IF" condition="${lenght_base_number} &gt; 19">
<kw name="Sleep" library="BuiltIn">
<arg>2</arg>
<doc>Pauses the test executed for the given time.</doc>
<status status="NOT RUN" starttime="20211210 12:30:15.673" endtime="20211210 12:30:15.673"/>
</kw>
<kw name="Get Value" library="SeleniumLibrary">
<var>${lenght_input_base}</var>
<arg>//*[@name='referenceNumberBase']</arg>
<doc>Returns the value attribute of the element identified by ``locator``.</doc>
<status status="NOT RUN" starttime="20211210 12:30:15.673" endtime="20211210 12:30:15.673"/>
</kw>
<kw name="Get Length" library="BuiltIn">
<var>${lenght_input_base}</var>
<arg>${lenght_input_base}</arg>
<doc>Returns and logs the length of the given item as an integer.</doc>
<status status="NOT RUN" starttime="20211210 12:30:15.679" endtime="20211210 12:30:15.679"/>
</kw>
<kw name="Convert To String" library="BuiltIn">
<var>${lenght_input_base}</var>
<arg>${lenght_input_base}</arg>
<doc>Converts the given item to a Unicode string.</doc>
<status status="NOT RUN" starttime="20211210 12:30:15.679" endtime="20211210 12:30:15.679"/>
</kw>
<kw name="Should Be Equal" library="BuiltIn">
<arg>${lenght_input_base}</arg>
<arg>19</arg>
<doc>Fails if the given objects are unequal.</doc>
<status status="NOT RUN" starttime="20211210 12:30:15.679" endtime="20211210 12:30:15.679"/>
</kw>
<status status="NOT RUN" starttime="20211210 12:30:15.673" endtime="20211210 12:30:15.679"/>
</branch>
<status status="PASS" starttime="20211210 12:30:14.635" endtime="20211210 12:30:15.679"/>
</if>
<status status="PASS" starttime="20211210 12:30:04.599" endtime="20211210 12:30:15.679"/>
</kw>
<kw name="Teardown" library="Resources" type="TEARDOWN">
<kw name="Sleep" library="BuiltIn">
<arg>5</arg>
<doc>Pauses the test executed for the given time.</doc>
<msg timestamp="20211210 12:30:20.685" level="INFO">Slept 5 seconds</msg>
<status status="PASS" starttime="20211210 12:30:15.679" endtime="20211210 12:30:20.685"/>
</kw>
<kw name="Close All Browsers" library="SeleniumLibrary">
<doc>Closes all open browsers and resets the browser cache.</doc>
<status status="PASS" starttime="20211210 12:30:20.685" endtime="20211210 12:30:23.041"/>
</kw>
<status status="PASS" starttime="20211210 12:30:15.679" endtime="20211210 12:30:23.041"/>
</kw>
<status status="PASS" starttime="20211210 12:29:57.970" endtime="20211210 12:30:23.041"/>
</test>
<test id="s1-t4" name="Implement Negative Scenerios">
<kw name="Open Browser and Setup" library="Resources" type="SETUP">
<kw name="Open Browser" library="SeleniumLibrary">
<arg>${url}</arg>
<arg>${browser}</arg>
<doc>Opens a new browser instance to the optional ``url``.</doc>
<msg timestamp="20211210 12:30:23.041" level="INFO">Opening browser 'Chrome' to base url 'https://www.aktia.fi/fi/yritysasiakkaat/viitenumerolaskuri'.</msg>
<status status="PASS" starttime="20211210 12:30:23.041" endtime="20211210 12:30:26.579"/>
</kw>
<kw name="Maximize Browser Window" library="SeleniumLibrary">
<doc>Maximizes current browser window.</doc>
<status status="PASS" starttime="20211210 12:30:26.579" endtime="20211210 12:30:26.780"/>
</kw>
<kw name="Set Selenium Implicit Wait" library="SeleniumLibrary">
<arg>${time_out}</arg>
<doc>Sets the implicit wait value used by Selenium.</doc>
<status status="PASS" starttime="20211210 12:30:26.780" endtime="20211210 12:30:26.787"/>
</kw>
<kw name="Click Element When Visible" library="Resources">
<arg>${accept_cookies}</arg>
<kw name="Wait Until Element Is Visible" library="SeleniumLibrary">
<arg>${argument_locater}</arg>
<arg>${time_out}</arg>
<doc>Waits until the element ``locator`` is visible.</doc>
<status status="PASS" starttime="20211210 12:30:26.791" endtime="20211210 12:30:27.951"/>
</kw>
<kw name="Run Keyword And Ignore Error" library="BuiltIn">
<arg>scroll element into view</arg>
<arg>${argument_locater}</arg>
<doc>Runs the given keyword with the given arguments and ignores possible error.</doc>
<kw name="Scroll Element Into View" library="SeleniumLibrary">
<arg>${argument_locater}</arg>
<doc>Scrolls the element identified by ``locator`` into view.</doc>
<status status="PASS" starttime="20211210 12:30:27.951" endtime="20211210 12:30:30.141"/>
</kw>
<status status="PASS" starttime="20211210 12:30:27.951" endtime="20211210 12:30:30.141"/>
</kw>
<kw name="Mouse Over" library="SeleniumLibrary">
<arg>${argument_locater}</arg>
<doc>Simulates hovering the mouse over the element ``locator``.</doc>
<msg timestamp="20211210 12:30:30.141" level="INFO">Simulating Mouse Over on element '//*[contains(text(),'Hyväksy kaikki evästeet')]'.</msg>
<status status="PASS" starttime="20211210 12:30:30.141" endtime="20211210 12:30:30.438"/>
</kw>
<kw name="Set Focus To Element" library="SeleniumLibrary">
<arg>${argument_locater}</arg>
<doc>Sets the focus to the element identified by ``locator``.</doc>
<status status="PASS" starttime="20211210 12:30:30.438" endtime="20211210 12:30:30.456"/>
</kw>
<kw name="Click Element" library="SeleniumLibrary">
<arg>${argument_locater}</arg>
<doc>Click the element identified by ``locator``.</doc>
<msg timestamp="20211210 12:30:30.457" level="INFO">Clicking element '//*[contains(text(),'Hyväksy kaikki evästeet')]'.</msg>
<status status="PASS" starttime="20211210 12:30:30.456" endtime="20211210 12:30:30.510"/>
</kw>
<status status="PASS" starttime="20211210 12:30:26.788" endtime="20211210 12:30:30.510"/>
</kw>
<kw name="Click Element If Visible" library="Resources">
<arg>${close_chatbox}</arg>
<kw name="Set Selenium Implicit Wait" library="SeleniumLibrary">
<arg>1</arg>
<doc>Sets the implicit wait value used by Selenium.</doc>
<status status="PASS" starttime="20211210 12:30:30.511" endtime="20211210 12:30:30.513"/>
</kw>
<kw name="Get Element Count" library="SeleniumLibrary">
<var>${count}</var>
<arg>${argument_element}</arg>
<doc>Returns the number of elements matching ``locator``.</doc>
<msg timestamp="20211210 12:30:31.865" level="INFO">${count} = 0</msg>
<status status="PASS" starttime="20211210 12:30:30.513" endtime="20211210 12:30:31.865"/>
</kw>
<if>
<branch type="IF" condition="${count} &gt; 0">
<kw name="Click Element" library="SeleniumLibrary">
<arg>${argument_element}</arg>
<doc>Click the element identified by ``locator``.</doc>
<status status="NOT RUN" starttime="20211210 12:30:31.866" endtime="20211210 12:30:31.866"/>
</kw>
<status status="NOT RUN" starttime="20211210 12:30:31.865" endtime="20211210 12:30:31.866"/>
</branch>
<status status="PASS" starttime="20211210 12:30:31.865" endtime="20211210 12:30:31.866"/>
</if>
<kw name="Set Selenium Implicit Wait" library="SeleniumLibrary">
<arg>${time_out}</arg>
<doc>Sets the implicit wait value used by Selenium.</doc>
<status status="PASS" starttime="20211210 12:30:31.866" endtime="20211210 12:30:31.873"/>
</kw>
<status status="PASS" starttime="20211210 12:30:30.510" endtime="20211210 12:30:31.873"/>
</kw>
<status status="PASS" starttime="20211210 12:30:23.041" endtime="20211210 12:30:31.874"/>
</kw>
<kw name="Verify Error Message">
<arg>12</arg>
<kw name="Provide Reference Number" library="Resources">
<arg>${base_number}</arg>
<kw name="Input Text" library="SeleniumLibrary">
<arg>${reference_number_base}</arg>
<arg>${base_number}</arg>
<doc>Types the given ``text`` into the text field identified by ``locator``.</doc>
<msg timestamp="20211210 12:30:31.877" level="INFO">Typing text '12' into text field '//*[@name='referenceNumberBase']'.</msg>
<status status="PASS" starttime="20211210 12:30:31.876" endtime="20211210 12:30:32.140"/>
</kw>
<kw name="Select From List By Index" library="SeleniumLibrary">
<arg>${reference_number_dropdown}</arg>
<arg>2</arg>
<doc>Selects options from selection list ``locator`` by ``indexes``.</doc>
<msg timestamp="20211210 12:30:32.142" level="INFO">Selecting options from selection list '(//*[@class='input-group']/*)[2]' by index 2.</msg>
<status status="PASS" starttime="20211210 12:30:32.140" endtime="20211210 12:30:32.337"/>
</kw>
<kw name="Sleep" library="BuiltIn">
<arg>2</arg>
<doc>Pauses the test executed for the given time.</doc>
<msg timestamp="20211210 12:30:34.338" level="INFO">Slept 2 seconds</msg>
<status status="PASS" starttime="20211210 12:30:32.337" endtime="20211210 12:30:34.338"/>
</kw>
<kw name="Click Element If Visible" library="Resources">
<arg>${close_chatbox}</arg>
<kw name="Set Selenium Implicit Wait" library="SeleniumLibrary">
<arg>1</arg>
<doc>Sets the implicit wait value used by Selenium.</doc>
<status status="PASS" starttime="20211210 12:30:34.338" endtime="20211210 12:30:34.338"/>
</kw>
<kw name="Get Element Count" library="SeleniumLibrary">
<var>${count}</var>
<arg>${argument_element}</arg>
<doc>Returns the number of elements matching ``locator``.</doc>
<msg timestamp="20211210 12:30:35.350" level="INFO">${count} = 0</msg>
<status status="PASS" starttime="20211210 12:30:34.338" endtime="20211210 12:30:35.350"/>
</kw>
<if>
<branch type="IF" condition="${count} &gt; 0">
<kw name="Click Element" library="SeleniumLibrary">
<arg>${argument_element}</arg>
<doc>Click the element identified by ``locator``.</doc>
<status status="NOT RUN" starttime="20211210 12:30:35.350" endtime="20211210 12:30:35.350"/>
</kw>
<status status="NOT RUN" starttime="20211210 12:30:35.350" endtime="20211210 12:30:35.350"/>
</branch>
<status status="PASS" starttime="20211210 12:30:35.350" endtime="20211210 12:30:35.350"/>
</if>
<kw name="Set Selenium Implicit Wait" library="SeleniumLibrary">
<arg>${time_out}</arg>
<doc>Sets the implicit wait value used by Selenium.</doc>
<status status="PASS" starttime="20211210 12:30:35.350" endtime="20211210 12:30:35.350"/>
</kw>
<status status="PASS" starttime="20211210 12:30:34.338" endtime="20211210 12:30:35.350"/>
</kw>
<kw name="Click Element When Visible" library="Resources">
<arg>${kansainvalinen_viitenumero}</arg>
<kw name="Wait Until Element Is Visible" library="SeleniumLibrary">
<arg>${argument_locater}</arg>
<arg>${time_out}</arg>
<doc>Waits until the element ``locator`` is visible.</doc>
<status status="PASS" starttime="20211210 12:30:35.350" endtime="20211210 12:30:35.381"/>
</kw>
<kw name="Run Keyword And Ignore Error" library="BuiltIn">
<arg>scroll element into view</arg>
<arg>${argument_locater}</arg>
<doc>Runs the given keyword with the given arguments and ignores possible error.</doc>
<kw name="Scroll Element Into View" library="SeleniumLibrary">
<arg>${argument_locater}</arg>
<doc>Scrolls the element identified by ``locator`` into view.</doc>
<status status="PASS" starttime="20211210 12:30:35.381" endtime="20211210 12:30:35.664"/>
</kw>
<status status="PASS" starttime="20211210 12:30:35.381" endtime="20211210 12:30:35.664"/>
</kw>
<kw name="Mouse Over" library="SeleniumLibrary">
<arg>${argument_locater}</arg>
<doc>Simulates hovering the mouse over the element ``locator``.</doc>
<msg timestamp="20211210 12:30:35.664" level="INFO">Simulating Mouse Over on element '//*[contains(text(),'Kansainvälinen viitenumero')]/..'.</msg>
<status status="PASS" starttime="20211210 12:30:35.664" endtime="20211210 12:30:35.945"/>
</kw>
<kw name="Set Focus To Element" library="SeleniumLibrary">
<arg>${argument_locater}</arg>
<doc>Sets the focus to the element identified by ``locator``.</doc>
<status status="PASS" starttime="20211210 12:30:35.945" endtime="20211210 12:30:35.945"/>
</kw>
<kw name="Click Element" library="SeleniumLibrary">
<arg>${argument_locater}</arg>
<doc>Click the element identified by ``locator``.</doc>
<msg timestamp="20211210 12:30:35.960" level="INFO">Clicking element '//*[contains(text(),'Kansainvälinen viitenumero')]/..'.</msg>
<status status="PASS" starttime="20211210 12:30:35.960" endtime="20211210 12:30:36.030"/>
</kw>
<status status="PASS" starttime="20211210 12:30:35.350" endtime="20211210 12:30:36.030"/>
</kw>
<kw name="Sleep" library="BuiltIn">
<arg>2</arg>
<doc>Pauses the test executed for the given time.</doc>
<msg timestamp="20211210 12:30:38.040" level="INFO">Slept 2 seconds</msg>
<status status="PASS" starttime="20211210 12:30:36.031" endtime="20211210 12:30:38.040"/>
</kw>
<kw name="Click Element If Visible" library="Resources">
<arg>${close_chatbox}</arg>
<kw name="Set Selenium Implicit Wait" library="SeleniumLibrary">
<arg>1</arg>
<doc>Sets the implicit wait value used by Selenium.</doc>
<status status="PASS" starttime="20211210 12:30:38.040" endtime="20211210 12:30:38.040"/>
</kw>
<kw name="Get Element Count" library="SeleniumLibrary">
<var>${count}</var>
<arg>${argument_element}</arg>
<doc>Returns the number of elements matching ``locator``.</doc>
<msg timestamp="20211210 12:30:39.104" level="INFO">${count} = 0</msg>
<status status="PASS" starttime="20211210 12:30:38.040" endtime="20211210 12:30:39.104"/>
</kw>
<if>
<branch type="IF" condition="${count} &gt; 0">
<kw name="Click Element" library="SeleniumLibrary">
<arg>${argument_element}</arg>
<doc>Click the element identified by ``locator``.</doc>
<status status="NOT RUN" starttime="20211210 12:30:39.104" endtime="20211210 12:30:39.104"/>
</kw>
<status status="NOT RUN" starttime="20211210 12:30:39.104" endtime="20211210 12:30:39.104"/>
</branch>
<status status="PASS" starttime="20211210 12:30:39.104" endtime="20211210 12:30:39.104"/>
</if>
<kw name="Set Selenium Implicit Wait" library="SeleniumLibrary">
<arg>${time_out}</arg>
<doc>Sets the implicit wait value used by Selenium.</doc>
<status status="PASS" starttime="20211210 12:30:39.104" endtime="20211210 12:30:39.104"/>
</kw>
<status status="PASS" starttime="20211210 12:30:38.040" endtime="20211210 12:30:39.104"/>
</kw>
<kw name="Sleep" library="BuiltIn">
<arg>1</arg>
<doc>Pauses the test executed for the given time.</doc>
<msg timestamp="20211210 12:30:40.112" level="INFO">Slept 1 second</msg>
<status status="PASS" starttime="20211210 12:30:39.104" endtime="20211210 12:30:40.112"/>
</kw>
<kw name="Click Element When Visible" library="Resources">
<arg>${laske}</arg>
<kw name="Wait Until Element Is Visible" library="SeleniumLibrary">
<arg>${argument_locater}</arg>
<arg>${time_out}</arg>
<doc>Waits until the element ``locator`` is visible.</doc>
<status status="PASS" starttime="20211210 12:30:40.112" endtime="20211210 12:30:40.128"/>
</kw>
<kw name="Run Keyword And Ignore Error" library="BuiltIn">
<arg>scroll element into view</arg>
<arg>${argument_locater}</arg>
<doc>Runs the given keyword with the given arguments and ignores possible error.</doc>
<kw name="Scroll Element Into View" library="SeleniumLibrary">
<arg>${argument_locater}</arg>
<doc>Scrolls the element identified by ``locator`` into view.</doc>
<kw name="Capture Page Screenshot" library="SeleniumLibrary">
<doc>Takes a screenshot of the current page and embeds it into a log file.</doc>
<msg timestamp="20211210 12:30:40.423" level="INFO" html="true">&lt;/td&gt;&lt;/tr&gt;&lt;tr&gt;&lt;td colspan="3"&gt;&lt;a href="selenium-screenshot-17.png"&gt;&lt;img src="selenium-screenshot-17.png" width="800px"&gt;&lt;/a&gt;</msg>
<status status="PASS" starttime="20211210 12:30:40.161" endtime="20211210 12:30:40.423"/>
</kw>
<msg timestamp="20211210 12:30:40.426" level="FAIL">MoveTargetOutOfBoundsException: Message: move target out of bounds
  (Session info: chrome=96.0.4664.45)
Stacktrace:
Backtrace:
	Ordinal0 [0x008E6903+2517251]
	Ordinal0 [0x0087F8E1+2095329]
	Ordinal0 [0x00782710+1058576]
	Ordinal0 [0x007DD1C4+1429956]
	Ordinal0 [0x007C64D3+1336531]
	Ordinal0 [0x007D5BBF+1399743]
	Ordinal0 [0x007C639B+1336219]
	Ordinal0 [0x007A27A7+1189799]
	Ordinal0 [0x007A3609+1193481]
	GetHandleVerifier [0x00A75904+1577972]
	GetHandleVerifier [0x00B20B97+2279047]
	GetHandleVerifier [0x00976D09+534521]
	GetHandleVerifier [0x00975DB9+530601]
	Ordinal0 [0x00884FF9+2117625]
	Ordinal0 [0x008898A8+2136232]
	Ordinal0 [0x008899E2+2136546]
	Ordinal0 [0x00893541+2176321]
	BaseThreadInitThunk [0x773BFA29+25]
	RtlGetAppContainerNamedObjectPath [0x775C7A9E+286]
	RtlGetAppContainerNamedObjectPath [0x775C7A6E+238]
</msg>
<status status="FAIL" starttime="20211210 12:30:40.128" endtime="20211210 12:30:40.426"/>
</kw>
<status status="PASS" starttime="20211210 12:30:40.128" endtime="20211210 12:30:40.426"/>
</kw>
<kw name="Mouse Over" library="SeleniumLibrary">
<arg>${argument_locater}</arg>
<doc>Simulates hovering the mouse over the element ``locator``.</doc>
<msg timestamp="20211210 12:30:40.426" level="INFO">Simulating Mouse Over on element '//*[contains(text(),'Laske')]'.</msg>
<status status="PASS" starttime="20211210 12:30:40.426" endtime="20211210 12:30:40.705"/>
</kw>
<kw name="Set Focus To Element" library="SeleniumLibrary">
<arg>${argument_locater}</arg>
<doc>Sets the focus to the element identified by ``locator``.</doc>
<status status="PASS" starttime="20211210 12:30:40.705" endtime="20211210 12:30:40.732"/>
</kw>
<kw name="Click Element" library="SeleniumLibrary">
<arg>${argument_locater}</arg>
<doc>Click the element identified by ``locator``.</doc>
<msg timestamp="20211210 12:30:40.733" level="INFO">Clicking element '//*[contains(text(),'Laske')]'.</msg>
<status status="PASS" starttime="20211210 12:30:40.732" endtime="20211210 12:30:40.887"/>
</kw>
<status status="PASS" starttime="20211210 12:30:40.112" endtime="20211210 12:30:40.887"/>
</kw>
<status status="PASS" starttime="20211210 12:30:31.875" endtime="20211210 12:30:40.887"/>
</kw>
<kw name="Click Element If Visible" library="Resources">
<arg>${close_chatbox}</arg>
<kw name="Set Selenium Implicit Wait" library="SeleniumLibrary">
<arg>1</arg>
<doc>Sets the implicit wait value used by Selenium.</doc>
<status status="PASS" starttime="20211210 12:30:40.889" endtime="20211210 12:30:40.893"/>
</kw>
<kw name="Get Element Count" library="SeleniumLibrary">
<var>${count}</var>
<arg>${argument_element}</arg>
<doc>Returns the number of elements matching ``locator``.</doc>
<msg timestamp="20211210 12:30:41.572" level="INFO">${count} = 1</msg>
<status status="PASS" starttime="20211210 12:30:40.893" endtime="20211210 12:30:41.572"/>
</kw>
<if>
<branch type="IF" condition="${count} &gt; 0">
<kw name="Click Element" library="SeleniumLibrary">
<arg>${argument_element}</arg>
<doc>Click the element identified by ``locator``.</doc>
<msg timestamp="20211210 12:30:41.573" level="INFO">Clicking element '//*[@title='Sulje']'.</msg>
<status status="PASS" starttime="20211210 12:30:41.573" endtime="20211210 12:30:41.689"/>
</kw>
<status status="PASS" starttime="20211210 12:30:41.573" endtime="20211210 12:30:41.689"/>
</branch>
<status status="PASS" starttime="20211210 12:30:41.572" endtime="20211210 12:30:41.689"/>
</if>
<kw name="Set Selenium Implicit Wait" library="SeleniumLibrary">
<arg>${time_out}</arg>
<doc>Sets the implicit wait value used by Selenium.</doc>
<status status="PASS" starttime="20211210 12:30:41.690" endtime="20211210 12:30:41.693"/>
</kw>
<status status="PASS" starttime="20211210 12:30:40.888" endtime="20211210 12:30:41.693"/>
</kw>
<kw name="Get Length" library="BuiltIn">
<var>${lenght_base_number}</var>
<arg>${base_number}</arg>
<doc>Returns and logs the length of the given item as an integer.</doc>
<msg timestamp="20211210 12:30:41.695" level="INFO">Length is 2</msg>
<msg timestamp="20211210 12:30:41.695" level="INFO">${lenght_base_number} = 2</msg>
<status status="PASS" starttime="20211210 12:30:41.694" endtime="20211210 12:30:41.695"/>
</kw>
<if>
<branch type="IF" condition="${lenght_base_number} &lt; 3">
<kw name="Sleep" library="BuiltIn">
<arg>1</arg>
<doc>Pauses the test executed for the given time.</doc>
<msg timestamp="20211210 12:30:42.708" level="INFO">Slept 1 second</msg>
<status status="PASS" starttime="20211210 12:30:41.696" endtime="20211210 12:30:42.708"/>
</kw>
<kw name="Element Should Be Visible" library="SeleniumLibrary">
<arg>${error_message}</arg>
<doc>Verifies that the element identified by ``locator`` is visible.</doc>
<msg timestamp="20211210 12:30:42.761" level="INFO">Element '//*[@class='error-text']' is displayed.</msg>
<status status="PASS" starttime="20211210 12:30:42.708" endtime="20211210 12:30:42.761"/>
</kw>
<status status="PASS" starttime="20211210 12:30:41.695" endtime="20211210 12:30:42.761"/>
</branch>
<branch type="ELSE IF" condition="${lenght_base_number} &gt; 19">
<kw name="Sleep" library="BuiltIn">
<arg>2</arg>
<doc>Pauses the test executed for the given time.</doc>
<status status="NOT RUN" starttime="20211210 12:30:42.761" endtime="20211210 12:30:42.761"/>
</kw>
<kw name="Get Value" library="SeleniumLibrary">
<var>${lenght_input_base}</var>
<arg>//*[@name='referenceNumberBase']</arg>
<doc>Returns the value attribute of the element identified by ``locator``.</doc>
<status status="NOT RUN" starttime="20211210 12:30:42.761" endtime="20211210 12:30:42.761"/>
</kw>
<kw name="Get Length" library="BuiltIn">
<var>${lenght_input_base}</var>
<arg>${lenght_input_base}</arg>
<doc>Returns and logs the length of the given item as an integer.</doc>
<status status="NOT RUN" starttime="20211210 12:30:42.761" endtime="20211210 12:30:42.761"/>
</kw>
<kw name="Convert To String" library="BuiltIn">
<var>${lenght_input_base}</var>
<arg>${lenght_input_base}</arg>
<doc>Converts the given item to a Unicode string.</doc>
<status status="NOT RUN" starttime="20211210 12:30:42.777" endtime="20211210 12:30:42.777"/>
</kw>
<kw name="Should Be Equal" library="BuiltIn">
<arg>${lenght_input_base}</arg>
<arg>19</arg>
<doc>Fails if the given objects are unequal.</doc>
<status status="NOT RUN" starttime="20211210 12:30:42.777" endtime="20211210 12:30:42.777"/>
</kw>
<status status="NOT RUN" starttime="20211210 12:30:42.761" endtime="20211210 12:30:42.777"/>
</branch>
<status status="PASS" starttime="20211210 12:30:41.695" endtime="20211210 12:30:42.777"/>
</if>
<status status="PASS" starttime="20211210 12:30:31.875" endtime="20211210 12:30:42.777"/>
[...]
<status status="PASS" starttime="20211210 12:32:13.421" endtime="20211210 12:32:14.022"/>
</kw>
<status status="PASS" starttime="20211210 12:32:13.419" endtime="20211210 12:32:14.022"/>
</kw>
<kw name="Mouse Over" library="SeleniumLibrary">
<arg>${argument_locater}</arg>
<doc>Simulates hovering the mouse over the element ``locator``.</doc>
<msg timestamp="20211210 12:32:14.024" level="INFO">Simulating Mouse Over on element '//*[contains(text(),'Hyväksy kaikki evästeet')]'.</msg>
<status status="PASS" starttime="20211210 12:32:14.023" endtime="20211210 12:32:14.354"/>
</kw>
<kw name="Set Focus To Element" library="SeleniumLibrary">
<arg>${argument_locater}</arg>
<doc>Sets the focus to the element identified by ``locator``.</doc>
<status status="PASS" starttime="20211210 12:32:14.354" endtime="20211210 12:32:14.377"/>
</kw>
<kw name="Click Element" library="SeleniumLibrary">
<arg>${argument_locater}</arg>
<doc>Click the element identified by ``locator``.</doc>
<msg timestamp="20211210 12:32:14.378" level="INFO">Clicking element '//*[contains(text(),'Hyväksy kaikki evästeet')]'.</msg>
<status status="PASS" starttime="20211210 12:32:14.377" endtime="20211210 12:32:14.532"/>
</kw>
<status status="PASS" starttime="20211210 12:32:12.579" endtime="20211210 12:32:14.532"/>
</kw>
<kw name="Click Element If Visible" library="Resources">
<arg>${close_chatbox}</arg>
<kw name="Set Selenium Implicit Wait" library="SeleniumLibrary">
<arg>1</arg>
<doc>Sets the implicit wait value used by Selenium.</doc>
<status status="PASS" starttime="20211210 12:32:14.534" endtime="20211210 12:32:14.556"/>
</kw>
<kw name="Get Element Count" library="SeleniumLibrary">
<var>${count}</var>
<arg>${argument_element}</arg>
<doc>Returns the number of elements matching ``locator``.</doc>
<msg timestamp="20211210 12:32:15.675" level="INFO">${count} = 0</msg>
<status status="PASS" starttime="20211210 12:32:14.558" endtime="20211210 12:32:15.675"/>
</kw>
<if>
<branch type="IF" condition="${count} &gt; 0">
<kw name="Click Element" library="SeleniumLibrary">
<arg>${argument_element}</arg>
<doc>Click the element identified by ``locator``.</doc>
<status status="NOT RUN" starttime="20211210 12:32:15.675" endtime="20211210 12:32:15.675"/>
</kw>
<status status="NOT RUN" starttime="20211210 12:32:15.675" endtime="20211210 12:32:15.675"/>
</branch>
<status status="PASS" starttime="20211210 12:32:15.675" endtime="20211210 12:32:15.675"/>
</if>
<kw name="Set Selenium Implicit Wait" library="SeleniumLibrary">
<arg>${time_out}</arg>
<doc>Sets the implicit wait value used by Selenium.</doc>
<status status="PASS" starttime="20211210 12:32:15.675" endtime="20211210 12:32:15.675"/>
</kw>
<status status="PASS" starttime="20211210 12:32:14.533" endtime="20211210 12:32:15.675"/>
</kw>
<status status="PASS" starttime="20211210 12:32:08.538" endtime="20211210 12:32:15.675"/>
</kw>
<kw name="Verify Error Message">
<arg>12345678912345678912</arg>
<kw name="Provide Reference Number" library="Resources">
<arg>${base_number}</arg>
<kw name="Input Text" library="SeleniumLibrary">
<arg>${reference_number_base}</arg>
<arg>${base_number}</arg>
<doc>Types the given ``text`` into the text field identified by ``locator``.</doc>
<msg timestamp="20211210 12:32:15.675" level="INFO">Typing text '12345678912345678912' into text field '//*[@name='referenceNumberBase']'.</msg>
<status status="PASS" starttime="20211210 12:32:15.675" endtime="20211210 12:32:16.279"/>
</kw>
<kw name="Select From List By Index" library="SeleniumLibrary">
<arg>${reference_number_dropdown}</arg>
<arg>2</arg>
<doc>Selects options from selection list ``locator`` by ``indexes``.</doc>
<msg timestamp="20211210 12:32:16.280" level="INFO">Selecting options from selection list '(//*[@class='input-group']/*)[2]' by index 2.</msg>
<status status="PASS" starttime="20211210 12:32:16.280" endtime="20211210 12:32:16.439"/>
</kw>
<kw name="Sleep" library="BuiltIn">
<arg>2</arg>
<doc>Pauses the test executed for the given time.</doc>
<msg timestamp="20211210 12:32:18.448" level="INFO">Slept 2 seconds</msg>
<status status="PASS" starttime="20211210 12:32:16.439" endtime="20211210 12:32:18.448"/>
</kw>
<kw name="Click Element If Visible" library="Resources">
<arg>${close_chatbox}</arg>
<kw name="Set Selenium Implicit Wait" library="SeleniumLibrary">
<arg>1</arg>
<doc>Sets the implicit wait value used by Selenium.</doc>
<status status="PASS" starttime="20211210 12:32:18.448" endtime="20211210 12:32:18.448"/>
</kw>
<kw name="Get Element Count" library="SeleniumLibrary">
<var>${count}</var>
<arg>${argument_element}</arg>
<doc>Returns the number of elements matching ``locator``.</doc>
<msg timestamp="20211210 12:32:19.478" level="INFO">${count} = 0</msg>
<status status="PASS" starttime="20211210 12:32:18.448" endtime="20211210 12:32:19.478"/>
</kw>
<if>
<branch type="IF" condition="${count} &gt; 0">
<kw name="Click Element" library="SeleniumLibrary">
<arg>${argument_element}</arg>
<doc>Click the element identified by ``locator``.</doc>
<status status="NOT RUN" starttime="20211210 12:32:19.479" endtime="20211210 12:32:19.479"/>
</kw>
<status status="NOT RUN" starttime="20211210 12:32:19.479" endtime="20211210 12:32:19.479"/>
</branch>
<status status="PASS" starttime="20211210 12:32:19.478" endtime="20211210 12:32:19.479"/>
</if>
<kw name="Set Selenium Implicit Wait" library="SeleniumLibrary">
<arg>${time_out}</arg>
<doc>Sets the implicit wait value used by Selenium.</doc>
<status status="PASS" starttime="20211210 12:32:19.479" endtime="20211210 12:32:19.481"/>
</kw>
<status status="PASS" starttime="20211210 12:32:18.448" endtime="20211210 12:32:19.481"/>
</kw>
<kw name="Click Element When Visible" library="Resources">
<arg>${kansainvalinen_viitenumero}</arg>
<kw name="Wait Until Element Is Visible" library="SeleniumLibrary">
<arg>${argument_locater}</arg>
<arg>${time_out}</arg>
<doc>Waits until the element ``locator`` is visible.</doc>
<status status="PASS" starttime="20211210 12:32:19.481" endtime="20211210 12:32:19.497"/>
</kw>
<kw name="Run Keyword And Ignore Error" library="BuiltIn">
<arg>scroll element into view</arg>
<arg>${argument_locater}</arg>
<doc>Runs the given keyword with the given arguments and ignores possible error.</doc>
<kw name="Scroll Element Into View" library="SeleniumLibrary">
<arg>${argument_locater}</arg>
<doc>Scrolls the element identified by ``locator`` into view.</doc>
<status status="PASS" starttime="20211210 12:32:19.497" endtime="20211210 12:32:19.790"/>
</kw>
<status status="PASS" starttime="20211210 12:32:19.497" endtime="20211210 12:32:19.790"/>
</kw>
<kw name="Mouse Over" library="SeleniumLibrary">
<arg>${argument_locater}</arg>
<doc>Simulates hovering the mouse over the element ``locator``.</doc>
<msg timestamp="20211210 12:32:19.790" level="INFO">Simulating Mouse Over on element '//*[contains(text(),'Kansainvälinen viitenumero')]/..'.</msg>
<status status="PASS" starttime="20211210 12:32:19.790" endtime="20211210 12:32:20.067"/>
</kw>
<kw name="Set Focus To Element" library="SeleniumLibrary">
<arg>${argument_locater}</arg>
<doc>Sets the focus to the element identified by ``locator``.</doc>
<status status="PASS" starttime="20211210 12:32:20.067" endtime="20211210 12:32:20.083"/>
</kw>
<kw name="Click Element" library="SeleniumLibrary">
<arg>${argument_locater}</arg>
<doc>Click the element identified by ``locator``.</doc>
<msg timestamp="20211210 12:32:20.083" level="INFO">Clicking element '//*[contains(text(),'Kansainvälinen viitenumero')]/..'.</msg>
<status status="PASS" starttime="20211210 12:32:20.083" endtime="20211210 12:32:20.152"/>
</kw>
<status status="PASS" starttime="20211210 12:32:19.481" endtime="20211210 12:32:20.152"/>
</kw>
<kw name="Sleep" library="BuiltIn">
<arg>2</arg>
<doc>Pauses the test executed for the given time.</doc>
<msg timestamp="20211210 12:32:22.156" level="INFO">Slept 2 seconds</msg>
<status status="PASS" starttime="20211210 12:32:20.152" endtime="20211210 12:32:22.156"/>
</kw>
<kw name="Click Element If Visible" library="Resources">
<arg>${close_chatbox}</arg>
<kw name="Set Selenium Implicit Wait" library="SeleniumLibrary">
<arg>1</arg>
<doc>Sets the implicit wait value used by Selenium.</doc>
<status status="PASS" starttime="20211210 12:32:22.156" endtime="20211210 12:32:22.156"/>
</kw>
<kw name="Get Element Count" library="SeleniumLibrary">
<var>${count}</var>
<arg>${argument_element}</arg>
<doc>Returns the number of elements matching ``locator``.</doc>
<msg timestamp="20211210 12:32:23.208" level="INFO">${count} = 0</msg>
<status status="PASS" starttime="20211210 12:32:22.156" endtime="20211210 12:32:23.208"/>
</kw>
<if>
<branch type="IF" condition="${count} &gt; 0">
<kw name="Click Element" library="SeleniumLibrary">
<arg>${argument_element}</arg>
<doc>Click the element identified by ``locator``.</doc>
<status status="NOT RUN" starttime="20211210 12:32:23.208" endtime="20211210 12:32:23.208"/>
</kw>
<status status="NOT RUN" starttime="20211210 12:32:23.208" endtime="20211210 12:32:23.208"/>
</branch>
<status status="PASS" starttime="20211210 12:32:23.208" endtime="20211210 12:32:23.208"/>
</if>
<kw name="Set Selenium Implicit Wait" library="SeleniumLibrary">
<arg>${time_out}</arg>
<doc>Sets the implicit wait value used by Selenium.</doc>
<status status="PASS" starttime="20211210 12:32:23.208" endtime="20211210 12:32:23.208"/>
</kw>
<status status="PASS" starttime="20211210 12:32:22.156" endtime="20211210 12:32:23.208"/>
</kw>
<kw name="Sleep" library="BuiltIn">
<arg>1</arg>
<doc>Pauses the test executed for the given time.</doc>
<msg timestamp="20211210 12:32:24.215" level="INFO">Slept 1 second</msg>
<status status="PASS" starttime="20211210 12:32:23.208" endtime="20211210 12:32:24.215"/>
</kw>
<kw name="Click Element When Visible" library="Resources">
<arg>${laske}</arg>
<kw name="Wait Until Element Is Visible" library="SeleniumLibrary">
<arg>${argument_locater}</arg>
<arg>${time_out}</arg>
<doc>Waits until the element ``locator`` is visible.</doc>
<status status="PASS" starttime="20211210 12:32:24.215" endtime="20211210 12:32:24.230"/>
</kw>
<kw name="Run Keyword And Ignore Error" library="BuiltIn">
<arg>scroll element into view</arg>
<arg>${argument_locater}</arg>
<doc>Runs the given keyword with the given arguments and ignores possible error.</doc>
<kw name="Scroll Element Into View" library="SeleniumLibrary">
<arg>${argument_locater}</arg>
<doc>Scrolls the element identified by ``locator`` into view.</doc>
<kw name="Capture Page Screenshot" library="SeleniumLibrary">
<doc>Takes a screenshot of the current page and embeds it into a log file.</doc>
<msg timestamp="20211210 12:32:24.550" level="INFO" html="true">&lt;/td&gt;&lt;/tr&gt;&lt;tr&gt;&lt;td colspan="3"&gt;&lt;a href="selenium-screenshot-21.png"&gt;&lt;img src="selenium-screenshot-21.png" width="800px"&gt;&lt;/a&gt;</msg>
<status status="PASS" starttime="20211210 12:32:24.264" endtime="20211210 12:32:24.550"/>
</kw>
<msg timestamp="20211210 12:32:24.552" level="FAIL">MoveTargetOutOfBoundsException: Message: move target out of bounds
  (Session info: chrome=96.0.4664.45)
Stacktrace:
Backtrace:
	Ordinal0 [0x008E6903+2517251]
	Ordinal0 [0x0087F8E1+2095329]
	Ordinal0 [0x00782710+1058576]
	Ordinal0 [0x007DD1C4+1429956]
	Ordinal0 [0x007C64D3+1336531]
	Ordinal0 [0x007D5BBF+1399743]
	Ordinal0 [0x007C639B+1336219]
	Ordinal0 [0x007A27A7+1189799]
	Ordinal0 [0x007A3609+1193481]
	GetHandleVerifier [0x00A75904+1577972]
	GetHandleVerifier [0x00B20B97+2279047]
	GetHandleVerifier [0x00976D09+534521]
	GetHandleVerifier [0x00975DB9+530601]
	Ordinal0 [0x00884FF9+2117625]
	Ordinal0 [0x008898A8+2136232]
	Ordinal0 [0x008899E2+2136546]
	Ordinal0 [0x00893541+2176321]
	BaseThreadInitThunk [0x773BFA29+25]
	RtlGetAppContainerNamedObjectPath [0x775C7A9E+286]
	RtlGetAppContainerNamedObjectPath [0x775C7A6E+238]
</msg>
<status status="FAIL" starttime="20211210 12:32:24.230" endtime="20211210 12:32:24.552"/>
</kw>
<status status="PASS" starttime="20211210 12:32:24.230" endtime="20211210 12:32:24.552"/>
</kw>
<kw name="Mouse Over" library="SeleniumLibrary">
<arg>${argument_locater}</arg>
<doc>Simulates hovering the mouse over the element ``locator``.</doc>
<msg timestamp="20211210 12:32:24.553" level="INFO">Simulating Mouse Over on element '//*[contains(text(),'Laske')]'.</msg>
<status status="PASS" starttime="20211210 12:32:24.553" endtime="20211210 12:32:24.829"/>
</kw>
<kw name="Set Focus To Element" library="SeleniumLibrary">
<arg>${argument_locater}</arg>
<doc>Sets the focus to the element identified by ``locator``.</doc>
<status status="PASS" starttime="20211210 12:32:24.829" endtime="20211210 12:32:24.865"/>
</kw>
<kw name="Click Element" library="SeleniumLibrary">
<arg>${argument_locater}</arg>
<doc>Click the element identified by ``locator``.</doc>
<msg timestamp="20211210 12:32:24.866" level="INFO">Clicking element '//*[contains(text(),'Laske')]'.</msg>
<status status="PASS" starttime="20211210 12:32:24.865" endtime="20211210 12:32:24.933"/>
</kw>
<status status="PASS" starttime="20211210 12:32:24.215" endtime="20211210 12:32:24.933"/>
</kw>
<status status="PASS" starttime="20211210 12:32:15.675" endtime="20211210 12:32:24.934"/>
</kw>
<kw name="Click Element If Visible" library="Resources">
<arg>${close_chatbox}</arg>
<kw name="Set Selenium Implicit Wait" library="SeleniumLibrary">
<arg>1</arg>
<doc>Sets the implicit wait value used by Selenium.</doc>
<status status="PASS" starttime="20211210 12:32:24.934" endtime="20211210 12:32:24.937"/>
</kw>
<kw name="Get Element Count" library="SeleniumLibrary">
<var>${count}</var>
<arg>${argument_element}</arg>
<doc>Returns the number of elements matching ``locator``.</doc>
<msg timestamp="20211210 12:32:25.985" level="INFO">${count} = 0</msg>
<status status="PASS" starttime="20211210 12:32:24.937" endtime="20211210 12:32:25.985"/>
</kw>
<if>
<branch type="IF" condition="${count} &gt; 0">
<kw name="Click Element" library="SeleniumLibrary">
<arg>${argument_element}</arg>
<doc>Click the element identified by ``locator``.</doc>
<status status="NOT RUN" starttime="20211210 12:32:25.985" endtime="20211210 12:32:25.985"/>
</kw>
<status status="NOT RUN" starttime="20211210 12:32:25.985" endtime="20211210 12:32:25.985"/>
</branch>
<status status="PASS" starttime="20211210 12:32:25.985" endtime="20211210 12:32:25.985"/>
</if>
<kw name="Set Selenium Implicit Wait" library="SeleniumLibrary">
<arg>${time_out}</arg>
<doc>Sets the implicit wait value used by Selenium.</doc>
<status status="PASS" starttime="20211210 12:32:25.985" endtime="20211210 12:32:25.985"/>
</kw>
<status status="PASS" starttime="20211210 12:32:24.934" endtime="20211210 12:32:25.985"/>
</kw>
<kw name="Get Length" library="BuiltIn">
<var>${lenght_base_number}</var>
<arg>${base_number}</arg>
<doc>Returns and logs the length of the given item as an integer.</doc>
<msg timestamp="20211210 12:32:25.985" level="INFO">Length is 20</msg>
<msg timestamp="20211210 12:32:25.985" level="INFO">${lenght_base_number} = 20</msg>
<status status="PASS" starttime="20211210 12:32:25.985" endtime="20211210 12:32:25.985"/>
</kw>
<if>
<branch type="IF" condition="${lenght_base_number} &lt; 3">
<kw name="Sleep" library="BuiltIn">
<arg>1</arg>
<doc>Pauses the test executed for the given time.</doc>
<status status="NOT RUN" starttime="20211210 12:32:25.985" endtime="20211210 12:32:25.985"/>
</kw>
<kw name="Element Should Be Visible" library="SeleniumLibrary">
<arg>${error_message}</arg>
<doc>Verifies that the element identified by ``locator`` is visible.</doc>
<status status="NOT RUN" starttime="20211210 12:32:25.985" endtime="20211210 12:32:25.985"/>
</kw>
<status status="NOT RUN" starttime="20211210 12:32:25.985" endtime="20211210 12:32:25.985"/>
</branch>
<branch type="ELSE IF" condition="${lenght_base_number} &gt; 19">
<kw name="Sleep" library="BuiltIn">
<arg>2</arg>
<doc>Pauses the test executed for the given time.</doc>
<msg timestamp="20211210 12:32:27.989" level="INFO">Slept 2 seconds</msg>
<status status="PASS" starttime="20211210 12:32:25.985" endtime="20211210 12:32:27.989"/>
</kw>
<kw name="Get Value" library="SeleniumLibrary">
<var>${lenght_input_base}</var>
<arg>//*[@name='referenceNumberBase']</arg>
<doc>Returns the value attribute of the element identified by ``locator``.</doc>
<msg timestamp="20211210 12:32:28.012" level="INFO">${lenght_input_base} = 1234567891234567891</msg>
<status status="PASS" starttime="20211210 12:32:27.989" endtime="20211210 12:32:28.012"/>
</kw>
<kw name="Get Length" library="BuiltIn">
<var>${lenght_input_base}</var>
<arg>${lenght_input_base}</arg>
<doc>Returns and logs the length of the given item as an integer.</doc>
<msg timestamp="20211210 12:32:28.013" level="INFO">Length is 19</msg>
<msg timestamp="20211210 12:32:28.013" level="INFO">${lenght_input_base} = 19</msg>
<status status="PASS" starttime="20211210 12:32:28.012" endtime="20211210 12:32:28.013"/>
</kw>
<kw name="Convert To String" library="BuiltIn">
<var>${lenght_input_base}</var>
<arg>${lenght_input_base}</arg>
<doc>Converts the given item to a Unicode string.</doc>
<msg timestamp="20211210 12:32:28.013" level="INFO">${lenght_input_base} = 19</msg>
<status status="PASS" starttime="20211210 12:32:28.013" endtime="20211210 12:32:28.013"/>
</kw>
<kw name="Should Be Equal" library="BuiltIn">
<arg>${lenght_input_base}</arg>
<arg>19</arg>
<doc>Fails if the given objects are unequal.</doc>
<status status="PASS" starttime="20211210 12:32:28.013" endtime="20211210 12:32:28.014"/>
</kw>
<status status="PASS" starttime="20211210 12:32:25.985" endtime="20211210 12:32:28.014"/>
</branch>
<status status="PASS" starttime="20211210 12:32:25.985" endtime="20211210 12:32:28.014"/>
</if>
<status status="PASS" starttime="20211210 12:32:15.675" endtime="20211210 12:32:28.014"/>
</kw>
<kw name="Teardown" library="Resources" type="TEARDOWN">
<kw name="Sleep" library="BuiltIn">
<arg>5</arg>
<doc>Pauses the test executed for the given time.</doc>
<msg timestamp="20211210 12:32:33.016" level="INFO">Slept 5 seconds</msg>
<status status="PASS" starttime="20211210 12:32:28.015" endtime="20211210 12:32:33.017"/>
</kw>
<kw name="Close All Browsers" library="SeleniumLibrary">
<doc>Closes all open browsers and resets the browser cache.</doc>
<status status="PASS" starttime="20211210 12:32:33.023" endtime="20211210 12:32:35.429"/>
</kw>
<status status="PASS" starttime="20211210 12:32:28.015" endtime="20211210 12:32:35.429"/>
</kw>
<status status="PASS" starttime="20211210 12:32:08.533" endtime="20211210 12:32:35.429"/>
</test>
<status status="PASS" starttime="20211210 12:29:01.489" endtime="20211210 12:32:35.445"/>
</suite>
<statistics>
<total>
<stat pass="8" fail="0" skip="0">All Tests</stat>
</total>
<tag>
</tag>
<suite>
<stat pass="8" fail="0" skip="0" id="s1" name="NegativeScenerios">NegativeScenerios</stat>
</suite>
</statistics>
<errors>
<msg timestamp="20211210 12:29:31.826" level="WARN">Multiple test cases with name 'Implement Negative Scenerios' executed in test suite 'NegativeScenerios'.</msg>
<msg timestamp="20211210 12:29:57.970" level="WARN">Multiple test cases with name 'Implement Negative Scenerios' executed in test suite 'NegativeScenerios'.</msg>
<msg timestamp="20211210 12:30:23.041" level="WARN">Multiple test cases with name 'Implement Negative Scenerios' executed in test suite 'NegativeScenerios'.</msg>
<msg timestamp="20211210 12:30:50.148" level="WARN">Multiple test cases with name 'Implement Negative Scenerios' executed in test suite 'NegativeScenerios'.</msg>
<msg timestamp="20211210 12:31:15.545" level="WARN">Multiple test cases with name 'Implement Negative Scenerios' executed in test suite 'NegativeScenerios'.</msg>
<msg timestamp="20211210 12:31:43.490" level="WARN">Multiple test cases with name 'Implement Negative Scenerios' executed in test suite 'NegativeScenerios'.</msg>
<msg timestamp="20211210 12:32:08.531" level="WARN">Multiple test cases with name 'Implement Negative Scenerios' executed in test suite 'NegativeScenerios'.</msg>
</errors>
</robot>
