<?xml version="1.0" encoding="UTF-8"?>
<robot generator="Robot 4.1.2 (Python 3.9.5 on win32)" generated="20211210 12:02:49.824" rpa="false" schemaversion="2">
<suite id="s1" name="PositiveScenerios" source="C:\Users\Seda\PycharmProjects\Aktia\TestCases\PositiveScenerios.robot">
<test id="s1-t1" name="Implement Positive Scenerios">
<kw name="Open Browser and Setup" library="Resources" type="SETUP">
<kw name="Open Browser" library="SeleniumLibrary">
<arg>${url}</arg>
<arg>${browser}</arg>
<doc>Opens a new browser instance to the optional ``url``.</doc>
<msg timestamp="20211210 12:02:52.104" level="INFO">Opening browser 'Chrome' to base url 'https://www.aktia.fi/fi/yritysasiakkaat/viitenumerolaskuri'.</msg>
<status status="PASS" starttime="20211210 12:02:52.104" endtime="20211210 12:02:56.882"/>
</kw>
<kw name="Maximize Browser Window" library="SeleniumLibrary">
<doc>Maximizes current browser window.</doc>
<status status="PASS" starttime="20211210 12:02:56.882" endtime="20211210 12:02:57.169"/>
</kw>
<kw name="Set Selenium Implicit Wait" library="SeleniumLibrary">
<arg>${time_out}</arg>
<doc>Sets the implicit wait value used by Selenium.</doc>
<status status="PASS" starttime="20211210 12:02:57.169" endtime="20211210 12:02:57.177"/>
</kw>
<kw name="Click Element When Visible" library="Resources">
<arg>${accept_cookies}</arg>
<kw name="Wait Until Element Is Visible" library="SeleniumLibrary">
<arg>${argument_locater}</arg>
<arg>${time_out}</arg>
<doc>Waits until the element ``locator`` is visible.</doc>
<status status="PASS" starttime="20211210 12:02:57.177" endtime="20211210 12:02:57.769"/>
</kw>
<kw name="Run Keyword And Ignore Error" library="BuiltIn">
<arg>scroll element into view</arg>
<arg>${argument_locater}</arg>
<doc>Runs the given keyword with the given arguments and ignores possible error.</doc>
<kw name="Scroll Element Into View" library="SeleniumLibrary">
<arg>${argument_locater}</arg>
<doc>Scrolls the element identified by ``locator`` into view.</doc>
<status status="PASS" starttime="20211210 12:02:57.769" endtime="20211210 12:02:58.321"/>
</kw>
<status status="PASS" starttime="20211210 12:02:57.769" endtime="20211210 12:02:58.321"/>
</kw>
<kw name="Mouse Over" library="SeleniumLibrary">
<arg>${argument_locater}</arg>
<doc>Simulates hovering the mouse over the element ``locator``.</doc>
<msg timestamp="20211210 12:02:58.321" level="INFO">Simulating Mouse Over on element '//*[contains(text(),'Hyväksy kaikki evästeet')]'.</msg>
<status status="PASS" starttime="20211210 12:02:58.321" endtime="20211210 12:02:59.051"/>
</kw>
<kw name="Set Focus To Element" library="SeleniumLibrary">
<arg>${argument_locater}</arg>
<doc>Sets the focus to the element identified by ``locator``.</doc>
<status status="PASS" starttime="20211210 12:02:59.051" endtime="20211210 12:02:59.144"/>
</kw>
<kw name="Click Element" library="SeleniumLibrary">
<arg>${argument_locater}</arg>
<doc>Click the element identified by ``locator``.</doc>
<msg timestamp="20211210 12:02:59.144" level="INFO">Clicking element '//*[contains(text(),'Hyväksy kaikki evästeet')]'.</msg>
<status status="PASS" starttime="20211210 12:02:59.144" endtime="20211210 12:02:59.413"/>
</kw>
<status status="PASS" starttime="20211210 12:02:57.177" endtime="20211210 12:02:59.413"/>
</kw>
<kw name="Click Element If Visible" library="Resources">
<arg>${close_chatbox}</arg>
<kw name="Set Selenium Implicit Wait" library="SeleniumLibrary">
<arg>1</arg>
<doc>Sets the implicit wait value used by Selenium.</doc>
<status status="PASS" starttime="20211210 12:02:59.413" endtime="20211210 12:02:59.413"/>
</kw>
<kw name="Get Element Count" library="SeleniumLibrary">
<var>${count}</var>
<arg>${argument_element}</arg>
<doc>Returns the number of elements matching ``locator``.</doc>
<msg timestamp="20211210 12:03:00.485" level="INFO">${count} = 0</msg>
<status status="PASS" starttime="20211210 12:02:59.420" endtime="20211210 12:03:00.485"/>
</kw>
<if>
<branch type="IF" condition="${count} &gt; 0">
<kw name="Click Element" library="SeleniumLibrary">
<arg>${argument_element}</arg>
<doc>Click the element identified by ``locator``.</doc>
<status status="NOT RUN" starttime="20211210 12:03:00.485" endtime="20211210 12:03:00.485"/>
</kw>
<status status="NOT RUN" starttime="20211210 12:03:00.485" endtime="20211210 12:03:00.485"/>
</branch>
<status status="PASS" starttime="20211210 12:03:00.485" endtime="20211210 12:03:00.485"/>
</if>
<kw name="Set Selenium Implicit Wait" library="SeleniumLibrary">
<arg>${time_out}</arg>
<doc>Sets the implicit wait value used by Selenium.</doc>
<status status="PASS" starttime="20211210 12:03:00.485" endtime="20211210 12:03:00.493"/>
</kw>
<status status="PASS" starttime="20211210 12:02:59.413" endtime="20211210 12:03:00.493"/>
</kw>
<status status="PASS" starttime="20211210 12:02:52.104" endtime="20211210 12:03:00.493"/>
</kw>
<kw name="Verify Reference Number">
<arg>12345678912345678912</arg>
<kw name="Provide Reference Number" library="Resources">
<arg>${base_number}</arg>
<kw name="Input Text" library="SeleniumLibrary">
<arg>${reference_number_base}</arg>
<arg>${base_number}</arg>
<doc>Types the given ``text`` into the text field identified by ``locator``.</doc>
<msg timestamp="20211210 12:03:00.505" level="INFO">Typing text '12345678912345678912' into text field '//*[@name='referenceNumberBase']'.</msg>
<status status="PASS" starttime="20211210 12:03:00.505" endtime="20211210 12:03:02.409"/>
</kw>
<kw name="Select From List By Index" library="SeleniumLibrary">
<arg>${reference_number_dropdown}</arg>
<arg>2</arg>
<doc>Selects options from selection list ``locator`` by ``indexes``.</doc>
<msg timestamp="20211210 12:03:02.409" level="INFO">Selecting options from selection list '(//*[@class='input-group']/*)[2]' by index 2.</msg>
<status status="PASS" starttime="20211210 12:03:02.409" endtime="20211210 12:03:02.625"/>
</kw>
<kw name="Sleep" library="BuiltIn">
<arg>2</arg>
<doc>Pauses the test executed for the given time.</doc>
<msg timestamp="20211210 12:03:04.629" level="INFO">Slept 2 seconds</msg>
<status status="PASS" starttime="20211210 12:03:02.625" endtime="20211210 12:03:04.629"/>
</kw>
<kw name="Click Element If Visible" library="Resources">
<arg>${close_chatbox}</arg>
<kw name="Set Selenium Implicit Wait" library="SeleniumLibrary">
<arg>1</arg>
<doc>Sets the implicit wait value used by Selenium.</doc>
<status status="PASS" starttime="20211210 12:03:04.629" endtime="20211210 12:03:04.629"/>
</kw>
<kw name="Get Element Count" library="SeleniumLibrary">
<var>${count}</var>
<arg>${argument_element}</arg>
<doc>Returns the number of elements matching ``locator``.</doc>
<msg timestamp="20211210 12:03:05.707" level="INFO">${count} = 0</msg>
<status status="PASS" starttime="20211210 12:03:04.629" endtime="20211210 12:03:05.707"/>
</kw>
<if>
<branch type="IF" condition="${count} &gt; 0">
<kw name="Click Element" library="SeleniumLibrary">
<arg>${argument_element}</arg>
<doc>Click the element identified by ``locator``.</doc>
<status status="NOT RUN" starttime="20211210 12:03:05.707" endtime="20211210 12:03:05.707"/>
</kw>
<status status="NOT RUN" starttime="20211210 12:03:05.707" endtime="20211210 12:03:05.707"/>
</branch>
<status status="PASS" starttime="20211210 12:03:05.707" endtime="20211210 12:03:05.707"/>
</if>
<kw name="Set Selenium Implicit Wait" library="SeleniumLibrary">
<arg>${time_out}</arg>
<doc>Sets the implicit wait value used by Selenium.</doc>
<status status="PASS" starttime="20211210 12:03:05.707" endtime="20211210 12:03:05.722"/>
</kw>
<status status="PASS" starttime="20211210 12:03:04.629" endtime="20211210 12:03:05.722"/>
</kw>
<kw name="Click Element When Visible" library="Resources">
<arg>${kansainvalinen_viitenumero}</arg>
<kw name="Wait Until Element Is Visible" library="SeleniumLibrary">
<arg>${argument_locater}</arg>
<arg>${time_out}</arg>
<doc>Waits until the element ``locator`` is visible.</doc>
<status status="PASS" starttime="20211210 12:03:05.722" endtime="20211210 12:03:05.986"/>
</kw>
<kw name="Run Keyword And Ignore Error" library="BuiltIn">
<arg>scroll element into view</arg>
<arg>${argument_locater}</arg>
<doc>Runs the given keyword with the given arguments and ignores possible error.</doc>
<kw name="Scroll Element Into View" library="SeleniumLibrary">
<arg>${argument_locater}</arg>
<doc>Scrolls the element identified by ``locator`` into view.</doc>
<status status="PASS" starttime="20211210 12:03:05.986" endtime="20211210 12:03:06.586"/>
</kw>
<status status="PASS" starttime="20211210 12:03:05.986" endtime="20211210 12:03:06.586"/>
</kw>
<kw name="Mouse Over" library="SeleniumLibrary">
<arg>${argument_locater}</arg>
<doc>Simulates hovering the mouse over the element ``locator``.</doc>
<msg timestamp="20211210 12:03:06.586" level="INFO">Simulating Mouse Over on element '//*[contains(text(),'Kansainvälinen viitenumero')]/..'.</msg>
<status status="PASS" starttime="20211210 12:03:06.586" endtime="20211210 12:03:06.907"/>
</kw>
<kw name="Set Focus To Element" library="SeleniumLibrary">
<arg>${argument_locater}</arg>
<doc>Sets the focus to the element identified by ``locator``.</doc>
<status status="PASS" starttime="20211210 12:03:06.907" endtime="20211210 12:03:06.931"/>
</kw>
<kw name="Click Element" library="SeleniumLibrary">
<arg>${argument_locater}</arg>
<doc>Click the element identified by ``locator``.</doc>
<msg timestamp="20211210 12:03:06.939" level="INFO">Clicking element '//*[contains(text(),'Kansainvälinen viitenumero')]/..'.</msg>
<status status="PASS" starttime="20211210 12:03:06.939" endtime="20211210 12:03:07.094"/>
</kw>
<status status="PASS" starttime="20211210 12:03:05.722" endtime="20211210 12:03:07.094"/>
</kw>
<kw name="Sleep" library="BuiltIn">
<arg>2</arg>
<doc>Pauses the test executed for the given time.</doc>
<msg timestamp="20211210 12:03:09.099" level="INFO">Slept 2 seconds</msg>
<status status="PASS" starttime="20211210 12:03:07.094" endtime="20211210 12:03:09.099"/>
</kw>
<kw name="Click Element If Visible" library="Resources">
<arg>${close_chatbox}</arg>
<kw name="Set Selenium Implicit Wait" library="SeleniumLibrary">
<arg>1</arg>
<doc>Sets the implicit wait value used by Selenium.</doc>
<status status="PASS" starttime="20211210 12:03:09.227" endtime="20211210 12:03:09.227"/>
</kw>
<kw name="Get Element Count" library="SeleniumLibrary">
<var>${count}</var>
<arg>${argument_element}</arg>
<doc>Returns the number of elements matching ``locator``.</doc>
<msg timestamp="20211210 12:03:10.307" level="INFO">${count} = 0</msg>
<status status="PASS" starttime="20211210 12:03:09.227" endtime="20211210 12:03:10.307"/>
</kw>
<if>
<branch type="IF" condition="${count} &gt; 0">
<kw name="Click Element" library="SeleniumLibrary">
<arg>${argument_element}</arg>
<doc>Click the element identified by ``locator``.</doc>
<status status="NOT RUN" starttime="20211210 12:03:10.307" endtime="20211210 12:03:10.307"/>
</kw>
<status status="NOT RUN" starttime="20211210 12:03:10.307" endtime="20211210 12:03:10.307"/>
</branch>
<status status="PASS" starttime="20211210 12:03:10.307" endtime="20211210 12:03:10.307"/>
</if>
<kw name="Set Selenium Implicit Wait" library="SeleniumLibrary">
<arg>${time_out}</arg>
<doc>Sets the implicit wait value used by Selenium.</doc>
<status status="PASS" starttime="20211210 12:03:10.307" endtime="20211210 12:03:10.307"/>
</kw>
<status status="PASS" starttime="20211210 12:03:09.099" endtime="20211210 12:03:10.307"/>
</kw>
<kw name="Sleep" library="BuiltIn">
<arg>1</arg>
<doc>Pauses the test executed for the given time.</doc>
<msg timestamp="20211210 12:03:11.321" level="INFO">Slept 1 second</msg>
<status status="PASS" starttime="20211210 12:03:10.307" endtime="20211210 12:03:11.321"/>
</kw>
<kw name="Click Element When Visible" library="Resources">
<arg>${laske}</arg>
<kw name="Wait Until Element Is Visible" library="SeleniumLibrary">
<arg>${argument_locater}</arg>
<arg>${time_out}</arg>
<doc>Waits until the element ``locator`` is visible.</doc>
<status status="PASS" starttime="20211210 12:03:11.321" endtime="20211210 12:03:11.385"/>
</kw>
<kw name="Run Keyword And Ignore Error" library="BuiltIn">
<arg>scroll element into view</arg>
<arg>${argument_locater}</arg>
<doc>Runs the given keyword with the given arguments and ignores possible error.</doc>
<kw name="Scroll Element Into View" library="SeleniumLibrary">
<arg>${argument_locater}</arg>
<doc>Scrolls the element identified by ``locator`` into view.</doc>
<kw name="Capture Page Screenshot" library="SeleniumLibrary">
<doc>Takes a screenshot of the current page and embeds it into a log file.</doc>
<msg timestamp="20211210 12:03:11.927" level="INFO" html="true">&lt;/td&gt;&lt;/tr&gt;&lt;tr&gt;&lt;td colspan="3"&gt;&lt;a href="selenium-screenshot-25.png"&gt;&lt;img src="selenium-screenshot-25.png" width="800px"&gt;&lt;/a&gt;</msg>
<status status="PASS" starttime="20211210 12:03:11.432" endtime="20211210 12:03:11.927"/>
</kw>
<msg timestamp="20211210 12:03:11.935" level="FAIL">MoveTargetOutOfBoundsException: Message: move target out of bounds
  (Session info: chrome=96.0.4664.45)
Stacktrace:
Backtrace:
	Ordinal0 [0x006C6903+2517251]
	Ordinal0 [0x0065F8E1+2095329]
	Ordinal0 [0x00562710+1058576]
	Ordinal0 [0x005BD1C4+1429956]
	Ordinal0 [0x005A64D3+1336531]
	Ordinal0 [0x005B5BBF+1399743]
	Ordinal0 [0x005A639B+1336219]
	Ordinal0 [0x005827A7+1189799]
	Ordinal0 [0x00583609+1193481]
	GetHandleVerifier [0x00855904+1577972]
	GetHandleVerifier [0x00900B97+2279047]
	GetHandleVerifier [0x00756D09+534521]
	GetHandleVerifier [0x00755DB9+530601]
	Ordinal0 [0x00664FF9+2117625]
	Ordinal0 [0x006698A8+2136232]
	Ordinal0 [0x006699E2+2136546]
	Ordinal0 [0x00673541+2176321]
	BaseThreadInitThunk [0x773BFA29+25]
	RtlGetAppContainerNamedObjectPath [0x775C7A9E+286]
	RtlGetAppContainerNamedObjectPath [0x775C7A6E+238]
</msg>
<status status="FAIL" starttime="20211210 12:03:11.385" endtime="20211210 12:03:11.935"/>
</kw>
<status status="PASS" starttime="20211210 12:03:11.385" endtime="20211210 12:03:11.935"/>
</kw>
<kw name="Mouse Over" library="SeleniumLibrary">
<arg>${argument_locater}</arg>
<doc>Simulates hovering the mouse over the element ``locator``.</doc>
<msg timestamp="20211210 12:03:11.935" level="INFO">Simulating Mouse Over on element '//*[contains(text(),'Laske')]'.</msg>
<status status="PASS" starttime="20211210 12:03:11.935" endtime="20211210 12:03:12.235"/>
</kw>
<kw name="Set Focus To Element" library="SeleniumLibrary">
<arg>${argument_locater}</arg>
<doc>Sets the focus to the element identified by ``locator``.</doc>
<status status="PASS" starttime="20211210 12:03:12.235" endtime="20211210 12:03:12.259"/>
</kw>
<kw name="Click Element" library="SeleniumLibrary">
<arg>${argument_locater}</arg>
<doc>Click the element identified by ``locator``.</doc>
<msg timestamp="20211210 12:03:12.267" level="INFO">Clicking element '//*[contains(text(),'Laske')]'.</msg>
<status status="PASS" starttime="20211210 12:03:12.267" endtime="20211210 12:03:12.417"/>
</kw>
<status status="PASS" starttime="20211210 12:03:11.321" endtime="20211210 12:03:12.417"/>
</kw>
<status status="PASS" starttime="20211210 12:03:00.505" endtime="20211210 12:03:12.417"/>
</kw>
<kw name="Get Provided Reference Number as List" library="Resources">
<kw name="Get Element Count" library="SeleniumLibrary">
<var>${get_count}</var>
<arg>${get_all_reference_number}</arg>
<doc>Returns the number of elements matching ``locator``.</doc>
<msg timestamp="20211210 12:03:12.472" level="INFO">${get_count} = 10</msg>
<status status="PASS" starttime="20211210 12:03:12.417" endtime="20211210 12:03:12.472"/>
</kw>
<for flavor="IN">
<var>${element}</var>
<value>@{reference_number_list}</value>
<status status="PASS" starttime="20211210 12:03:12.472" endtime="20211210 12:03:12.472"/>
</for>
<for flavor="IN RANGE">
<var>${i}</var>
<value>1</value>
<value>(${get_count})+1</value>
<iter>
<var name="${i}">1</var>
<kw name="Get Text" library="SeleniumLibrary">
<var>${reference_number}</var>
<arg>(//*[@class='table--vertical']/*)[${i}]</arg>
<doc>Returns the text value of the element identified by ``locator``.</doc>
<msg timestamp="20211210 12:03:12.528" level="INFO">${reference_number} = RF45 1234 5678 9123 4567 8917</msg>
<status status="PASS" starttime="20211210 12:03:12.472" endtime="20211210 12:03:12.528"/>
</kw>
<kw name="Append To List" library="Collections">
<arg>${reference_number_list}</arg>
<arg>${reference_number}</arg>
<doc>Adds ``values`` to the end of ``list``.</doc>
<status status="PASS" starttime="20211210 12:03:12.528" endtime="20211210 12:03:12.528"/>
</kw>
<status status="PASS" starttime="20211210 12:03:12.472" endtime="20211210 12:03:12.528"/>
</iter>
<iter>
<var name="${i}">2</var>
<kw name="Get Text" library="SeleniumLibrary">
<var>${reference_number}</var>
<arg>(//*[@class='table--vertical']/*)[${i}]</arg>
<doc>Returns the text value of the element identified by ``locator``.</doc>
<msg timestamp="20211210 12:03:12.584" level="INFO">${reference_number} = RF61 1234 5678 9123 4567 8920</msg>
<status status="PASS" starttime="20211210 12:03:12.528" endtime="20211210 12:03:12.584"/>
</kw>
<kw name="Append To List" library="Collections">
<arg>${reference_number_list}</arg>
<arg>${reference_number}</arg>
<doc>Adds ``values`` to the end of ``list``.</doc>
<status status="PASS" starttime="20211210 12:03:12.584" endtime="20211210 12:03:12.584"/>
</kw>
<status status="PASS" starttime="20211210 12:03:12.528" endtime="20211210 12:03:12.584"/>
</iter>
<iter>
<var name="${i}">3</var>
<kw name="Get Text" library="SeleniumLibrary">
<var>${reference_number}</var>
<arg>(//*[@class='table--vertical']/*)[${i}]</arg>
<doc>Returns the text value of the element identified by ``locator``.</doc>
<msg timestamp="20211210 12:03:12.624" level="INFO">${reference_number} = RF98 1234 5678 9123 4567 8933</msg>
<status status="PASS" starttime="20211210 12:03:12.584" endtime="20211210 12:03:12.624"/>
</kw>
<kw name="Append To List" library="Collections">
<arg>${reference_number_list}</arg>
<arg>${reference_number}</arg>
<doc>Adds ``values`` to the end of ``list``.</doc>
<status status="PASS" starttime="20211210 12:03:12.624" endtime="20211210 12:03:12.624"/>
</kw>
<status status="PASS" starttime="20211210 12:03:12.584" endtime="20211210 12:03:12.624"/>
</iter>
<iter>
<var name="${i}">4</var>
<kw name="Get Text" library="SeleniumLibrary">
<var>${reference_number}</var>
<arg>(//*[@class='table--vertical']/*)[${i}]</arg>
<doc>Returns the text value of the element identified by ``locator``.</doc>
<msg timestamp="20211210 12:03:12.736" level="INFO">${reference_number} = RF38 1234 5678 9123 4567 8946</msg>
<status status="PASS" starttime="20211210 12:03:12.624" endtime="20211210 12:03:12.736"/>
</kw>
<kw name="Append To List" library="Collections">
<arg>${reference_number_list}</arg>
<arg>${reference_number}</arg>
<doc>Adds ``values`` to the end of ``list``.</doc>
<status status="PASS" starttime="20211210 12:03:12.736" endtime="20211210 12:03:12.736"/>
</kw>
<status status="PASS" starttime="20211210 12:03:12.624" endtime="20211210 12:03:12.736"/>
</iter>
<iter>
<var name="${i}">5</var>
<kw name="Get Text" library="SeleniumLibrary">
<var>${reference_number}</var>
<arg>(//*[@class='table--vertical']/*)[${i}]</arg>
<doc>Returns the text value of the element identified by ``locator``.</doc>
<msg timestamp="20211210 12:03:12.784" level="INFO">${reference_number} = RF75 1234 5678 9123 4567 8959</msg>
<status status="PASS" starttime="20211210 12:03:12.736" endtime="20211210 12:03:12.784"/>
</kw>
<kw name="Append To List" library="Collections">
<arg>${reference_number_list}</arg>
<arg>${reference_number}</arg>
<doc>Adds ``values`` to the end of ``list``.</doc>
<status status="PASS" starttime="20211210 12:03:12.784" endtime="20211210 12:03:12.784"/>
</kw>
<status status="PASS" starttime="20211210 12:03:12.736" endtime="20211210 12:03:12.784"/>
</iter>
<iter>
<var name="${i}">6</var>
<kw name="Get Text" library="SeleniumLibrary">
<var>${reference_number}</var>
<arg>(//*[@class='table--vertical']/*)[${i}]</arg>
<doc>Returns the text value of the element identified by ``locator``.</doc>
<msg timestamp="20211210 12:03:12.824" level="INFO">${reference_number} = RF91 1234 5678 9123 4567 8962</msg>
<status status="PASS" starttime="20211210 12:03:12.784" endtime="20211210 12:03:12.824"/>
</kw>
<kw name="Append To List" library="Collections">
<arg>${reference_number_list}</arg>
<arg>${reference_number}</arg>
<doc>Adds ``values`` to the end of ``list``.</doc>
<status status="PASS" starttime="20211210 12:03:12.824" endtime="20211210 12:03:12.824"/>
</kw>
<status status="PASS" starttime="20211210 12:03:12.784" endtime="20211210 12:03:12.824"/>
</iter>
<iter>
<var name="${i}">7</var>
<kw name="Get Text" library="SeleniumLibrary">
<var>${reference_number}</var>
<arg>(//*[@class='table--vertical']/*)[${i}]</arg>
<doc>Returns the text value of the element identified by ``locator``.</doc>
<msg timestamp="20211210 12:03:12.864" level="INFO">${reference_number} = RF31 1234 5678 9123 4567 8975</msg>
<status status="PASS" starttime="20211210 12:03:12.824" endtime="20211210 12:03:12.864"/>
</kw>
<kw name="Append To List" library="Collections">
<arg>${reference_number_list}</arg>
<arg>${reference_number}</arg>
<doc>Adds ``values`` to the end of ``list``.</doc>
<status status="PASS" starttime="20211210 12:03:12.864" endtime="20211210 12:03:12.864"/>
</kw>
<status status="PASS" starttime="20211210 12:03:12.824" endtime="20211210 12:03:12.864"/>
</iter>
<iter>
<var name="${i}">8</var>
<kw name="Get Text" library="SeleniumLibrary">
<var>${reference_number}</var>
<arg>(//*[@class='table--vertical']/*)[${i}]</arg>
<doc>Returns the text value of the element identified by ``locator``.</doc>
<msg timestamp="20211210 12:03:12.904" level="INFO">${reference_number} = RF68 1234 5678 9123 4567 8988</msg>
<status status="PASS" starttime="20211210 12:03:12.864" endtime="20211210 12:03:12.904"/>
</kw>
<kw name="Append To List" library="Collections">
<arg>${reference_number_list}</arg>
<arg>${reference_number}</arg>
<doc>Adds ``values`` to the end of ``list``.</doc>
<status status="PASS" starttime="20211210 12:03:12.904" endtime="20211210 12:03:12.904"/>
</kw>
<status status="PASS" starttime="20211210 12:03:12.864" endtime="20211210 12:03:12.904"/>
</iter>
<iter>
<var name="${i}">9</var>
<kw name="Get Text" library="SeleniumLibrary">
<var>${reference_number}</var>
<arg>(//*[@class='table--vertical']/*)[${i}]</arg>
<doc>Returns the text value of the element identified by ``locator``.</doc>
<msg timestamp="20211210 12:03:12.952" level="INFO">${reference_number} = RF84 1234 5678 9123 4567 8991</msg>
<status status="PASS" starttime="20211210 12:03:12.904" endtime="20211210 12:03:12.952"/>
</kw>
<kw name="Append To List" library="Collections">
<arg>${reference_number_list}</arg>
<arg>${reference_number}</arg>
<doc>Adds ``values`` to the end of ``list``.</doc>
<status status="PASS" starttime="20211210 12:03:12.952" endtime="20211210 12:03:12.952"/>
</kw>
<status status="PASS" starttime="20211210 12:03:12.904" endtime="20211210 12:03:12.952"/>
</iter>
<iter>
<var name="${i}">10</var>
<kw name="Get Text" library="SeleniumLibrary">
<var>${reference_number}</var>
<arg>(//*[@class='table--vertical']/*)[${i}]</arg>
<doc>Returns the text value of the element identified by ``locator``.</doc>
<msg timestamp="20211210 12:03:13.016" level="INFO">${reference_number} = RF35 1234 5678 9123 4567 9000</msg>
<status status="PASS" starttime="20211210 12:03:12.952" endtime="20211210 12:03:13.016"/>
</kw>
<kw name="Append To List" library="Collections">
<arg>${reference_number_list}</arg>
<arg>${reference_number}</arg>
<doc>Adds ``values`` to the end of ``list``.</doc>
<status status="PASS" starttime="20211210 12:03:13.016" endtime="20211210 12:03:13.016"/>
</kw>
<status status="PASS" starttime="20211210 12:03:12.952" endtime="20211210 12:03:13.016"/>
</iter>
<status status="PASS" starttime="20211210 12:03:12.472" endtime="20211210 12:03:13.016"/>
</for>
<status status="PASS" starttime="20211210 12:03:12.417" endtime="20211210 12:03:13.016"/>
</kw>
<kw name="Configure Reference Number Format as Described" library="Resources">
<kw name="Get Length" library="BuiltIn">
<var>${get_lenght}</var>
<arg>${reference_number_list}</arg>
<doc>Returns and logs the length of the given item as an integer.</doc>
<msg timestamp="20211210 12:03:13.016" level="INFO">Length is 10</msg>
<msg timestamp="20211210 12:03:13.016" level="INFO">${get_lenght} = 10</msg>
<status status="PASS" starttime="20211210 12:03:13.016" endtime="20211210 12:03:13.016"/>
</kw>
<for flavor="IN RANGE">
<var>${i}</var>
<value>0</value>
<value>${get_lenght}</value>
<iter>
<var name="${i}">0</var>
<kw name="Get From List" library="Collections">
<var>${reference_number}</var>
<arg>${reference_number_list}</arg>
<arg>${i}</arg>
<doc>Returns the value specified with an ``index`` from ``list``.</doc>
<msg timestamp="20211210 12:03:13.016" level="INFO">${reference_number} = RF45 1234 5678 9123 4567 8917</msg>
<status status="PASS" starttime="20211210 12:03:13.016" endtime="20211210 12:03:13.016"/>
</kw>
<kw name="Replace String" library="String">
<var>${updated_reference_number}</var>
<arg>${reference_number}</arg>
<arg>RF</arg>
<arg>2715</arg>
<doc>Replaces ``search_for`` in the given ``string`` with ``replace_with``.</doc>
<msg timestamp="20211210 12:03:13.024" level="INFO">${updated_reference_number} = 271545 1234 5678 9123 4567 8917</msg>
<status status="PASS" starttime="20211210 12:03:13.024" endtime="20211210 12:03:13.024"/>
</kw>
<kw name="Fetch From Left" library="String">
<var>${pre}</var>
<arg>${updated_reference_number}</arg>
<arg>${SPACE}</arg>
<doc>Returns contents of the ``string`` before the first occurrence of ``marker``.</doc>
<msg timestamp="20211210 12:03:13.024" level="INFO">${pre} = 271545</msg>
<status status="PASS" starttime="20211210 12:03:13.024" endtime="20211210 12:03:13.024"/>
</kw>
<kw name="Remove String" library="String">
<var>${updated_reference_number}</var>
<arg>${updated_reference_number}</arg>
<arg>${SPACE}</arg>
<doc>Removes all ``removables`` from the given ``string``.</doc>
<msg timestamp="20211210 12:03:13.024" level="INFO">${updated_reference_number} = 27154512345678912345678917</msg>
<status status="PASS" starttime="20211210 12:03:13.024" endtime="20211210 12:03:13.024"/>
</kw>
<kw name="Get Substring" library="String">
<var>${post}</var>
<arg>${updated_reference_number}</arg>
<arg>6</arg>
<doc>Returns a substring from ``start`` index to ``end`` index.</doc>
<msg timestamp="20211210 12:03:13.024" level="INFO">${post} = 12345678912345678917</msg>
<status status="PASS" starttime="20211210 12:03:13.024" endtime="20211210 12:03:13.024"/>
</kw>
<kw name="Catenate" library="BuiltIn">
<var>${final_reference_number}</var>
<arg>SEPARATOR=</arg>
<arg>${post}</arg>
<arg>${pre}</arg>
<doc>Catenates the given items together and returns the resulted string.</doc>
<msg timestamp="20211210 12:03:13.024" level="INFO">${final_reference_number} = 12345678912345678917271545</msg>
<status status="PASS" starttime="20211210 12:03:13.024" endtime="20211210 12:03:13.024"/>
</kw>
<kw name="Set List Value" library="Collections">
<arg>${reference_number_list}</arg>
<arg>${i}</arg>
<arg>${final_reference_number}</arg>
<doc>Sets the value of ``list`` specified by ``index`` to the given ``value``.</doc>
<status status="PASS" starttime="20211210 12:03:13.024" endtime="20211210 12:03:13.024"/>
</kw>
<kw name="Log To Console" library="BuiltIn">
<arg>final number ${reference_number_list}[${i}]</arg>
<doc>Logs the given message to the console.</doc>
<status status="PASS" starttime="20211210 12:03:13.024" endtime="20211210 12:03:13.024"/>
</kw>
<status status="PASS" starttime="20211210 12:03:13.016" endtime="20211210 12:03:13.024"/>
</iter>
<iter>
<var name="${i}">1</var>
<kw name="Get From List" library="Collections">
<var>${reference_number}</var>
<arg>${reference_number_list}</arg>
<arg>${i}</arg>
<doc>Returns the value specified with an ``index`` from ``list``.</doc>
<msg timestamp="20211210 12:03:13.032" level="INFO">${reference_number} = RF61 1234 5678 9123 4567 8920</msg>
<status status="PASS" starttime="20211210 12:03:13.024" endtime="20211210 12:03:13.032"/>
</kw>
<kw name="Replace String" library="String">
<var>${updated_reference_number}</var>
<arg>${reference_number}</arg>
<arg>RF</arg>
<arg>2715</arg>
<doc>Replaces ``search_for`` in the given ``string`` with ``replace_with``.</doc>
<msg timestamp="20211210 12:03:13.032" level="INFO">${updated_reference_number} = 271561 1234 5678 9123 4567 8920</msg>
<status status="PASS" starttime="20211210 12:03:13.032" endtime="20211210 12:03:13.032"/>
</kw>
<kw name="Fetch From Left" library="String">
<var>${pre}</var>
<arg>${updated_reference_number}</arg>
<arg>${SPACE}</arg>
<doc>Returns contents of the ``string`` before the first occurrence of ``marker``.</doc>
<msg timestamp="20211210 12:03:13.032" level="INFO">${pre} = 271561</msg>
<status status="PASS" starttime="20211210 12:03:13.032" endtime="20211210 12:03:13.032"/>
</kw>
<kw name="Remove String" library="String">
<var>${updated_reference_number}</var>
<arg>${updated_reference_number}</arg>
<arg>${SPACE}</arg>
<doc>Removes all ``removables`` from the given ``string``.</doc>
<msg timestamp="20211210 12:03:13.032" level="INFO">${updated_reference_number} = 27156112345678912345678920</msg>
<status status="PASS" starttime="20211210 12:03:13.032" endtime="20211210 12:03:13.032"/>
</kw>
<kw name="Get Substring" library="String">
<var>${post}</var>
<arg>${updated_reference_number}</arg>
<arg>6</arg>
<doc>Returns a substring from ``start`` index to ``end`` index.</doc>
<msg timestamp="20211210 12:03:13.032" level="INFO">${post} = 12345678912345678920</msg>
<status status="PASS" starttime="20211210 12:03:13.032" endtime="20211210 12:03:13.032"/>
</kw>
<kw name="Catenate" library="BuiltIn">
<var>${final_reference_number}</var>
<arg>SEPARATOR=</arg>
<arg>${post}</arg>
<arg>${pre}</arg>
<doc>Catenates the given items together and returns the resulted string.</doc>
<msg timestamp="20211210 12:03:13.032" level="INFO">${final_reference_number} = 12345678912345678920271561</msg>
<status status="PASS" starttime="20211210 12:03:13.032" endtime="20211210 12:03:13.032"/>
</kw>
<kw name="Set List Value" library="Collections">
<arg>${reference_number_list}</arg>
<arg>${i}</arg>
<arg>${final_reference_number}</arg>
<doc>Sets the value of ``list`` specified by ``index`` to the given ``value``.</doc>
<status status="PASS" starttime="20211210 12:03:13.040" endtime="20211210 12:03:13.040"/>
</kw>
<kw name="Log To Console" library="BuiltIn">
<arg>final number ${reference_number_list}[${i}]</arg>
<doc>Logs the given message to the console.</doc>
<status status="PASS" starttime="20211210 12:03:13.040" endtime="20211210 12:03:13.040"/>
</kw>
<status status="PASS" starttime="20211210 12:03:13.024" endtime="20211210 12:03:13.040"/>
</iter>
<iter>
<var name="${i}">2</var>
<kw name="Get From List" library="Collections">
<var>${reference_number}</var>
<arg>${reference_number_list}</arg>
<arg>${i}</arg>
<doc>Returns the value specified with an ``index`` from ``list``.</doc>
<msg timestamp="20211210 12:03:13.040" level="INFO">${reference_number} = RF98 1234 5678 9123 4567 8933</msg>
<status status="PASS" starttime="20211210 12:03:13.040" endtime="20211210 12:03:13.040"/>
</kw>
<kw name="Replace String" library="String">
<var>${updated_reference_number}</var>
<arg>${reference_number}</arg>
<arg>RF</arg>
<arg>2715</arg>
<doc>Replaces ``search_for`` in the given ``string`` with ``replace_with``.</doc>
<msg timestamp="20211210 12:03:13.040" level="INFO">${updated_reference_number} = 271598 1234 5678 9123 4567 8933</msg>
<status status="PASS" starttime="20211210 12:03:13.040" endtime="20211210 12:03:13.040"/>
</kw>
<kw name="Fetch From Left" library="String">
<var>${pre}</var>
<arg>${updated_reference_number}</arg>
<arg>${SPACE}</arg>
<doc>Returns contents of the ``string`` before the first occurrence of ``marker``.</doc>
<msg timestamp="20211210 12:03:13.040" level="INFO">${pre} = 271598</msg>
<status status="PASS" starttime="20211210 12:03:13.040" endtime="20211210 12:03:13.040"/>
</kw>
<kw name="Remove String" library="String">
<var>${updated_reference_number}</var>
<arg>${updated_reference_number}</arg>
<arg>${SPACE}</arg>
<doc>Removes all ``removables`` from the given ``string``.</doc>
<msg timestamp="20211210 12:03:13.040" level="INFO">${updated_reference_number} = 27159812345678912345678933</msg>
<status status="PASS" starttime="20211210 12:03:13.040" endtime="20211210 12:03:13.040"/>
</kw>
<kw name="Get Substring" library="String">
<var>${post}</var>
<arg>${updated_reference_number}</arg>
<arg>6</arg>
<doc>Returns a substring from ``start`` index to ``end`` index.</doc>
<msg timestamp="20211210 12:03:13.040" level="INFO">${post} = 12345678912345678933</msg>
<status status="PASS" starttime="20211210 12:03:13.040" endtime="20211210 12:03:13.048"/>
</kw>
<kw name="Catenate" library="BuiltIn">
<var>${final_reference_number}</var>
<arg>SEPARATOR=</arg>
<arg>${post}</arg>
<arg>${pre}</arg>
<doc>Catenates the given items together and returns the resulted string.</doc>
<msg timestamp="20211210 12:03:13.048" level="INFO">${final_reference_number} = 12345678912345678933271598</msg>
<status status="PASS" starttime="20211210 12:03:13.048" endtime="20211210 12:03:13.048"/>
</kw>
<kw name="Set List Value" library="Collections">
<arg>${reference_number_list}</arg>
<arg>${i}</arg>
<arg>${final_reference_number}</arg>
<doc>Sets the value of ``list`` specified by ``index`` to the given ``value``.</doc>
<status status="PASS" starttime="20211210 12:03:13.048" endtime="20211210 12:03:13.048"/>
</kw>
<kw name="Log To Console" library="BuiltIn">
<arg>final number ${reference_number_list}[${i}]</arg>
<doc>Logs the given message to the console.</doc>
<status status="PASS" starttime="20211210 12:03:13.048" endtime="20211210 12:03:13.048"/>
</kw>
<status status="PASS" starttime="20211210 12:03:13.040" endtime="20211210 12:03:13.048"/>
</iter>
<iter>
<var name="${i}">3</var>
<kw name="Get From List" library="Collections">
<var>${reference_number}</var>
<arg>${reference_number_list}</arg>
<arg>${i}</arg>
<doc>Returns the value specified with an ``index`` from ``list``.</doc>
<msg timestamp="20211210 12:03:13.056" level="INFO">${reference_number} = RF38 1234 5678 9123 4567 8946</msg>
<status status="PASS" starttime="20211210 12:03:13.056" endtime="20211210 12:03:13.056"/>
</kw>
<kw name="Replace String" library="String">
<var>${updated_reference_number}</var>
<arg>${reference_number}</arg>
<arg>RF</arg>
<arg>2715</arg>
<doc>Replaces ``search_for`` in the given ``string`` with ``replace_with``.</doc>
<msg timestamp="20211210 12:03:13.056" level="INFO">${updated_reference_number} = 271538 1234 5678 9123 4567 8946</msg>
<status status="PASS" starttime="20211210 12:03:13.056" endtime="20211210 12:03:13.056"/>
</kw>
<kw name="Fetch From Left" library="String">
<var>${pre}</var>
<arg>${updated_reference_number}</arg>
<arg>${SPACE}</arg>
<doc>Returns contents of the ``string`` before the first occurrence of ``marker``.</doc>
<msg timestamp="20211210 12:03:13.056" level="INFO">${pre} = 271538</msg>
<status status="PASS" starttime="20211210 12:03:13.056" endtime="20211210 12:03:13.056"/>
</kw>
<kw name="Remove String" library="String">
<var>${updated_reference_number}</var>
<arg>${updated_reference_number}</arg>
<arg>${SPACE}</arg>
<doc>Removes all ``removables`` from the given ``string``.</doc>
<msg timestamp="20211210 12:03:13.056" level="INFO">${updated_reference_number} = 27153812345678912345678946</msg>
<status status="PASS" starttime="20211210 12:03:13.056" endtime="20211210 12:03:13.056"/>
</kw>
<kw name="Get Substring" library="String">
<var>${post}</var>
<arg>${updated_reference_number}</arg>
<arg>6</arg>
<doc>Returns a substring from ``start`` index to ``end`` index.</doc>
<msg timestamp="20211210 12:03:13.056" level="INFO">${post} = 12345678912345678946</msg>
<status status="PASS" starttime="20211210 12:03:13.056" endtime="20211210 12:03:13.056"/>
</kw>
<kw name="Catenate" library="BuiltIn">
<var>${final_reference_number}</var>
<arg>SEPARATOR=</arg>
<arg>${post}</arg>
<arg>${pre}</arg>
<doc>Catenates the given items together and returns the resulted string.</doc>
<msg timestamp="20211210 12:03:13.056" level="INFO">${final_reference_number} = 12345678912345678946271538</msg>
<status status="PASS" starttime="20211210 12:03:13.056" endtime="20211210 12:03:13.056"/>
</kw>
<kw name="Set List Value" library="Collections">
<arg>${reference_number_list}</arg>
<arg>${i}</arg>
<arg>${final_reference_number}</arg>
<doc>Sets the value of ``list`` specified by ``index`` to the given ``value``.</doc>
<status status="PASS" starttime="20211210 12:03:13.056" endtime="20211210 12:03:13.056"/>
</kw>
<kw name="Log To Console" library="BuiltIn">
<arg>final number ${reference_number_list}[${i}]</arg>
<doc>Logs the given message to the console.</doc>
<status status="PASS" starttime="20211210 12:03:13.056" endtime="20211210 12:03:13.056"/>
</kw>
<status status="PASS" starttime="20211210 12:03:13.048" endtime="20211210 12:03:13.056"/>
</iter>
<iter>
<var name="${i}">4</var>
<kw name="Get From List" library="Collections">
<var>${reference_number}</var>
<arg>${reference_number_list}</arg>
<arg>${i}</arg>
<doc>Returns the value specified with an ``index`` from ``list``.</doc>
<msg timestamp="20211210 12:03:13.056" level="INFO">${reference_number} = RF75 1234 5678 9123 4567 8959</msg>
<status status="PASS" starttime="20211210 12:03:13.056" endtime="20211210 12:03:13.056"/>
</kw>
<kw name="Replace String" library="String">
<var>${updated_reference_number}</var>
<arg>${reference_number}</arg>
<arg>RF</arg>
<arg>2715</arg>
<doc>Replaces ``search_for`` in the given ``string`` with ``replace_with``.</doc>
<msg timestamp="20211210 12:03:13.064" level="INFO">${updated_reference_number} = 271575 1234 5678 9123 4567 8959</msg>
<status status="PASS" starttime="20211210 12:03:13.056" endtime="20211210 12:03:13.064"/>
</kw>
<kw name="Fetch From Left" library="String">
<var>${pre}</var>
<arg>${updated_reference_number}</arg>
<arg>${SPACE}</arg>
<doc>Returns contents of the ``string`` before the first occurrence of ``marker``.</doc>
<msg timestamp="20211210 12:03:13.064" level="INFO">${pre} = 271575</msg>
<status status="PASS" starttime="20211210 12:03:13.064" endtime="20211210 12:03:13.064"/>
</kw>
<kw name="Remove String" library="String">
<var>${updated_reference_number}</var>
<arg>${updated_reference_number}</arg>
<arg>${SPACE}</arg>
<doc>Removes all ``removables`` from the given ``string``.</doc>
<msg timestamp="20211210 12:03:13.064" level="INFO">${updated_reference_number} = 27157512345678912345678959</msg>
<status status="PASS" starttime="20211210 12:03:13.064" endtime="20211210 12:03:13.064"/>
</kw>
<kw name="Get Substring" library="String">
<var>${post}</var>
<arg>${updated_reference_number}</arg>
<arg>6</arg>
<doc>Returns a substring from ``start`` index to ``end`` index.</doc>
<msg timestamp="20211210 12:03:13.064" level="INFO">${post} = 12345678912345678959</msg>
<status status="PASS" starttime="20211210 12:03:13.064" endtime="20211210 12:03:13.064"/>
</kw>
<kw name="Catenate" library="BuiltIn">
<var>${final_reference_number}</var>
<arg>SEPARATOR=</arg>
<arg>${post}</arg>
<arg>${pre}</arg>
<doc>Catenates the given items together and returns the resulted string.</doc>
<msg timestamp="20211210 12:03:13.064" level="INFO">${final_reference_number} = 12345678912345678959271575</msg>
<status status="PASS" starttime="20211210 12:03:13.064" endtime="20211210 12:03:13.064"/>
</kw>
<kw name="Set List Value" library="Collections">
<arg>${reference_number_list}</arg>
<arg>${i}</arg>
<arg>${final_reference_number}</arg>
<doc>Sets the value of ``list`` specified by ``index`` to the given ``value``.</doc>
<status status="PASS" starttime="20211210 12:03:13.064" endtime="20211210 12:03:13.064"/>
</kw>
<kw name="Log To Console" library="BuiltIn">
<arg>final number ${reference_number_list}[${i}]</arg>
<doc>Logs the given message to the console.</doc>
<status status="PASS" starttime="20211210 12:03:13.064" endtime="20211210 12:03:13.072"/>
</kw>
<status status="PASS" starttime="20211210 12:03:13.056" endtime="20211210 12:03:13.072"/>
</iter>
<iter>
<var name="${i}">5</var>
<kw name="Get From List" library="Collections">
<var>${reference_number}</var>
<arg>${reference_number_list}</arg>
<arg>${i}</arg>
<doc>Returns the value specified with an ``index`` from ``list``.</doc>
<msg timestamp="20211210 12:03:13.072" level="INFO">${reference_number} = RF91 1234 5678 9123 4567 8962</msg>
<status status="PASS" starttime="20211210 12:03:13.072" endtime="20211210 12:03:13.072"/>
</kw>
<kw name="Replace String" library="String">
<var>${updated_reference_number}</var>
<arg>${reference_number}</arg>
<arg>RF</arg>
<arg>2715</arg>
<doc>Replaces ``search_for`` in the given ``string`` with ``replace_with``.</doc>
<msg timestamp="20211210 12:03:13.072" level="INFO">${updated_reference_number} = 271591 1234 5678 9123 4567 8962</msg>
<status status="PASS" starttime="20211210 12:03:13.072" endtime="20211210 12:03:13.072"/>
</kw>
<kw name="Fetch From Left" library="String">
<var>${pre}</var>
<arg>${updated_reference_number}</arg>
<arg>${SPACE}</arg>
<doc>Returns contents of the ``string`` before the first occurrence of ``marker``.</doc>
<msg timestamp="20211210 12:03:13.072" level="INFO">${pre} = 271591</msg>
<status status="PASS" starttime="20211210 12:03:13.072" endtime="20211210 12:03:13.072"/>
</kw>
<kw name="Remove String" library="String">
<var>${updated_reference_number}</var>
<arg>${updated_reference_number}</arg>
<arg>${SPACE}</arg>
<doc>Removes all ``removables`` from the given ``string``.</doc>
<msg timestamp="20211210 12:03:13.072" level="INFO">${updated_reference_number} = 27159112345678912345678962</msg>
<status status="PASS" starttime="20211210 12:03:13.072" endtime="20211210 12:03:13.072"/>
</kw>
<kw name="Get Substring" library="String">
<var>${post}</var>
<arg>${updated_reference_number}</arg>
<arg>6</arg>
<doc>Returns a substring from ``start`` index to ``end`` index.</doc>
<msg timestamp="20211210 12:03:13.072" level="INFO">${post} = 12345678912345678962</msg>
<status status="PASS" starttime="20211210 12:03:13.072" endtime="20211210 12:03:13.072"/>
</kw>
<kw name="Catenate" library="BuiltIn">
<var>${final_reference_number}</var>
<arg>SEPARATOR=</arg>
<arg>${post}</arg>
<arg>${pre}</arg>
<doc>Catenates the given items together and returns the resulted string.</doc>
<msg timestamp="20211210 12:03:13.072" level="INFO">${final_reference_number} = 12345678912345678962271591</msg>
<status status="PASS" starttime="20211210 12:03:13.072" endtime="20211210 12:03:13.072"/>
</kw>
<kw name="Set List Value" library="Collections">
<arg>${reference_number_list}</arg>
<arg>${i}</arg>
<arg>${final_reference_number}</arg>
<doc>Sets the value of ``list`` specified by ``index`` to the given ``value``.</doc>
<status status="PASS" starttime="20211210 12:03:13.072" endtime="20211210 12:03:13.072"/>
</kw>
<kw name="Log To Console" library="BuiltIn">
<arg>final number ${reference_number_list}[${i}]</arg>
<doc>Logs the given message to the console.</doc>
<status status="PASS" starttime="20211210 12:03:13.072" endtime="20211210 12:03:13.072"/>
</kw>
<status status="PASS" starttime="20211210 12:03:13.072" endtime="20211210 12:03:13.072"/>
</iter>
<iter>
<var name="${i}">6</var>
<kw name="Get From List" library="Collections">
<var>${reference_number}</var>
<arg>${reference_number_list}</arg>
<arg>${i}</arg>
<doc>Returns the value specified with an ``index`` from ``list``.</doc>
<msg timestamp="20211210 12:03:13.072" level="INFO">${reference_number} = RF31 1234 5678 9123 4567 8975</msg>
<status status="PASS" starttime="20211210 12:03:13.072" endtime="20211210 12:03:13.072"/>
</kw>
<kw name="Replace String" library="String">
<var>${updated_reference_number}</var>
<arg>${reference_number}</arg>
<arg>RF</arg>
<arg>2715</arg>
<doc>Replaces ``search_for`` in the given ``string`` with ``replace_with``.</doc>
<msg timestamp="20211210 12:03:13.072" level="INFO">${updated_reference_number} = 271531 1234 5678 9123 4567 8975</msg>
<status status="PASS" starttime="20211210 12:03:13.072" endtime="20211210 12:03:13.072"/>
</kw>
<kw name="Fetch From Left" library="String">
<var>${pre}</var>
<arg>${updated_reference_number}</arg>
<arg>${SPACE}</arg>
<doc>Returns contents of the ``string`` before the first occurrence of ``marker``.</doc>
<msg timestamp="20211210 12:03:13.072" level="INFO">${pre} = 271531</msg>
<status status="PASS" starttime="20211210 12:03:13.072" endtime="20211210 12:03:13.080"/>
</kw>
<kw name="Remove String" library="String">
<var>${updated_reference_number}</var>
<arg>${updated_reference_number}</arg>
<arg>${SPACE}</arg>
<doc>Removes all ``removables`` from the given ``string``.</doc>
<msg timestamp="20211210 12:03:13.080" level="INFO">${updated_reference_number} = 27153112345678912345678975</msg>
<status status="PASS" starttime="20211210 12:03:13.080" endtime="20211210 12:03:13.080"/>
</kw>
<kw name="Get Substring" library="String">
<var>${post}</var>
<arg>${updated_reference_number}</arg>
<arg>6</arg>
<doc>Returns a substring from ``start`` index to ``end`` index.</doc>
<msg timestamp="20211210 12:03:13.080" level="INFO">${post} = 12345678912345678975</msg>
<status status="PASS" starttime="20211210 12:03:13.080" endtime="20211210 12:03:13.080"/>
</kw>
<kw name="Catenate" library="BuiltIn">
<var>${final_reference_number}</var>
<arg>SEPARATOR=</arg>
<arg>${post}</arg>
<arg>${pre}</arg>
<doc>Catenates the given items together and returns the resulted string.</doc>
<msg timestamp="20211210 12:03:13.080" level="INFO">${final_reference_number} = 12345678912345678975271531</msg>
<status status="PASS" starttime="20211210 12:03:13.080" endtime="20211210 12:03:13.080"/>
</kw>
<kw name="Set List Value" library="Collections">
<arg>${reference_number_list}</arg>
<arg>${i}</arg>
<arg>${final_reference_number}</arg>
<doc>Sets the value of ``list`` specified by ``index`` to the given ``value``.</doc>
<status status="PASS" starttime="20211210 12:03:13.080" endtime="20211210 12:03:13.080"/>
</kw>
<kw name="Log To Console" library="BuiltIn">
<arg>final number ${reference_number_list}[${i}]</arg>
<doc>Logs the given message to the console.</doc>
<status status="PASS" starttime="20211210 12:03:13.080" endtime="20211210 12:03:13.080"/>
</kw>
<status status="PASS" starttime="20211210 12:03:13.072" endtime="20211210 12:03:13.088"/>
</iter>
<iter>
<var name="${i}">7</var>
<kw name="Get From List" library="Collections">
<var>${reference_number}</var>
<arg>${reference_number_list}</arg>
<arg>${i}</arg>
<doc>Returns the value specified with an ``index`` from ``list``.</doc>
<msg timestamp="20211210 12:03:13.088" level="INFO">${reference_number} = RF68 1234 5678 9123 4567 8988</msg>
<status status="PASS" starttime="20211210 12:03:13.088" endtime="20211210 12:03:13.088"/>
</kw>
<kw name="Replace String" library="String">
<var>${updated_reference_number}</var>
<arg>${reference_number}</arg>
<arg>RF</arg>
<arg>2715</arg>
<doc>Replaces ``search_for`` in the given ``string`` with ``replace_with``.</doc>
<msg timestamp="20211210 12:03:13.088" level="INFO">${updated_reference_number} = 271568 1234 5678 9123 4567 8988</msg>
<status status="PASS" starttime="20211210 12:03:13.088" endtime="20211210 12:03:13.088"/>
</kw>
<kw name="Fetch From Left" library="String">
<var>${pre}</var>
<arg>${updated_reference_number}</arg>
<arg>${SPACE}</arg>
<doc>Returns contents of the ``string`` before the first occurrence of ``marker``.</doc>
<msg timestamp="20211210 12:03:13.088" level="INFO">${pre} = 271568</msg>
<status status="PASS" starttime="20211210 12:03:13.088" endtime="20211210 12:03:13.088"/>
</kw>
<kw name="Remove String" library="String">
<var>${updated_reference_number}</var>
<arg>${updated_reference_number}</arg>
<arg>${SPACE}</arg>
<doc>Removes all ``removables`` from the given ``string``.</doc>
<msg timestamp="20211210 12:03:13.088" level="INFO">${updated_reference_number} = 27156812345678912345678988</msg>
<status status="PASS" starttime="20211210 12:03:13.088" endtime="20211210 12:03:13.088"/>
</kw>
<kw name="Get Substring" library="String">
<var>${post}</var>
<arg>${updated_reference_number}</arg>
<arg>6</arg>
<doc>Returns a substring from ``start`` index to ``end`` index.</doc>
<msg timestamp="20211210 12:03:13.088" level="INFO">${post} = 12345678912345678988</msg>
<status status="PASS" starttime="20211210 12:03:13.088" endtime="20211210 12:03:13.088"/>
</kw>
<kw name="Catenate" library="BuiltIn">
<var>${final_reference_number}</var>
<arg>SEPARATOR=</arg>
<arg>${post}</arg>
<arg>${pre}</arg>
<doc>Catenates the given items together and returns the resulted string.</doc>
<msg timestamp="20211210 12:03:13.088" level="INFO">${final_reference_number} = 12345678912345678988271568</msg>
<status status="PASS" starttime="20211210 12:03:13.088" endtime="20211210 12:03:13.088"/>
</kw>
<kw name="Set List Value" library="Collections">
<arg>${reference_number_list}</arg>
<arg>${i}</arg>
<arg>${final_reference_number}</arg>
<doc>Sets the value of ``list`` specified by ``index`` to the given ``value``.</doc>
<status status="PASS" starttime="20211210 12:03:13.088" endtime="20211210 12:03:13.088"/>
</kw>
<kw name="Log To Console" library="BuiltIn">
<arg>final number ${reference_number_list}[${i}]</arg>
<doc>Logs the given message to the console.</doc>
<status status="PASS" starttime="20211210 12:03:13.088" endtime="20211210 12:03:13.096"/>
</kw>
<status status="PASS" starttime="20211210 12:03:13.088" endtime="20211210 12:03:13.096"/>
</iter>
<iter>
<var name="${i}">8</var>
<kw name="Get From List" library="Collections">
<var>${reference_number}</var>
<arg>${reference_number_list}</arg>
<arg>${i}</arg>
<doc>Returns the value specified with an ``index`` from ``list``.</doc>
<msg timestamp="20211210 12:03:13.096" level="INFO">${reference_number} = RF84 1234 5678 9123 4567 8991</msg>
<status status="PASS" starttime="20211210 12:03:13.096" endtime="20211210 12:03:13.096"/>
</kw>
<kw name="Replace String" library="String">
<var>${updated_reference_number}</var>
<arg>${reference_number}</arg>
<arg>RF</arg>
<arg>2715</arg>
<doc>Replaces ``search_for`` in the given ``string`` with ``replace_with``.</doc>
<msg timestamp="20211210 12:03:13.096" level="INFO">${updated_reference_number} = 271584 1234 5678 9123 4567 8991</msg>
<status status="PASS" starttime="20211210 12:03:13.096" endtime="20211210 12:03:13.096"/>
</kw>
<kw name="Fetch From Left" library="String">
<var>${pre}</var>
<arg>${updated_reference_number}</arg>
<arg>${SPACE}</arg>
<doc>Returns contents of the ``string`` before the first occurrence of ``marker``.</doc>
<msg timestamp="20211210 12:03:13.096" level="INFO">${pre} = 271584</msg>
<status status="PASS" starttime="20211210 12:03:13.096" endtime="20211210 12:03:13.096"/>
</kw>
<kw name="Remove String" library="String">
<var>${updated_reference_number}</var>
<arg>${updated_reference_number}</arg>
<arg>${SPACE}</arg>
<doc>Removes all ``removables`` from the given ``string``.</doc>
<msg timestamp="20211210 12:03:13.096" level="INFO">${updated_reference_number} = 27158412345678912345678991</msg>
<status status="PASS" starttime="20211210 12:03:13.096" endtime="20211210 12:03:13.096"/>
</kw>
<kw name="Get Substring" library="String">
<var>${post}</var>
<arg>${updated_reference_number}</arg>
<arg>6</arg>
<doc>Returns a substring from ``start`` index to ``end`` index.</doc>
<msg timestamp="20211210 12:03:13.096" level="INFO">${post} = 12345678912345678991</msg>
<status status="PASS" starttime="20211210 12:03:13.096" endtime="20211210 12:03:13.096"/>
</kw>
<kw name="Catenate" library="BuiltIn">
<var>${final_reference_number}</var>
<arg>SEPARATOR=</arg>
<arg>${post}</arg>
<arg>${pre}</arg>
<doc>Catenates the given items together and returns the resulted string.</doc>
<msg timestamp="20211210 12:03:13.096" level="INFO">${final_reference_number} = 12345678912345678991271584</msg>
<status status="PASS" starttime="20211210 12:03:13.096" endtime="20211210 12:03:13.104"/>
</kw>
<kw name="Set List Value" library="Collections">
<arg>${reference_number_list}</arg>
<arg>${i}</arg>
<arg>${final_reference_number}</arg>
<doc>Sets the value of ``list`` specified by ``index`` to the given ``value``.</doc>
<status status="PASS" starttime="20211210 12:03:13.104" endtime="20211210 12:03:13.104"/>
</kw>
<kw name="Log To Console" library="BuiltIn">
<arg>final number ${reference_number_list}[${i}]</arg>
<doc>Logs the given message to the console.</doc>
<status status="PASS" starttime="20211210 12:03:13.104" endtime="20211210 12:03:13.104"/>
</kw>
<status status="PASS" starttime="20211210 12:03:13.096" endtime="20211210 12:03:13.104"/>
</iter>
<iter>
<var name="${i}">9</var>
<kw name="Get From List" library="Collections">
<var>${reference_number}</var>
<arg>${reference_number_list}</arg>
<arg>${i}</arg>
<doc>Returns the value specified with an ``index`` from ``list``.</doc>
<msg timestamp="20211210 12:03:13.104" level="INFO">${reference_number} = RF35 1234 5678 9123 4567 9000</msg>
<status status="PASS" starttime="20211210 12:03:13.104" endtime="20211210 12:03:13.104"/>
</kw>
<kw name="Replace String" library="String">
<var>${updated_reference_number}</var>
<arg>${reference_number}</arg>
<arg>RF</arg>
<arg>2715</arg>
<doc>Replaces ``search_for`` in the given ``string`` with ``replace_with``.</doc>
<msg timestamp="20211210 12:03:13.104" level="INFO">${updated_reference_number} = 271535 1234 5678 9123 4567 9000</msg>
<status status="PASS" starttime="20211210 12:03:13.104" endtime="20211210 12:03:13.104"/>
</kw>
<kw name="Fetch From Left" library="String">
<var>${pre}</var>
<arg>${updated_reference_number}</arg>
<arg>${SPACE}</arg>
<doc>Returns contents of the ``string`` before the first occurrence of ``marker``.</doc>
<msg timestamp="20211210 12:03:13.104" level="INFO">${pre} = 271535</msg>
<status status="PASS" starttime="20211210 12:03:13.104" endtime="20211210 12:03:13.104"/>
</kw>
<kw name="Remove String" library="String">
<var>${updated_reference_number}</var>
<arg>${updated_reference_number}</arg>
<arg>${SPACE}</arg>
<doc>Removes all ``removables`` from the given ``string``.</doc>
<msg timestamp="20211210 12:03:13.104" level="INFO">${updated_reference_number} = 27153512345678912345679000</msg>
<status status="PASS" starttime="20211210 12:03:13.104" endtime="20211210 12:03:13.104"/>
</kw>
<kw name="Get Substring" library="String">
<var>${post}</var>
<arg>${updated_reference_number}</arg>
<arg>6</arg>
<doc>Returns a substring from ``start`` index to ``end`` index.</doc>
<msg timestamp="20211210 12:03:13.112" level="INFO">${post} = 12345678912345679000</msg>
<status status="PASS" starttime="20211210 12:03:13.104" endtime="20211210 12:03:13.112"/>
</kw>
<kw name="Catenate" library="BuiltIn">
<var>${final_reference_number}</var>
<arg>SEPARATOR=</arg>
<arg>${post}</arg>
<arg>${pre}</arg>
<doc>Catenates the given items together and returns the resulted string.</doc>
<msg timestamp="20211210 12:03:13.112" level="INFO">${final_reference_number} = 12345678912345679000271535</msg>
<status status="PASS" starttime="20211210 12:03:13.112" endtime="20211210 12:03:13.112"/>
</kw>
<kw name="Set List Value" library="Collections">
<arg>${reference_number_list}</arg>
<arg>${i}</arg>
<arg>${final_reference_number}</arg>
<doc>Sets the value of ``list`` specified by ``index`` to the given ``value``.</doc>
<status status="PASS" starttime="20211210 12:03:13.112" endtime="20211210 12:03:13.112"/>
</kw>
<kw name="Log To Console" library="BuiltIn">
<arg>final number ${reference_number_list}[${i}]</arg>
<doc>Logs the given message to the console.</doc>
<status status="PASS" starttime="20211210 12:03:13.112" endtime="20211210 12:03:13.112"/>
</kw>
<status status="PASS" starttime="20211210 12:03:13.104" endtime="20211210 12:03:13.112"/>
</iter>
<status status="PASS" starttime="20211210 12:03:13.016" endtime="20211210 12:03:13.112"/>
</for>
<status status="PASS" starttime="20211210 12:03:13.016" endtime="20211210 12:03:13.112"/>
</kw>
<kw name="Verify Reference Number from List" library="Resources">
<kw name="Get Length" library="BuiltIn">
<var>${get_lenght}</var>
<arg>${reference_number_list}</arg>
<doc>Returns and logs the length of the given item as an integer.</doc>
<msg timestamp="20211210 12:03:13.112" level="INFO">Length is 10</msg>
<msg timestamp="20211210 12:03:13.112" level="INFO">${get_lenght} = 10</msg>
<status status="PASS" starttime="20211210 12:03:13.112" endtime="20211210 12:03:13.112"/>
</kw>
<for flavor="IN RANGE">
<var>${i}</var>
<value>0</value>
<value>${get_lenght}</value>
<iter>
<var name="${i}">0</var>
<kw name="Get From List" library="Collections">
<var>${reference_number}</var>
<arg>${reference_number_list}</arg>
<arg>${i}</arg>
<doc>Returns the value specified with an ``index`` from ``list``.</doc>
<msg timestamp="20211210 12:03:13.112" level="INFO">${reference_number} = 12345678912345678917271545</msg>
<status status="PASS" starttime="20211210 12:03:13.112" endtime="20211210 12:03:13.112"/>
</kw>
<kw name="Evaluate" library="BuiltIn">
<var>${mod}</var>
<arg>${reference_number}%97</arg>
<doc>Evaluates the given expression in Python and returns the result.</doc>
<msg timestamp="20211210 12:03:13.112" level="INFO">${mod} = 1</msg>
<status status="PASS" starttime="20211210 12:03:13.112" endtime="20211210 12:03:13.112"/>
</kw>
<kw name="Convert To String" library="BuiltIn">
<var>${mod}</var>
<arg>${mod}</arg>
<doc>Converts the given item to a Unicode string.</doc>
<msg timestamp="20211210 12:03:13.112" level="INFO">${mod} = 1</msg>
<status status="PASS" starttime="20211210 12:03:13.112" endtime="20211210 12:03:13.112"/>
</kw>
<kw name="Should Be Equal" library="BuiltIn">
<arg>${mod}</arg>
<arg>1</arg>
<doc>Fails if the given objects are unequal.</doc>
<status status="PASS" starttime="20211210 12:03:13.112" endtime="20211210 12:03:13.120"/>
</kw>
<status status="PASS" starttime="20211210 12:03:13.112" endtime="20211210 12:03:13.120"/>
</iter>
<iter>
<var name="${i}">1</var>
<kw name="Get From List" library="Collections">
<var>${reference_number}</var>
<arg>${reference_number_list}</arg>
<arg>${i}</arg>
<doc>Returns the value specified with an ``index`` from ``list``.</doc>
<msg timestamp="20211210 12:03:13.120" level="INFO">${reference_number} = 12345678912345678920271561</msg>
<status status="PASS" starttime="20211210 12:03:13.120" endtime="20211210 12:03:13.120"/>
</kw>
<kw name="Evaluate" library="BuiltIn">
<var>${mod}</var>
<arg>${reference_number}%97</arg>
<doc>Evaluates the given expression in Python and returns the result.</doc>
<msg timestamp="20211210 12:03:13.120" level="INFO">${mod} = 1</msg>
<status status="PASS" starttime="20211210 12:03:13.120" endtime="20211210 12:03:13.120"/>
</kw>
<kw name="Convert To String" library="BuiltIn">
<var>${mod}</var>
<arg>${mod}</arg>
<doc>Converts the given item to a Unicode string.</doc>
<msg timestamp="20211210 12:03:13.120" level="INFO">${mod} = 1</msg>
<status status="PASS" starttime="20211210 12:03:13.120" endtime="20211210 12:03:13.120"/>
</kw>
<kw name="Should Be Equal" library="BuiltIn">
<arg>${mod}</arg>
<arg>1</arg>
<doc>Fails if the given objects are unequal.</doc>
<status status="PASS" starttime="20211210 12:03:13.120" endtime="20211210 12:03:13.120"/>
</kw>
<status status="PASS" starttime="20211210 12:03:13.120" endtime="20211210 12:03:13.120"/>
</iter>
<iter>
<var name="${i}">2</var>
<kw name="Get From List" library="Collections">
<var>${reference_number}</var>
<arg>${reference_number_list}</arg>
<arg>${i}</arg>
<doc>Returns the value specified with an ``index`` from ``list``.</doc>
<msg timestamp="20211210 12:03:13.120" level="INFO">${reference_number} = 12345678912345678933271598</msg>
<status status="PASS" starttime="20211210 12:03:13.120" endtime="20211210 12:03:13.120"/>
</kw>
<kw name="Evaluate" library="BuiltIn">
<var>${mod}</var>
<arg>${reference_number}%97</arg>
<doc>Evaluates the given expression in Python and returns the result.</doc>
<msg timestamp="20211210 12:03:13.120" level="INFO">${mod} = 1</msg>
<status status="PASS" starttime="20211210 12:03:13.120" endtime="20211210 12:03:13.120"/>
</kw>
<kw name="Convert To String" library="BuiltIn">
<var>${mod}</var>
<arg>${mod}</arg>
<doc>Converts the given item to a Unicode string.</doc>
<msg timestamp="20211210 12:03:13.120" level="INFO">${mod} = 1</msg>
<status status="PASS" starttime="20211210 12:03:13.120" endtime="20211210 12:03:13.120"/>
</kw>
<kw name="Should Be Equal" library="BuiltIn">
<arg>${mod}</arg>
<arg>1</arg>
<doc>Fails if the given objects are unequal.</doc>
<status status="PASS" starttime="20211210 12:03:13.120" endtime="20211210 12:03:13.120"/>
</kw>
<status status="PASS" starttime="20211210 12:03:13.120" endtime="20211210 12:03:13.120"/>
</iter>
<iter>
<var name="${i}">3</var>
<kw name="Get From List" library="Collections">
<var>${reference_number}</var>
<arg>${reference_number_list}</arg>
<arg>${i}</arg>
<doc>Returns the value specified with an ``index`` from ``list``.</doc>
<msg timestamp="20211210 12:03:13.128" level="INFO">${reference_number} = 12345678912345678946271538</msg>
<status status="PASS" starttime="20211210 12:03:13.128" endtime="20211210 12:03:13.128"/>
</kw>
<kw name="Evaluate" library="BuiltIn">
<var>${mod}</var>
<arg>${reference_number}%97</arg>
<doc>Evaluates the given expression in Python and returns the result.</doc>
<msg timestamp="20211210 12:03:13.128" level="INFO">${mod} = 1</msg>
<status status="PASS" starttime="20211210 12:03:13.128" endtime="20211210 12:03:13.128"/>
</kw>
<kw name="Convert To String" library="BuiltIn">
<var>${mod}</var>
<arg>${mod}</arg>
<doc>Converts the given item to a Unicode string.</doc>
<msg timestamp="20211210 12:03:13.128" level="INFO">${mod} = 1</msg>
<status status="PASS" starttime="20211210 12:03:13.128" endtime="20211210 12:03:13.128"/>
</kw>
<kw name="Should Be Equal" library="BuiltIn">
<arg>${mod}</arg>
<arg>1</arg>
<doc>Fails if the given objects are unequal.</doc>
<status status="PASS" starttime="20211210 12:03:13.128" endtime="20211210 12:03:13.128"/>
</kw>
<status status="PASS" starttime="20211210 12:03:13.120" endtime="20211210 12:03:13.128"/>
</iter>
<iter>
<var name="${i}">4</var>
<kw name="Get From List" library="Collections">
<var>${reference_number}</var>
<arg>${reference_number_list}</arg>
<arg>${i}</arg>
<doc>Returns the value specified with an ``index`` from ``list``.</doc>
<msg timestamp="20211210 12:03:13.128" level="INFO">${reference_number} = 12345678912345678959271575</msg>
<status status="PASS" starttime="20211210 12:03:13.128" endtime="20211210 12:03:13.128"/>
</kw>
<kw name="Evaluate" library="BuiltIn">
<var>${mod}</var>
<arg>${reference_number}%97</arg>
<doc>Evaluates the given expression in Python and returns the result.</doc>
<msg timestamp="20211210 12:03:13.128" level="INFO">${mod} = 1</msg>
<status status="PASS" starttime="20211210 12:03:13.128" endtime="20211210 12:03:13.128"/>
</kw>
<kw name="Convert To String" library="BuiltIn">
<var>${mod}</var>
<arg>${mod}</arg>
<doc>Converts the given item to a Unicode string.</doc>
<msg timestamp="20211210 12:03:13.128" level="INFO">${mod} = 1</msg>
<status status="PASS" starttime="20211210 12:03:13.128" endtime="20211210 12:03:13.128"/>
</kw>
<kw name="Should Be Equal" library="BuiltIn">
<arg>${mod}</arg>
<arg>1</arg>
<doc>Fails if the given objects are unequal.</doc>
<status status="PASS" starttime="20211210 12:03:13.128" endtime="20211210 12:03:13.128"/>
</kw>
<status status="PASS" starttime="20211210 12:03:13.128" endtime="20211210 12:03:13.128"/>
</iter>
<iter>
<var name="${i}">5</var>
<kw name="Get From List" library="Collections">
<var>${reference_number}</var>
<arg>${reference_number_list}</arg>
<arg>${i}</arg>
<doc>Returns the value specified with an ``index`` from ``list``.</doc>
<msg timestamp="20211210 12:03:13.128" level="INFO">${reference_number} = 12345678912345678962271591</msg>
<status status="PASS" starttime="20211210 12:03:13.128" endtime="20211210 12:03:13.128"/>
</kw>
<kw name="Evaluate" library="BuiltIn">
<var>${mod}</var>
<arg>${reference_number}%97</arg>
<doc>Evaluates the given expression in Python and returns the result.</doc>
<msg timestamp="20211210 12:03:13.128" level="INFO">${mod} = 1</msg>
<status status="PASS" starttime="20211210 12:03:13.128" endtime="20211210 12:03:13.128"/>
</kw>
<kw name="Convert To String" library="BuiltIn">
<var>${mod}</var>
<arg>${mod}</arg>
<doc>Converts the given item to a Unicode string.</doc>
<msg timestamp="20211210 12:03:13.128" level="INFO">${mod} = 1</msg>
<status status="PASS" starttime="20211210 12:03:13.128" endtime="20211210 12:03:13.128"/>
</kw>
<kw name="Should Be Equal" library="BuiltIn">
<arg>${mod}</arg>
<arg>1</arg>
<doc>Fails if the given objects are unequal.</doc>
<status status="PASS" starttime="20211210 12:03:13.128" endtime="20211210 12:03:13.128"/>
</kw>
<status status="PASS" starttime="20211210 12:03:13.128" endtime="20211210 12:03:13.136"/>
</iter>
<iter>
<var name="${i}">6</var>
<kw name="Get From List" library="Collections">
<var>${reference_number}</var>
<arg>${reference_number_list}</arg>
<arg>${i}</arg>
<doc>Returns the value specified with an ``index`` from ``list``.</doc>
<msg timestamp="20211210 12:03:13.136" level="INFO">${reference_number} = 12345678912345678975271531</msg>
<status status="PASS" starttime="20211210 12:03:13.136" endtime="20211210 12:03:13.136"/>
</kw>
<kw name="Evaluate" library="BuiltIn">
<var>${mod}</var>
<arg>${reference_number}%97</arg>
<doc>Evaluates the given expression in Python and returns the result.</doc>
<msg timestamp="20211210 12:03:13.136" level="INFO">${mod} = 1</msg>
<status status="PASS" starttime="20211210 12:03:13.136" endtime="20211210 12:03:13.136"/>
</kw>
<kw name="Convert To String" library="BuiltIn">
<var>${mod}</var>
<arg>${mod}</arg>
<doc>Converts the given item to a Unicode string.</doc>
<msg timestamp="20211210 12:03:13.136" level="INFO">${mod} = 1</msg>
<status status="PASS" starttime="20211210 12:03:13.136" endtime="20211210 12:03:13.136"/>
</kw>
<kw name="Should Be Equal" library="BuiltIn">
<arg>${mod}</arg>
<arg>1</arg>
<doc>Fails if the given objects are unequal.</doc>
<status status="PASS" starttime="20211210 12:03:13.136" endtime="20211210 12:03:13.136"/>
</kw>
<status status="PASS" starttime="20211210 12:03:13.136" endtime="20211210 12:03:13.136"/>
</iter>
<iter>
<var name="${i}">7</var>
<kw name="Get From List" library="Collections">
<var>${reference_number}</var>
<arg>${reference_number_list}</arg>
<arg>${i}</arg>
<doc>Returns the value specified with an ``index`` from ``list``.</doc>
<msg timestamp="20211210 12:03:13.144" level="INFO">${reference_number} = 12345678912345678988271568</msg>
<status status="PASS" starttime="20211210 12:03:13.136" endtime="20211210 12:03:13.144"/>
</kw>
<kw name="Evaluate" library="BuiltIn">
<var>${mod}</var>
<arg>${reference_number}%97</arg>
<doc>Evaluates the given expression in Python and returns the result.</doc>
<msg timestamp="20211210 12:03:13.144" level="INFO">${mod} = 1</msg>
<status status="PASS" starttime="20211210 12:03:13.144" endtime="20211210 12:03:13.144"/>
</kw>
<kw name="Convert To String" library="BuiltIn">
<var>${mod}</var>
<arg>${mod}</arg>
<doc>Converts the given item to a Unicode string.</doc>
<msg timestamp="20211210 12:03:13.144" level="INFO">${mod} = 1</msg>
<status status="PASS" starttime="20211210 12:03:13.144" endtime="20211210 12:03:13.144"/>
</kw>
<kw name="Should Be Equal" library="BuiltIn">
<arg>${mod}</arg>
<arg>1</arg>
<doc>Fails if the given objects are unequal.</doc>
<status status="PASS" starttime="20211210 12:03:13.144" endtime="20211210 12:03:13.144"/>
</kw>
<status status="PASS" starttime="20211210 12:03:13.136" endtime="20211210 12:03:13.144"/>
</iter>
<iter>
<var name="${i}">8</var>
<kw name="Get From List" library="Collections">
<var>${reference_number}</var>
<arg>${reference_number_list}</arg>
<arg>${i}</arg>
<doc>Returns the value specified with an ``index`` from ``list``.</doc>
<msg timestamp="20211210 12:03:13.144" level="INFO">${reference_number} = 12345678912345678991271584</msg>
<status status="PASS" starttime="20211210 12:03:13.144" endtime="20211210 12:03:13.144"/>
</kw>
<kw name="Evaluate" library="BuiltIn">
<var>${mod}</var>
<arg>${reference_number}%97</arg>
<doc>Evaluates the given expression in Python and returns the result.</doc>
<msg timestamp="20211210 12:03:13.144" level="INFO">${mod} = 1</msg>
<status status="PASS" starttime="20211210 12:03:13.144" endtime="20211210 12:03:13.144"/>
</kw>
<kw name="Convert To String" library="BuiltIn">
<var>${mod}</var>
<arg>${mod}</arg>
<doc>Converts the given item to a Unicode string.</doc>
<msg timestamp="20211210 12:03:13.144" level="INFO">${mod} = 1</msg>
<status status="PASS" starttime="20211210 12:03:13.144" endtime="20211210 12:03:13.144"/>
</kw>
<kw name="Should Be Equal" library="BuiltIn">
<arg>${mod}</arg>
<arg>1</arg>
<doc>Fails if the given objects are unequal.</doc>
<status status="PASS" starttime="20211210 12:03:13.144" endtime="20211210 12:03:13.144"/>
</kw>
<status status="PASS" starttime="20211210 12:03:13.144" endtime="20211210 12:03:13.144"/>
</iter>
<iter>
<var name="${i}">9</var>
<kw name="Get From List" library="Collections">
<var>${reference_number}</var>
<arg>${reference_number_list}</arg>
<arg>${i}</arg>
<doc>Returns the value specified with an ``index`` from ``list``.</doc>
<msg timestamp="20211210 12:03:13.144" level="INFO">${reference_number} = 12345678912345679000271535</msg>
<status status="PASS" starttime="20211210 12:03:13.144" endtime="20211210 12:03:13.144"/>
</kw>
<kw name="Evaluate" library="BuiltIn">
<var>${mod}</var>
<arg>${reference_number}%97</arg>
<doc>Evaluates the given expression in Python and returns the result.</doc>
<msg timestamp="20211210 12:03:13.144" level="INFO">${mod} = 1</msg>
<status status="PASS" starttime="20211210 12:03:13.144" endtime="20211210 12:03:13.144"/>
</kw>
<kw name="Convert To String" library="BuiltIn">
<var>${mod}</var>
<arg>${mod}</arg>
<doc>Converts the given item to a Unicode string.</doc>
<msg timestamp="20211210 12:03:13.144" level="INFO">${mod} = 1</msg>
<status status="PASS" starttime="20211210 12:03:13.144" endtime="20211210 12:03:13.144"/>
</kw>
<kw name="Should Be Equal" library="BuiltIn">
<arg>${mod}</arg>
<arg>1</arg>
<doc>Fails if the given objects are unequal.</doc>
<status status="PASS" starttime="20211210 12:03:13.144" endtime="20211210 12:03:13.144"/>
</kw>
<status status="PASS" starttime="20211210 12:03:13.144" endtime="20211210 12:03:13.144"/>
</iter>
<status status="PASS" starttime="20211210 12:03:13.112" endtime="20211210 12:03:13.144"/>
</for>
<status status="PASS" starttime="20211210 12:03:13.112" endtime="20211210 12:03:13.144"/>
</kw>
<status status="PASS" starttime="20211210 12:03:00.501" endtime="20211210 12:03:13.144"/>
</kw>
<kw name="Teardown" library="Resources" type="TEARDOWN">
<kw name="Sleep" library="BuiltIn">
<arg>5</arg>
<doc>Pauses the test executed for the given time.</doc>
<msg timestamp="20211210 12:03:18.234" level="INFO">Slept 5 seconds</msg>
<status status="PASS" starttime="20211210 12:03:13.152" endtime="20211210 12:03:18.234"/>
</kw>
<kw name="Close All Browsers" library="SeleniumLibrary">
<doc>Closes all open browsers and resets the browser cache.</doc>
<status status="PASS" starttime="20211210 12:03:18.234" endtime="20211210 12:03:20.666"/>
</kw>
<status status="PASS" starttime="20211210 12:03:13.152" endtime="20211210 12:03:20.666"/>
</kw>
<status status="PASS" starttime="20211210 12:02:52.088" endtime="20211210 12:03:20.666"/>
</test>
<test id="s1-t2" name="Implement Positive Scenerios">
<kw name="Open Browser and Setup" library="Resources" type="SETUP">
<kw name="Open Browser" library="SeleniumLibrary">
<arg>${url}</arg>
<arg>${browser}</arg>
<doc>Opens a new browser instance to the optional ``url``.</doc>
<msg timestamp="20211210 12:03:20.682" level="INFO">Opening browser 'Chrome' to base url 'https://www.aktia.fi/fi/yritysasiakkaat/viitenumerolaskuri'.</msg>
<status status="PASS" starttime="20211210 12:03:20.682" endtime="20211210 12:03:24.601"/>
</kw>
<kw name="Maximize Browser Window" library="SeleniumLibrary">
<doc>Maximizes current browser window.</doc>
<status status="PASS" starttime="20211210 12:03:24.601" endtime="20211210 12:03:24.793"/>
</kw>
<kw name="Set Selenium Implicit Wait" library="SeleniumLibrary">
<arg>${time_out}</arg>
<doc>Sets the implicit wait value used by Selenium.</doc>
<status status="PASS" starttime="20211210 12:03:24.793" endtime="20211210 12:03:24.809"/>
</kw>
<kw name="Click Element When Visible" library="Resources">
<arg>${accept_cookies}</arg>
<kw name="Wait Until Element Is Visible" library="SeleniumLibrary">
<arg>${argument_locater}</arg>
<arg>${time_out}</arg>
<doc>Waits until the element ``locator`` is visible.</doc>
<status status="PASS" starttime="20211210 12:03:24.809" endtime="20211210 12:03:25.804"/>
</kw>
<kw name="Run Keyword And Ignore Error" library="BuiltIn">
<arg>scroll element into view</arg>
<arg>${argument_locater}</arg>
<doc>Runs the given keyword with the given arguments and ignores possible error.</doc>
<kw name="Scroll Element Into View" library="SeleniumLibrary">
<arg>${argument_locater}</arg>
<doc>Scrolls the element identified by ``locator`` into view.</doc>
<status status="PASS" starttime="20211210 12:03:25.804" endtime="20211210 12:03:26.938"/>
</kw>
<status status="PASS" starttime="20211210 12:03:25.804" endtime="20211210 12:03:26.946"/>
</kw>
<kw name="Mouse Over" library="SeleniumLibrary">
<arg>${argument_locater}</arg>
<doc>Simulates hovering the mouse over the element ``locator``.</doc>
<msg timestamp="20211210 12:03:26.946" level="INFO">Simulating Mouse Over on element '//*[contains(text(),'Hyväksy kaikki evästeet')]'.</msg>
<status status="PASS" starttime="20211210 12:03:26.946" endtime="20211210 12:03:27.935"/>
</kw>
<kw name="Set Focus To Element" library="SeleniumLibrary">
<arg>${argument_locater}</arg>
<doc>Sets the focus to the element identified by ``locator``.</doc>
<status status="PASS" starttime="20211210 12:03:27.935" endtime="20211210 12:03:27.973"/>
</kw>
<kw name="Click Element" library="SeleniumLibrary">
<arg>${argument_locater}</arg>
<doc>Click the element identified by ``locator``.</doc>
<msg timestamp="20211210 12:03:27.973" level="INFO">Clicking element '//*[contains(text(),'Hyväksy kaikki evästeet')]'.</msg>
<status status="PASS" starttime="20211210 12:03:27.973" endtime="20211210 12:03:28.209"/>
</kw>
<status status="PASS" starttime="20211210 12:03:24.809" endtime="20211210 12:03:28.209"/>
</kw>
<kw name="Click Element If Visible" library="Resources">
<arg>${close_chatbox}</arg>
<kw name="Set Selenium Implicit Wait" library="SeleniumLibrary">
<arg>1</arg>
<doc>Sets the implicit wait value used by Selenium.</doc>
<status status="PASS" starttime="20211210 12:03:28.214" endtime="20211210 12:03:28.223"/>
</kw>
<kw name="Get Element Count" library="SeleniumLibrary">
<var>${count}</var>
<arg>${argument_element}</arg>
<doc>Returns the number of elements matching ``locator``.</doc>
<msg timestamp="20211210 12:03:29.517" level="INFO">${count} = 0</msg>
<status status="PASS" starttime="20211210 12:03:28.223" endtime="20211210 12:03:29.517"/>
</kw>
<if>
<branch type="IF" condition="${count} &gt; 0">
<kw name="Click Element" library="SeleniumLibrary">
<arg>${argument_element}</arg>
<doc>Click the element identified by ``locator``.</doc>
<status status="NOT RUN" starttime="20211210 12:03:29.517" endtime="20211210 12:03:29.517"/>
</kw>
<status status="NOT RUN" starttime="20211210 12:03:29.517" endtime="20211210 12:03:29.517"/>
</branch>
<status status="PASS" starttime="20211210 12:03:29.517" endtime="20211210 12:03:29.517"/>
</if>
<kw name="Set Selenium Implicit Wait" library="SeleniumLibrary">
<arg>${time_out}</arg>
<doc>Sets the implicit wait value used by Selenium.</doc>
<status status="PASS" starttime="20211210 12:03:29.517" endtime="20211210 12:03:29.517"/>
</kw>
<status status="PASS" starttime="20211210 12:03:28.209" endtime="20211210 12:03:29.517"/>
</kw>
<status status="PASS" starttime="20211210 12:03:20.682" endtime="20211210 12:03:29.517"/>
</kw>
<kw name="Verify Reference Number">
<arg>123456</arg>
<kw name="Provide Reference Number" library="Resources">
<arg>${base_number}</arg>
<kw name="Input Text" library="SeleniumLibrary">
<arg>${reference_number_base}</arg>
<arg>${base_number}</arg>
<doc>Types the given ``text`` into the text field identified by ``locator``.</doc>
<msg timestamp="20211210 12:03:29.533" level="INFO">Typing text '123456' into text field '//*[@name='referenceNumberBase']'.</msg>
<status status="PASS" starttime="20211210 12:03:29.533" endtime="20211210 12:03:31.840"/>
</kw>
<kw name="Select From List By Index" library="SeleniumLibrary">
<arg>${reference_number_dropdown}</arg>
<arg>2</arg>
<doc>Selects options from selection list ``locator`` by ``indexes``.</doc>
<msg timestamp="20211210 12:03:31.840" level="INFO">Selecting options from selection list '(//*[@class='input-group']/*)[2]' by index 2.</msg>
<status status="PASS" starttime="20211210 12:03:31.840" endtime="20211210 12:03:33.441"/>
</kw>
<kw name="Sleep" library="BuiltIn">
<arg>2</arg>
<doc>Pauses the test executed for the given time.</doc>
<msg timestamp="20211210 12:03:35.447" level="INFO">Slept 2 seconds</msg>
<status status="PASS" starttime="20211210 12:03:33.441" endtime="20211210 12:03:35.447"/>
</kw>
<kw name="Click Element If Visible" library="Resources">
<arg>${close_chatbox}</arg>
<kw name="Set Selenium Implicit Wait" library="SeleniumLibrary">
<arg>1</arg>
<doc>Sets the implicit wait value used by Selenium.</doc>
<status status="PASS" starttime="20211210 12:03:35.463" endtime="20211210 12:03:35.479"/>
</kw>
<kw name="Get Element Count" library="SeleniumLibrary">
<var>${count}</var>
<arg>${argument_element}</arg>
<doc>Returns the number of elements matching ``locator``.</doc>
<msg timestamp="20211210 12:03:36.673" level="INFO">${count} = 0</msg>
<status status="PASS" starttime="20211210 12:03:35.479" endtime="20211210 12:03:36.673"/>
</kw>
<if>
<branch type="IF" condition="${count} &gt; 0">
<kw name="Click Element" library="SeleniumLibrary">
<arg>${argument_element}</arg>
<doc>Click the element identified by ``locator``.</doc>
<status status="NOT RUN" starttime="20211210 12:03:36.673" endtime="20211210 12:03:36.673"/>
</kw>
<status status="NOT RUN" starttime="20211210 12:03:36.673" endtime="20211210 12:03:36.673"/>
</branch>
<status status="PASS" starttime="20211210 12:03:36.673" endtime="20211210 12:03:36.673"/>
</if>
<kw name="Set Selenium Implicit Wait" library="SeleniumLibrary">
<arg>${time_out}</arg>
<doc>Sets the implicit wait value used by Selenium.</doc>
<status status="PASS" starttime="20211210 12:03:36.673" endtime="20211210 12:03:36.688"/>
</kw>
<status status="PASS" starttime="20211210 12:03:35.447" endtime="20211210 12:03:36.688"/>
</kw>
<kw name="Click Element When Visible" library="Resources">
<arg>${kansainvalinen_viitenumero}</arg>
<kw name="Wait Until Element Is Visible" library="SeleniumLibrary">
<arg>${argument_locater}</arg>
<arg>${time_out}</arg>
<doc>Waits until the element ``locator`` is visible.</doc>
<status status="PASS" starttime="20211210 12:03:36.688" endtime="20211210 12:03:37.095"/>
</kw>
<kw name="Run Keyword And Ignore Error" library="BuiltIn">
<arg>scroll element into view</arg>
<arg>${argument_locater}</arg>
<doc>Runs the given keyword with the given arguments and ignores possible error.</doc>
<kw name="Scroll Element Into View" library="SeleniumLibrary">
<arg>${argument_locater}</arg>
<doc>Scrolls the element identified by ``locator`` into view.</doc>
<status status="PASS" starttime="20211210 12:03:37.103" endtime="20211210 12:03:37.659"/>
</kw>
[...]
<msg timestamp="20211210 12:06:26.784" level="INFO">${reference_number} = RF35 1234 5678 9123 4567 9000</msg>
<status status="PASS" starttime="20211210 12:06:26.784" endtime="20211210 12:06:26.784"/>
</kw>
<kw name="Replace String" library="String">
<var>${updated_reference_number}</var>
<arg>${reference_number}</arg>
<arg>RF</arg>
<arg>2715</arg>
<doc>Replaces ``search_for`` in the given ``string`` with ``replace_with``.</doc>
<msg timestamp="20211210 12:06:26.784" level="INFO">${updated_reference_number} = 271535 1234 5678 9123 4567 9000</msg>
<status status="PASS" starttime="20211210 12:06:26.784" endtime="20211210 12:06:26.784"/>
</kw>
<kw name="Fetch From Left" library="String">
<var>${pre}</var>
<arg>${updated_reference_number}</arg>
<arg>${SPACE}</arg>
<doc>Returns contents of the ``string`` before the first occurrence of ``marker``.</doc>
<msg timestamp="20211210 12:06:26.792" level="INFO">${pre} = 271535</msg>
<status status="PASS" starttime="20211210 12:06:26.784" endtime="20211210 12:06:26.792"/>
</kw>
<kw name="Remove String" library="String">
<var>${updated_reference_number}</var>
<arg>${updated_reference_number}</arg>
<arg>${SPACE}</arg>
<doc>Removes all ``removables`` from the given ``string``.</doc>
<msg timestamp="20211210 12:06:26.792" level="INFO">${updated_reference_number} = 27153512345678912345679000</msg>
<status status="PASS" starttime="20211210 12:06:26.792" endtime="20211210 12:06:26.792"/>
</kw>
<kw name="Get Substring" library="String">
<var>${post}</var>
<arg>${updated_reference_number}</arg>
<arg>6</arg>
<doc>Returns a substring from ``start`` index to ``end`` index.</doc>
<msg timestamp="20211210 12:06:26.792" level="INFO">${post} = 12345678912345679000</msg>
<status status="PASS" starttime="20211210 12:06:26.792" endtime="20211210 12:06:26.792"/>
</kw>
<kw name="Catenate" library="BuiltIn">
<var>${final_reference_number}</var>
<arg>SEPARATOR=</arg>
<arg>${post}</arg>
<arg>${pre}</arg>
<doc>Catenates the given items together and returns the resulted string.</doc>
<msg timestamp="20211210 12:06:26.792" level="INFO">${final_reference_number} = 12345678912345679000271535</msg>
<status status="PASS" starttime="20211210 12:06:26.792" endtime="20211210 12:06:26.792"/>
</kw>
<kw name="Set List Value" library="Collections">
<arg>${reference_number_list}</arg>
<arg>${i}</arg>
<arg>${final_reference_number}</arg>
<doc>Sets the value of ``list`` specified by ``index`` to the given ``value``.</doc>
<status status="PASS" starttime="20211210 12:06:26.800" endtime="20211210 12:06:26.800"/>
</kw>
<kw name="Log To Console" library="BuiltIn">
<arg>final number ${reference_number_list}[${i}]</arg>
<doc>Logs the given message to the console.</doc>
<status status="PASS" starttime="20211210 12:06:26.800" endtime="20211210 12:06:26.800"/>
</kw>
<status status="PASS" starttime="20211210 12:06:26.784" endtime="20211210 12:06:26.800"/>
</iter>
<status status="PASS" starttime="20211210 12:06:26.648" endtime="20211210 12:06:26.800"/>
</for>
<status status="PASS" starttime="20211210 12:06:26.648" endtime="20211210 12:06:26.800"/>
</kw>
<kw name="Verify Reference Number from List" library="Resources">
<kw name="Get Length" library="BuiltIn">
<var>${get_lenght}</var>
<arg>${reference_number_list}</arg>
<doc>Returns and logs the length of the given item as an integer.</doc>
<msg timestamp="20211210 12:06:26.800" level="INFO">Length is 10</msg>
<msg timestamp="20211210 12:06:26.800" level="INFO">${get_lenght} = 10</msg>
<status status="PASS" starttime="20211210 12:06:26.800" endtime="20211210 12:06:26.800"/>
</kw>
<for flavor="IN RANGE">
<var>${i}</var>
<value>0</value>
<value>${get_lenght}</value>
<iter>
<var name="${i}">0</var>
<kw name="Get From List" library="Collections">
<var>${reference_number}</var>
<arg>${reference_number_list}</arg>
<arg>${i}</arg>
<doc>Returns the value specified with an ``index`` from ``list``.</doc>
<msg timestamp="20211210 12:06:26.808" level="INFO">${reference_number} = 12345678912345678917271545</msg>
<status status="PASS" starttime="20211210 12:06:26.800" endtime="20211210 12:06:26.808"/>
</kw>
<kw name="Evaluate" library="BuiltIn">
<var>${mod}</var>
<arg>${reference_number}%97</arg>
<doc>Evaluates the given expression in Python and returns the result.</doc>
<msg timestamp="20211210 12:06:26.816" level="INFO">${mod} = 1</msg>
<status status="PASS" starttime="20211210 12:06:26.808" endtime="20211210 12:06:26.816"/>
</kw>
<kw name="Convert To String" library="BuiltIn">
<var>${mod}</var>
<arg>${mod}</arg>
<doc>Converts the given item to a Unicode string.</doc>
<msg timestamp="20211210 12:06:26.816" level="INFO">${mod} = 1</msg>
<status status="PASS" starttime="20211210 12:06:26.816" endtime="20211210 12:06:26.816"/>
</kw>
<kw name="Should Be Equal" library="BuiltIn">
<arg>${mod}</arg>
<arg>1</arg>
<doc>Fails if the given objects are unequal.</doc>
<status status="PASS" starttime="20211210 12:06:26.816" endtime="20211210 12:06:26.816"/>
</kw>
<status status="PASS" starttime="20211210 12:06:26.800" endtime="20211210 12:06:26.816"/>
</iter>
<iter>
<var name="${i}">1</var>
<kw name="Get From List" library="Collections">
<var>${reference_number}</var>
<arg>${reference_number_list}</arg>
<arg>${i}</arg>
<doc>Returns the value specified with an ``index`` from ``list``.</doc>
<msg timestamp="20211210 12:06:26.816" level="INFO">${reference_number} = 12345678912345678920271561</msg>
<status status="PASS" starttime="20211210 12:06:26.816" endtime="20211210 12:06:26.816"/>
</kw>
<kw name="Evaluate" library="BuiltIn">
<var>${mod}</var>
<arg>${reference_number}%97</arg>
<doc>Evaluates the given expression in Python and returns the result.</doc>
<msg timestamp="20211210 12:06:26.816" level="INFO">${mod} = 1</msg>
<status status="PASS" starttime="20211210 12:06:26.816" endtime="20211210 12:06:26.816"/>
</kw>
<kw name="Convert To String" library="BuiltIn">
<var>${mod}</var>
<arg>${mod}</arg>
<doc>Converts the given item to a Unicode string.</doc>
<msg timestamp="20211210 12:06:26.816" level="INFO">${mod} = 1</msg>
<status status="PASS" starttime="20211210 12:06:26.816" endtime="20211210 12:06:26.816"/>
</kw>
<kw name="Should Be Equal" library="BuiltIn">
<arg>${mod}</arg>
<arg>1</arg>
<doc>Fails if the given objects are unequal.</doc>
<status status="PASS" starttime="20211210 12:06:26.816" endtime="20211210 12:06:26.816"/>
</kw>
<status status="PASS" starttime="20211210 12:06:26.816" endtime="20211210 12:06:26.816"/>
</iter>
<iter>
<var name="${i}">2</var>
<kw name="Get From List" library="Collections">
<var>${reference_number}</var>
<arg>${reference_number_list}</arg>
<arg>${i}</arg>
<doc>Returns the value specified with an ``index`` from ``list``.</doc>
<msg timestamp="20211210 12:06:26.832" level="INFO">${reference_number} = 12345678912345678933271598</msg>
<status status="PASS" starttime="20211210 12:06:26.832" endtime="20211210 12:06:26.832"/>
</kw>
<kw name="Evaluate" library="BuiltIn">
<var>${mod}</var>
<arg>${reference_number}%97</arg>
<doc>Evaluates the given expression in Python and returns the result.</doc>
<msg timestamp="20211210 12:06:26.832" level="INFO">${mod} = 1</msg>
<status status="PASS" starttime="20211210 12:06:26.832" endtime="20211210 12:06:26.832"/>
</kw>
<kw name="Convert To String" library="BuiltIn">
<var>${mod}</var>
<arg>${mod}</arg>
<doc>Converts the given item to a Unicode string.</doc>
<msg timestamp="20211210 12:06:26.832" level="INFO">${mod} = 1</msg>
<status status="PASS" starttime="20211210 12:06:26.832" endtime="20211210 12:06:26.832"/>
</kw>
<kw name="Should Be Equal" library="BuiltIn">
<arg>${mod}</arg>
<arg>1</arg>
<doc>Fails if the given objects are unequal.</doc>
<status status="PASS" starttime="20211210 12:06:26.832" endtime="20211210 12:06:26.832"/>
</kw>
<status status="PASS" starttime="20211210 12:06:26.832" endtime="20211210 12:06:26.832"/>
</iter>
<iter>
<var name="${i}">3</var>
<kw name="Get From List" library="Collections">
<var>${reference_number}</var>
<arg>${reference_number_list}</arg>
<arg>${i}</arg>
<doc>Returns the value specified with an ``index`` from ``list``.</doc>
<msg timestamp="20211210 12:06:26.840" level="INFO">${reference_number} = 12345678912345678946271538</msg>
<status status="PASS" starttime="20211210 12:06:26.832" endtime="20211210 12:06:26.840"/>
</kw>
<kw name="Evaluate" library="BuiltIn">
<var>${mod}</var>
<arg>${reference_number}%97</arg>
<doc>Evaluates the given expression in Python and returns the result.</doc>
<msg timestamp="20211210 12:06:26.840" level="INFO">${mod} = 1</msg>
<status status="PASS" starttime="20211210 12:06:26.840" endtime="20211210 12:06:26.840"/>
</kw>
<kw name="Convert To String" library="BuiltIn">
<var>${mod}</var>
<arg>${mod}</arg>
<doc>Converts the given item to a Unicode string.</doc>
<msg timestamp="20211210 12:06:26.848" level="INFO">${mod} = 1</msg>
<status status="PASS" starttime="20211210 12:06:26.848" endtime="20211210 12:06:26.848"/>
</kw>
<kw name="Should Be Equal" library="BuiltIn">
<arg>${mod}</arg>
<arg>1</arg>
<doc>Fails if the given objects are unequal.</doc>
<status status="PASS" starttime="20211210 12:06:26.848" endtime="20211210 12:06:26.848"/>
</kw>
<status status="PASS" starttime="20211210 12:06:26.832" endtime="20211210 12:06:26.848"/>
</iter>
<iter>
<var name="${i}">4</var>
<kw name="Get From List" library="Collections">
<var>${reference_number}</var>
<arg>${reference_number_list}</arg>
<arg>${i}</arg>
<doc>Returns the value specified with an ``index`` from ``list``.</doc>
<msg timestamp="20211210 12:06:26.848" level="INFO">${reference_number} = 12345678912345678959271575</msg>
<status status="PASS" starttime="20211210 12:06:26.848" endtime="20211210 12:06:26.848"/>
</kw>
<kw name="Evaluate" library="BuiltIn">
<var>${mod}</var>
<arg>${reference_number}%97</arg>
<doc>Evaluates the given expression in Python and returns the result.</doc>
<msg timestamp="20211210 12:06:26.848" level="INFO">${mod} = 1</msg>
<status status="PASS" starttime="20211210 12:06:26.848" endtime="20211210 12:06:26.848"/>
</kw>
<kw name="Convert To String" library="BuiltIn">
<var>${mod}</var>
<arg>${mod}</arg>
<doc>Converts the given item to a Unicode string.</doc>
<msg timestamp="20211210 12:06:26.848" level="INFO">${mod} = 1</msg>
<status status="PASS" starttime="20211210 12:06:26.848" endtime="20211210 12:06:26.848"/>
</kw>
<kw name="Should Be Equal" library="BuiltIn">
<arg>${mod}</arg>
<arg>1</arg>
<doc>Fails if the given objects are unequal.</doc>
<status status="PASS" starttime="20211210 12:06:26.848" endtime="20211210 12:06:26.848"/>
</kw>
<status status="PASS" starttime="20211210 12:06:26.848" endtime="20211210 12:06:26.848"/>
</iter>
<iter>
<var name="${i}">5</var>
<kw name="Get From List" library="Collections">
<var>${reference_number}</var>
<arg>${reference_number_list}</arg>
<arg>${i}</arg>
<doc>Returns the value specified with an ``index`` from ``list``.</doc>
<msg timestamp="20211210 12:06:26.864" level="INFO">${reference_number} = 12345678912345678962271591</msg>
<status status="PASS" starttime="20211210 12:06:26.848" endtime="20211210 12:06:26.864"/>
</kw>
<kw name="Evaluate" library="BuiltIn">
<var>${mod}</var>
<arg>${reference_number}%97</arg>
<doc>Evaluates the given expression in Python and returns the result.</doc>
<msg timestamp="20211210 12:06:26.864" level="INFO">${mod} = 1</msg>
<status status="PASS" starttime="20211210 12:06:26.864" endtime="20211210 12:06:26.864"/>
</kw>
<kw name="Convert To String" library="BuiltIn">
<var>${mod}</var>
<arg>${mod}</arg>
<doc>Converts the given item to a Unicode string.</doc>
<msg timestamp="20211210 12:06:26.864" level="INFO">${mod} = 1</msg>
<status status="PASS" starttime="20211210 12:06:26.864" endtime="20211210 12:06:26.864"/>
</kw>
<kw name="Should Be Equal" library="BuiltIn">
<arg>${mod}</arg>
<arg>1</arg>
<doc>Fails if the given objects are unequal.</doc>
<status status="PASS" starttime="20211210 12:06:26.864" endtime="20211210 12:06:26.864"/>
</kw>
<status status="PASS" starttime="20211210 12:06:26.848" endtime="20211210 12:06:26.864"/>
</iter>
<iter>
<var name="${i}">6</var>
<kw name="Get From List" library="Collections">
<var>${reference_number}</var>
<arg>${reference_number_list}</arg>
<arg>${i}</arg>
<doc>Returns the value specified with an ``index`` from ``list``.</doc>
<msg timestamp="20211210 12:06:26.864" level="INFO">${reference_number} = 12345678912345678975271531</msg>
<status status="PASS" starttime="20211210 12:06:26.864" endtime="20211210 12:06:26.864"/>
</kw>
<kw name="Evaluate" library="BuiltIn">
<var>${mod}</var>
<arg>${reference_number}%97</arg>
<doc>Evaluates the given expression in Python and returns the result.</doc>
<msg timestamp="20211210 12:06:26.864" level="INFO">${mod} = 1</msg>
<status status="PASS" starttime="20211210 12:06:26.864" endtime="20211210 12:06:26.864"/>
</kw>
<kw name="Convert To String" library="BuiltIn">
<var>${mod}</var>
<arg>${mod}</arg>
<doc>Converts the given item to a Unicode string.</doc>
<msg timestamp="20211210 12:06:26.864" level="INFO">${mod} = 1</msg>
<status status="PASS" starttime="20211210 12:06:26.864" endtime="20211210 12:06:26.864"/>
</kw>
<kw name="Should Be Equal" library="BuiltIn">
<arg>${mod}</arg>
<arg>1</arg>
<doc>Fails if the given objects are unequal.</doc>
<status status="PASS" starttime="20211210 12:06:26.864" endtime="20211210 12:06:26.864"/>
</kw>
<status status="PASS" starttime="20211210 12:06:26.864" endtime="20211210 12:06:26.872"/>
</iter>
<iter>
<var name="${i}">7</var>
<kw name="Get From List" library="Collections">
<var>${reference_number}</var>
<arg>${reference_number_list}</arg>
<arg>${i}</arg>
<doc>Returns the value specified with an ``index`` from ``list``.</doc>
<msg timestamp="20211210 12:06:26.872" level="INFO">${reference_number} = 12345678912345678988271568</msg>
<status status="PASS" starttime="20211210 12:06:26.872" endtime="20211210 12:06:26.872"/>
</kw>
<kw name="Evaluate" library="BuiltIn">
<var>${mod}</var>
<arg>${reference_number}%97</arg>
<doc>Evaluates the given expression in Python and returns the result.</doc>
<msg timestamp="20211210 12:06:26.880" level="INFO">${mod} = 1</msg>
<status status="PASS" starttime="20211210 12:06:26.872" endtime="20211210 12:06:26.880"/>
</kw>
<kw name="Convert To String" library="BuiltIn">
<var>${mod}</var>
<arg>${mod}</arg>
<doc>Converts the given item to a Unicode string.</doc>
<msg timestamp="20211210 12:06:26.880" level="INFO">${mod} = 1</msg>
<status status="PASS" starttime="20211210 12:06:26.880" endtime="20211210 12:06:26.880"/>
</kw>
<kw name="Should Be Equal" library="BuiltIn">
<arg>${mod}</arg>
<arg>1</arg>
<doc>Fails if the given objects are unequal.</doc>
<status status="PASS" starttime="20211210 12:06:26.880" endtime="20211210 12:06:26.880"/>
</kw>
<status status="PASS" starttime="20211210 12:06:26.872" endtime="20211210 12:06:26.880"/>
</iter>
<iter>
<var name="${i}">8</var>
<kw name="Get From List" library="Collections">
<var>${reference_number}</var>
<arg>${reference_number_list}</arg>
<arg>${i}</arg>
<doc>Returns the value specified with an ``index`` from ``list``.</doc>
<msg timestamp="20211210 12:06:26.936" level="INFO">${reference_number} = 12345678912345678991271584</msg>
<status status="PASS" starttime="20211210 12:06:26.880" endtime="20211210 12:06:26.936"/>
</kw>
<kw name="Evaluate" library="BuiltIn">
<var>${mod}</var>
<arg>${reference_number}%97</arg>
<doc>Evaluates the given expression in Python and returns the result.</doc>
<msg timestamp="20211210 12:06:26.944" level="INFO">${mod} = 1</msg>
<status status="PASS" starttime="20211210 12:06:26.936" endtime="20211210 12:06:26.944"/>
</kw>
<kw name="Convert To String" library="BuiltIn">
<var>${mod}</var>
<arg>${mod}</arg>
<doc>Converts the given item to a Unicode string.</doc>
<msg timestamp="20211210 12:06:26.944" level="INFO">${mod} = 1</msg>
<status status="PASS" starttime="20211210 12:06:26.944" endtime="20211210 12:06:26.944"/>
</kw>
<kw name="Should Be Equal" library="BuiltIn">
<arg>${mod}</arg>
<arg>1</arg>
<doc>Fails if the given objects are unequal.</doc>
<status status="PASS" starttime="20211210 12:06:26.944" endtime="20211210 12:06:26.944"/>
</kw>
<status status="PASS" starttime="20211210 12:06:26.880" endtime="20211210 12:06:26.944"/>
</iter>
<iter>
<var name="${i}">9</var>
<kw name="Get From List" library="Collections">
<var>${reference_number}</var>
<arg>${reference_number_list}</arg>
<arg>${i}</arg>
<doc>Returns the value specified with an ``index`` from ``list``.</doc>
<msg timestamp="20211210 12:06:26.952" level="INFO">${reference_number} = 12345678912345679000271535</msg>
<status status="PASS" starttime="20211210 12:06:26.944" endtime="20211210 12:06:26.952"/>
</kw>
<kw name="Evaluate" library="BuiltIn">
<var>${mod}</var>
<arg>${reference_number}%97</arg>
<doc>Evaluates the given expression in Python and returns the result.</doc>
<msg timestamp="20211210 12:06:26.952" level="INFO">${mod} = 1</msg>
<status status="PASS" starttime="20211210 12:06:26.952" endtime="20211210 12:06:26.952"/>
</kw>
<kw name="Convert To String" library="BuiltIn">
<var>${mod}</var>
<arg>${mod}</arg>
<doc>Converts the given item to a Unicode string.</doc>
<msg timestamp="20211210 12:06:26.952" level="INFO">${mod} = 1</msg>
<status status="PASS" starttime="20211210 12:06:26.952" endtime="20211210 12:06:26.952"/>
</kw>
<kw name="Should Be Equal" library="BuiltIn">
<arg>${mod}</arg>
<arg>1</arg>
<doc>Fails if the given objects are unequal.</doc>
<status status="PASS" starttime="20211210 12:06:26.952" endtime="20211210 12:06:26.960"/>
</kw>
<status status="PASS" starttime="20211210 12:06:26.944" endtime="20211210 12:06:26.960"/>
</iter>
<status status="PASS" starttime="20211210 12:06:26.800" endtime="20211210 12:06:26.960"/>
</for>
<status status="PASS" starttime="20211210 12:06:26.800" endtime="20211210 12:06:26.960"/>
</kw>
<status status="PASS" starttime="20211210 12:06:13.649" endtime="20211210 12:06:26.960"/>
</kw>
<kw name="Teardown" library="Resources" type="TEARDOWN">
<kw name="Sleep" library="BuiltIn">
<arg>5</arg>
<doc>Pauses the test executed for the given time.</doc>
<msg timestamp="20211210 12:06:31.966" level="INFO">Slept 5 seconds</msg>
<status status="PASS" starttime="20211210 12:06:26.960" endtime="20211210 12:06:31.966"/>
</kw>
<kw name="Close All Browsers" library="SeleniumLibrary">
<doc>Closes all open browsers and resets the browser cache.</doc>
<status status="PASS" starttime="20211210 12:06:31.966" endtime="20211210 12:06:38.486"/>
</kw>
<status status="PASS" starttime="20211210 12:06:26.960" endtime="20211210 12:06:38.486"/>
</kw>
<status status="PASS" starttime="20211210 12:06:04.475" endtime="20211210 12:06:38.486"/>
</test>
<status status="PASS" starttime="20211210 12:02:49.840" endtime="20211210 12:06:38.502"/>
</suite>
<statistics>
<total>
<stat pass="7" fail="0" skip="0">All Tests</stat>
</total>
<tag>
</tag>
<suite>
<stat pass="7" fail="0" skip="0" id="s1" name="PositiveScenerios">PositiveScenerios</stat>
</suite>
</statistics>
<errors>
<msg timestamp="20211210 12:03:20.666" level="WARN">Multiple test cases with name 'Implement Positive Scenerios' executed in test suite 'PositiveScenerios'.</msg>
<msg timestamp="20211210 12:03:53.512" level="WARN">Multiple test cases with name 'Implement Positive Scenerios' executed in test suite 'PositiveScenerios'.</msg>
<msg timestamp="20211210 12:04:27.369" level="WARN">Multiple test cases with name 'Implement Positive Scenerios' executed in test suite 'PositiveScenerios'.</msg>
<msg timestamp="20211210 12:04:58.823" level="WARN">Multiple test cases with name 'Implement Positive Scenerios' executed in test suite 'PositiveScenerios'.</msg>
<msg timestamp="20211210 12:05:29.241" level="WARN">Multiple test cases with name 'Implement Positive Scenerios' executed in test suite 'PositiveScenerios'.</msg>
<msg timestamp="20211210 12:06:04.475" level="WARN">Multiple test cases with name 'Implement Positive Scenerios' executed in test suite 'PositiveScenerios'.</msg>
</errors>
</robot>
